<?xml version="1.0" encoding="UTF-8"?>
<robot generator="Robot 6.1.1 (Python 3.12.0 on win32)" generated="20231126 23:05:52.537" rpa="false" schemaversion="4">
<suite id="s1" name="Shoe Validations" source="C:\Kasi_python_moolya\robot_frame_work_aappium\tests\shoe_validations.robot">
<test id="s1-t1" name="Adding a shoe to the cart &amp; proceed to checkout page" line="6">
<kw name="Opening the general app application" library="common_operations" type="SETUP">
<kw name="Open Application" library="AppiumLibrary">
<arg>${Server}</arg>
<arg>devicename=${Device_name}</arg>
<arg>platformName=${Platform_name}</arg>
<arg>appPackage=${App_package}</arg>
<arg>appActivity=${App_activity}</arg>
<doc>Opens a new application to given Appium server.
Capabilities of appium server, Android and iOS,
Please check https://github.com/appium/appium/blob/master/docs/en/writing-running-appium/server-args.md
| *Option*            | *Man.* | *Description*     |
| remote_url          | Yes    | Appium server url |
| alias               | no     | alias             |
| strict_ssl          | No     | allows you to send commands to an invalid certificate host like a self-signed one. |</doc>
<status status="PASS" starttime="20231126 23:05:52.874" endtime="20231126 23:06:07.940"/>
</kw>
<status status="PASS" starttime="20231126 23:05:52.874" endtime="20231126 23:06:07.941"/>
</kw>
<kw name="Clicking country drop down" library="Gen_store_app_operations">
<kw name="Wait Until Page Contains Element" library="AppiumLibrary">
<arg>${county_drop_down}</arg>
<arg>15s</arg>
<doc>Waits until element specified with `locator` appears on current page.</doc>
<msg timestamp="20231126 23:06:12.764" level="INFO">criteria is android:id/text1
criteria is android:id/text1
criteria is android:id/text1
criteria is android:id/text1
criteria is android:id/text1
criteria is android:id/text1
criteria is android:id/text1
criteria is android:id/text1
criteria is android:id/text1</msg>
<status status="PASS" starttime="20231126 23:06:07.941" endtime="20231126 23:06:12.764"/>
</kw>
<kw name="Click Element" library="AppiumLibrary">
<arg>${county_drop_down}</arg>
<doc>Click element identified by `locator`.</doc>
<msg timestamp="20231126 23:06:12.768" level="INFO">Clicking element 'android:id/text1'.</msg>
<msg timestamp="20231126 23:06:12.859" level="INFO">criteria is android:id/text1</msg>
<status status="PASS" starttime="20231126 23:06:12.765" endtime="20231126 23:06:12.859"/>
</kw>
<status status="PASS" starttime="20231126 23:06:07.941" endtime="20231126 23:06:12.859"/>
</kw>
<kw name="Selecting desired country from the drop down" library="Gen_store_app_operations">
<kw name="Sleep" library="BuiltIn">
<arg>5s</arg>
<doc>Pauses the test executed for the given time.</doc>
<msg timestamp="20231126 23:06:17.861" level="INFO">Slept 5 seconds</msg>
<status status="PASS" starttime="20231126 23:06:12.861" endtime="20231126 23:06:17.861"/>
</kw>
<kw name="Evaluate" library="BuiltIn">
<var>${i}</var>
<arg>1</arg>
<doc>Evaluates the given expression in Python and returns the result.</doc>
<msg timestamp="20231126 23:06:17.861" level="INFO">${i} = 1</msg>
<status status="PASS" starttime="20231126 23:06:17.861" endtime="20231126 23:06:17.861"/>
</kw>
<while condition="${i}&gt;0">
<iter>
<kw name="Get Webelements" library="AppiumLibrary">
<var>${LIST_ELEMENTS}</var>
<arg>${country_items}</arg>
<doc>Returns list of [http://selenium-python.readthedocs.io/api.html#module-selenium.webdriver.remote.webelement|WebElement] objects matching ``locator``.</doc>
<msg timestamp="20231126 23:06:18.093" level="INFO">xpath criteria: //android.widget.TextView</msg>
<msg timestamp="20231126 23:06:18.093" level="INFO">${LIST_ELEMENTS} = [&lt;appium.webdriver.webelement.WebElement (session="ba7bb7fa-7ec5-41e7-a25c-994a5d7a2f50", element="1bdf11f8-8191-4815-9c2a-c915b3f1b8ab")&gt;, &lt;appium.webdriver.webelement.WebElement (session="ba7bb7fa-7...</msg>
<status status="PASS" starttime="20231126 23:06:17.862" endtime="20231126 23:06:18.093"/>
</kw>
<kw name="Get Length" library="BuiltIn">
<var>${LIST_LENGTH}</var>
<arg>${LIST_ELEMENTS}</arg>
<doc>Returns and logs the length of the given item as an integer.</doc>
<msg timestamp="20231126 23:06:18.093" level="INFO">Length is 9</msg>
<msg timestamp="20231126 23:06:18.093" level="INFO">${LIST_LENGTH} = 9</msg>
<status status="PASS" starttime="20231126 23:06:18.093" endtime="20231126 23:06:18.093"/>
</kw>
<for flavor="IN">
<var>${elem}</var>
<value>@{LIST_ELEMENTS}</value>
<iter>
<var name="${elem}">&lt;appium.webdriver.webelement.WebElement (session="ba7bb7fa-7ec5-41e7-a25c-994a5d7a2f50", element="1bdf11f8-8191-4815-9c2a-c915b3f1b8ab")&gt;</var>
<kw name="Get Element Attribute" library="AppiumLibrary">
<var>${country}</var>
<arg>${elem}</arg>
<arg>text</arg>
<doc>Get element attribute using given attribute: name, value,...</doc>
<msg timestamp="20231126 23:06:18.117" level="INFO">Element '&lt;appium.webdriver.webelement.WebElement (session="ba7bb7fa-7ec5-41e7-a25c-994a5d7a2f50", element="1bdf11f8-8191-4815-9c2a-c915b3f1b8ab")&gt;' attribute 'text' value 'Afghanistan' </msg>
<msg timestamp="20231126 23:06:18.117" level="INFO">${country} = Afghanistan</msg>
<status status="PASS" starttime="20231126 23:06:18.094" endtime="20231126 23:06:18.117"/>
</kw>
<if>
<branch type="IF" condition="&quot;${country}&quot; == ${country_name}">
<kw name="Click Element" library="AppiumLibrary">
<arg>${elem}</arg>
<doc>Click element identified by `locator`.</doc>
<status status="NOT RUN" starttime="20231126 23:06:18.118" endtime="20231126 23:06:18.118"/>
</kw>
<kw name="Evaluate" library="BuiltIn">
<var>${i}</var>
<arg>${i}-1</arg>
<doc>Evaluates the given expression in Python and returns the result.</doc>
<status status="NOT RUN" starttime="20231126 23:06:18.118" endtime="20231126 23:06:18.118"/>
</kw>
<break>
<status status="NOT RUN" starttime="20231126 23:06:18.118" endtime="20231126 23:06:18.118"/>
</break>
<status status="NOT RUN" starttime="20231126 23:06:18.117" endtime="20231126 23:06:18.118"/>
</branch>
<status status="PASS" starttime="20231126 23:06:18.117" endtime="20231126 23:06:18.118"/>
</if>
<status status="PASS" starttime="20231126 23:06:18.094" endtime="20231126 23:06:18.118"/>
</iter>
<iter>
<var name="${elem}">&lt;appium.webdriver.webelement.WebElement (session="ba7bb7fa-7ec5-41e7-a25c-994a5d7a2f50", element="ec5767a8-3a3c-4272-948f-bc1006bcea7d")&gt;</var>
<kw name="Get Element Attribute" library="AppiumLibrary">
<var>${country}</var>
<arg>${elem}</arg>
<arg>text</arg>
<doc>Get element attribute using given attribute: name, value,...</doc>
<msg timestamp="20231126 23:06:18.139" level="INFO">Element '&lt;appium.webdriver.webelement.WebElement (session="ba7bb7fa-7ec5-41e7-a25c-994a5d7a2f50", element="ec5767a8-3a3c-4272-948f-bc1006bcea7d")&gt;' attribute 'text' value 'Albania' </msg>
<msg timestamp="20231126 23:06:18.139" level="INFO">${country} = Albania</msg>
<status status="PASS" starttime="20231126 23:06:18.118" endtime="20231126 23:06:18.139"/>
</kw>
<if>
<branch type="IF" condition="&quot;${country}&quot; == ${country_name}">
<kw name="Click Element" library="AppiumLibrary">
<arg>${elem}</arg>
<doc>Click element identified by `locator`.</doc>
<status status="NOT RUN" starttime="20231126 23:06:18.140" endtime="20231126 23:06:18.140"/>
</kw>
<kw name="Evaluate" library="BuiltIn">
<var>${i}</var>
<arg>${i}-1</arg>
<doc>Evaluates the given expression in Python and returns the result.</doc>
<status status="NOT RUN" starttime="20231126 23:06:18.140" endtime="20231126 23:06:18.140"/>
</kw>
<break>
<status status="NOT RUN" starttime="20231126 23:06:18.140" endtime="20231126 23:06:18.140"/>
</break>
<status status="NOT RUN" starttime="20231126 23:06:18.139" endtime="20231126 23:06:18.140"/>
</branch>
<status status="PASS" starttime="20231126 23:06:18.139" endtime="20231126 23:06:18.140"/>
</if>
<status status="PASS" starttime="20231126 23:06:18.118" endtime="20231126 23:06:18.140"/>
</iter>
<iter>
<var name="${elem}">&lt;appium.webdriver.webelement.WebElement (session="ba7bb7fa-7ec5-41e7-a25c-994a5d7a2f50", element="fd1dcde3-c58a-47b0-93a8-36c9a6d17b89")&gt;</var>
<kw name="Get Element Attribute" library="AppiumLibrary">
<var>${country}</var>
<arg>${elem}</arg>
<arg>text</arg>
<doc>Get element attribute using given attribute: name, value,...</doc>
<msg timestamp="20231126 23:06:18.159" level="INFO">Element '&lt;appium.webdriver.webelement.WebElement (session="ba7bb7fa-7ec5-41e7-a25c-994a5d7a2f50", element="fd1dcde3-c58a-47b0-93a8-36c9a6d17b89")&gt;' attribute 'text' value 'Algeria' </msg>
<msg timestamp="20231126 23:06:18.159" level="INFO">${country} = Algeria</msg>
<status status="PASS" starttime="20231126 23:06:18.140" endtime="20231126 23:06:18.159"/>
</kw>
<if>
<branch type="IF" condition="&quot;${country}&quot; == ${country_name}">
<kw name="Click Element" library="AppiumLibrary">
<arg>${elem}</arg>
<doc>Click element identified by `locator`.</doc>
<status status="NOT RUN" starttime="20231126 23:06:18.159" endtime="20231126 23:06:18.159"/>
</kw>
<kw name="Evaluate" library="BuiltIn">
<var>${i}</var>
<arg>${i}-1</arg>
<doc>Evaluates the given expression in Python and returns the result.</doc>
<status status="NOT RUN" starttime="20231126 23:06:18.159" endtime="20231126 23:06:18.159"/>
</kw>
<break>
<status status="NOT RUN" starttime="20231126 23:06:18.159" endtime="20231126 23:06:18.159"/>
</break>
<status status="NOT RUN" starttime="20231126 23:06:18.159" endtime="20231126 23:06:18.159"/>
</branch>
<status status="PASS" starttime="20231126 23:06:18.159" endtime="20231126 23:06:18.159"/>
</if>
<status status="PASS" starttime="20231126 23:06:18.140" endtime="20231126 23:06:18.159"/>
</iter>
<iter>
<var name="${elem}">&lt;appium.webdriver.webelement.WebElement (session="ba7bb7fa-7ec5-41e7-a25c-994a5d7a2f50", element="352ee042-efc7-41be-9b77-b9101ec8e18c")&gt;</var>
<kw name="Get Element Attribute" library="AppiumLibrary">
<var>${country}</var>
<arg>${elem}</arg>
<arg>text</arg>
<doc>Get element attribute using given attribute: name, value,...</doc>
<msg timestamp="20231126 23:06:18.179" level="INFO">Element '&lt;appium.webdriver.webelement.WebElement (session="ba7bb7fa-7ec5-41e7-a25c-994a5d7a2f50", element="352ee042-efc7-41be-9b77-b9101ec8e18c")&gt;' attribute 'text' value 'American Samoa' </msg>
<msg timestamp="20231126 23:06:18.179" level="INFO">${country} = American Samoa</msg>
<status status="PASS" starttime="20231126 23:06:18.160" endtime="20231126 23:06:18.179"/>
</kw>
<if>
<branch type="IF" condition="&quot;${country}&quot; == ${country_name}">
<kw name="Click Element" library="AppiumLibrary">
<arg>${elem}</arg>
<doc>Click element identified by `locator`.</doc>
<status status="NOT RUN" starttime="20231126 23:06:18.180" endtime="20231126 23:06:18.180"/>
</kw>
<kw name="Evaluate" library="BuiltIn">
<var>${i}</var>
<arg>${i}-1</arg>
<doc>Evaluates the given expression in Python and returns the result.</doc>
<status status="NOT RUN" starttime="20231126 23:06:18.180" endtime="20231126 23:06:18.180"/>
</kw>
<break>
<status status="NOT RUN" starttime="20231126 23:06:18.180" endtime="20231126 23:06:18.180"/>
</break>
<status status="NOT RUN" starttime="20231126 23:06:18.179" endtime="20231126 23:06:18.180"/>
</branch>
<status status="PASS" starttime="20231126 23:06:18.179" endtime="20231126 23:06:18.180"/>
</if>
<status status="PASS" starttime="20231126 23:06:18.159" endtime="20231126 23:06:18.180"/>
</iter>
<iter>
<var name="${elem}">&lt;appium.webdriver.webelement.WebElement (session="ba7bb7fa-7ec5-41e7-a25c-994a5d7a2f50", element="247e29a1-74ea-458a-8d90-9cbc6891ac20")&gt;</var>
<kw name="Get Element Attribute" library="AppiumLibrary">
<var>${country}</var>
<arg>${elem}</arg>
<arg>text</arg>
<doc>Get element attribute using given attribute: name, value,...</doc>
<msg timestamp="20231126 23:06:18.200" level="INFO">Element '&lt;appium.webdriver.webelement.WebElement (session="ba7bb7fa-7ec5-41e7-a25c-994a5d7a2f50", element="247e29a1-74ea-458a-8d90-9cbc6891ac20")&gt;' attribute 'text' value 'Andorra' </msg>
<msg timestamp="20231126 23:06:18.200" level="INFO">${country} = Andorra</msg>
<status status="PASS" starttime="20231126 23:06:18.180" endtime="20231126 23:06:18.200"/>
</kw>
<if>
<branch type="IF" condition="&quot;${country}&quot; == ${country_name}">
<kw name="Click Element" library="AppiumLibrary">
<arg>${elem}</arg>
<doc>Click element identified by `locator`.</doc>
<status status="NOT RUN" starttime="20231126 23:06:18.200" endtime="20231126 23:06:18.200"/>
</kw>
<kw name="Evaluate" library="BuiltIn">
<var>${i}</var>
<arg>${i}-1</arg>
<doc>Evaluates the given expression in Python and returns the result.</doc>
<status status="NOT RUN" starttime="20231126 23:06:18.200" endtime="20231126 23:06:18.200"/>
</kw>
<break>
<status status="NOT RUN" starttime="20231126 23:06:18.200" endtime="20231126 23:06:18.200"/>
</break>
<status status="NOT RUN" starttime="20231126 23:06:18.200" endtime="20231126 23:06:18.201"/>
</branch>
<status status="PASS" starttime="20231126 23:06:18.200" endtime="20231126 23:06:18.201"/>
</if>
<status status="PASS" starttime="20231126 23:06:18.180" endtime="20231126 23:06:18.201"/>
</iter>
<iter>
<var name="${elem}">&lt;appium.webdriver.webelement.WebElement (session="ba7bb7fa-7ec5-41e7-a25c-994a5d7a2f50", element="6b6e7d2f-ff1d-4004-b169-87c9f00ea73b")&gt;</var>
<kw name="Get Element Attribute" library="AppiumLibrary">
<var>${country}</var>
<arg>${elem}</arg>
<arg>text</arg>
<doc>Get element attribute using given attribute: name, value,...</doc>
<msg timestamp="20231126 23:06:18.220" level="INFO">Element '&lt;appium.webdriver.webelement.WebElement (session="ba7bb7fa-7ec5-41e7-a25c-994a5d7a2f50", element="6b6e7d2f-ff1d-4004-b169-87c9f00ea73b")&gt;' attribute 'text' value 'Angola' </msg>
<msg timestamp="20231126 23:06:18.220" level="INFO">${country} = Angola</msg>
<status status="PASS" starttime="20231126 23:06:18.201" endtime="20231126 23:06:18.220"/>
</kw>
<if>
<branch type="IF" condition="&quot;${country}&quot; == ${country_name}">
<kw name="Click Element" library="AppiumLibrary">
<arg>${elem}</arg>
<doc>Click element identified by `locator`.</doc>
<status status="NOT RUN" starttime="20231126 23:06:18.220" endtime="20231126 23:06:18.220"/>
</kw>
<kw name="Evaluate" library="BuiltIn">
<var>${i}</var>
<arg>${i}-1</arg>
<doc>Evaluates the given expression in Python and returns the result.</doc>
<status status="NOT RUN" starttime="20231126 23:06:18.220" endtime="20231126 23:06:18.220"/>
</kw>
<break>
<status status="NOT RUN" starttime="20231126 23:06:18.220" endtime="20231126 23:06:18.220"/>
</break>
<status status="NOT RUN" starttime="20231126 23:06:18.220" endtime="20231126 23:06:18.220"/>
</branch>
<status status="PASS" starttime="20231126 23:06:18.220" endtime="20231126 23:06:18.220"/>
</if>
<status status="PASS" starttime="20231126 23:06:18.201" endtime="20231126 23:06:18.220"/>
</iter>
<iter>
<var name="${elem}">&lt;appium.webdriver.webelement.WebElement (session="ba7bb7fa-7ec5-41e7-a25c-994a5d7a2f50", element="843f3c96-0579-487c-b8dc-e639c3865dfb")&gt;</var>
<kw name="Get Element Attribute" library="AppiumLibrary">
<var>${country}</var>
<arg>${elem}</arg>
<arg>text</arg>
<doc>Get element attribute using given attribute: name, value,...</doc>
<msg timestamp="20231126 23:06:18.240" level="INFO">Element '&lt;appium.webdriver.webelement.WebElement (session="ba7bb7fa-7ec5-41e7-a25c-994a5d7a2f50", element="843f3c96-0579-487c-b8dc-e639c3865dfb")&gt;' attribute 'text' value 'Anguilla' </msg>
<msg timestamp="20231126 23:06:18.240" level="INFO">${country} = Anguilla</msg>
<status status="PASS" starttime="20231126 23:06:18.220" endtime="20231126 23:06:18.240"/>
</kw>
<if>
<branch type="IF" condition="&quot;${country}&quot; == ${country_name}">
<kw name="Click Element" library="AppiumLibrary">
<arg>${elem}</arg>
<doc>Click element identified by `locator`.</doc>
<status status="NOT RUN" starttime="20231126 23:06:18.240" endtime="20231126 23:06:18.240"/>
</kw>
<kw name="Evaluate" library="BuiltIn">
<var>${i}</var>
<arg>${i}-1</arg>
<doc>Evaluates the given expression in Python and returns the result.</doc>
<status status="NOT RUN" starttime="20231126 23:06:18.240" endtime="20231126 23:06:18.240"/>
</kw>
<break>
<status status="NOT RUN" starttime="20231126 23:06:18.241" endtime="20231126 23:06:18.241"/>
</break>
<status status="NOT RUN" starttime="20231126 23:06:18.240" endtime="20231126 23:06:18.241"/>
</branch>
<status status="PASS" starttime="20231126 23:06:18.240" endtime="20231126 23:06:18.241"/>
</if>
<status status="PASS" starttime="20231126 23:06:18.220" endtime="20231126 23:06:18.241"/>
</iter>
<iter>
<var name="${elem}">&lt;appium.webdriver.webelement.WebElement (session="ba7bb7fa-7ec5-41e7-a25c-994a5d7a2f50", element="9d8de9c4-8268-4113-94ed-4d57b38fa175")&gt;</var>
<kw name="Get Element Attribute" library="AppiumLibrary">
<var>${country}</var>
<arg>${elem}</arg>
<arg>text</arg>
<doc>Get element attribute using given attribute: name, value,...</doc>
<msg timestamp="20231126 23:06:18.262" level="INFO">Element '&lt;appium.webdriver.webelement.WebElement (session="ba7bb7fa-7ec5-41e7-a25c-994a5d7a2f50", element="9d8de9c4-8268-4113-94ed-4d57b38fa175")&gt;' attribute 'text' value 'Antarctica' </msg>
<msg timestamp="20231126 23:06:18.262" level="INFO">${country} = Antarctica</msg>
<status status="PASS" starttime="20231126 23:06:18.241" endtime="20231126 23:06:18.262"/>
</kw>
<if>
<branch type="IF" condition="&quot;${country}&quot; == ${country_name}">
<kw name="Click Element" library="AppiumLibrary">
<arg>${elem}</arg>
<doc>Click element identified by `locator`.</doc>
<status status="NOT RUN" starttime="20231126 23:06:18.263" endtime="20231126 23:06:18.263"/>
</kw>
<kw name="Evaluate" library="BuiltIn">
<var>${i}</var>
<arg>${i}-1</arg>
<doc>Evaluates the given expression in Python and returns the result.</doc>
<status status="NOT RUN" starttime="20231126 23:06:18.263" endtime="20231126 23:06:18.263"/>
</kw>
<break>
<status status="NOT RUN" starttime="20231126 23:06:18.263" endtime="20231126 23:06:18.263"/>
</break>
<status status="NOT RUN" starttime="20231126 23:06:18.263" endtime="20231126 23:06:18.264"/>
</branch>
<status status="PASS" starttime="20231126 23:06:18.263" endtime="20231126 23:06:18.264"/>
</if>
<status status="PASS" starttime="20231126 23:06:18.241" endtime="20231126 23:06:18.264"/>
</iter>
<iter>
<var name="${elem}">&lt;appium.webdriver.webelement.WebElement (session="ba7bb7fa-7ec5-41e7-a25c-994a5d7a2f50", element="8e6ca97e-d6dd-4406-a8ed-43fb5995a4cc")&gt;</var>
<kw name="Get Element Attribute" library="AppiumLibrary">
<var>${country}</var>
<arg>${elem}</arg>
<arg>text</arg>
<doc>Get element attribute using given attribute: name, value,...</doc>
<msg timestamp="20231126 23:06:18.286" level="INFO">Element '&lt;appium.webdriver.webelement.WebElement (session="ba7bb7fa-7ec5-41e7-a25c-994a5d7a2f50", element="8e6ca97e-d6dd-4406-a8ed-43fb5995a4cc")&gt;' attribute 'text' value 'Antigua and Barbuda' </msg>
<msg timestamp="20231126 23:06:18.286" level="INFO">${country} = Antigua and Barbuda</msg>
<status status="PASS" starttime="20231126 23:06:18.264" endtime="20231126 23:06:18.286"/>
</kw>
<if>
<branch type="IF" condition="&quot;${country}&quot; == ${country_name}">
<kw name="Click Element" library="AppiumLibrary">
<arg>${elem}</arg>
<doc>Click element identified by `locator`.</doc>
<status status="NOT RUN" starttime="20231126 23:06:18.286" endtime="20231126 23:06:18.286"/>
</kw>
<kw name="Evaluate" library="BuiltIn">
<var>${i}</var>
<arg>${i}-1</arg>
<doc>Evaluates the given expression in Python and returns the result.</doc>
<status status="NOT RUN" starttime="20231126 23:06:18.287" endtime="20231126 23:06:18.287"/>
</kw>
<break>
<status status="NOT RUN" starttime="20231126 23:06:18.287" endtime="20231126 23:06:18.287"/>
</break>
<status status="NOT RUN" starttime="20231126 23:06:18.286" endtime="20231126 23:06:18.287"/>
</branch>
<status status="PASS" starttime="20231126 23:06:18.286" endtime="20231126 23:06:18.287"/>
</if>
<status status="PASS" starttime="20231126 23:06:18.264" endtime="20231126 23:06:18.287"/>
</iter>
<status status="PASS" starttime="20231126 23:06:18.093" endtime="20231126 23:06:18.287"/>
</for>
<kw name="Swipe" library="AppiumLibrary">
<arg>789</arg>
<arg>2088</arg>
<arg>178</arg>
<arg>595</arg>
<arg>500</arg>
<doc>Swipe from one point to another point, for an optional duration.</doc>
<status status="PASS" starttime="20231126 23:06:18.287" endtime="20231126 23:06:20.381"/>
</kw>
<status status="PASS" starttime="20231126 23:06:17.861" endtime="20231126 23:06:20.381"/>
</iter>
<iter>
<kw name="Get Webelements" library="AppiumLibrary">
<var>${LIST_ELEMENTS}</var>
<arg>${country_items}</arg>
<doc>Returns list of [http://selenium-python.readthedocs.io/api.html#module-selenium.webdriver.remote.webelement|WebElement] objects matching ``locator``.</doc>
<msg timestamp="20231126 23:06:21.326" level="INFO">xpath criteria: //android.widget.TextView</msg>
<msg timestamp="20231126 23:06:21.327" level="INFO">${LIST_ELEMENTS} = [&lt;appium.webdriver.webelement.WebElement (session="ba7bb7fa-7ec5-41e7-a25c-994a5d7a2f50", element="c104dece-dd92-4425-a0ad-532b12d2962e")&gt;, &lt;appium.webdriver.webelement.WebElement (session="ba7bb7fa-7...</msg>
<status status="PASS" starttime="20231126 23:06:20.381" endtime="20231126 23:06:21.327"/>
</kw>
<kw name="Get Length" library="BuiltIn">
<var>${LIST_LENGTH}</var>
<arg>${LIST_ELEMENTS}</arg>
<doc>Returns and logs the length of the given item as an integer.</doc>
<msg timestamp="20231126 23:06:21.327" level="INFO">Length is 10</msg>
<msg timestamp="20231126 23:06:21.327" level="INFO">${LIST_LENGTH} = 10</msg>
<status status="PASS" starttime="20231126 23:06:21.327" endtime="20231126 23:06:21.327"/>
</kw>
<for flavor="IN">
<var>${elem}</var>
<value>@{LIST_ELEMENTS}</value>
<iter>
<var name="${elem}">&lt;appium.webdriver.webelement.WebElement (session="ba7bb7fa-7ec5-41e7-a25c-994a5d7a2f50", element="c104dece-dd92-4425-a0ad-532b12d2962e")&gt;</var>
<kw name="Get Element Attribute" library="AppiumLibrary">
<var>${country}</var>
<arg>${elem}</arg>
<arg>text</arg>
<doc>Get element attribute using given attribute: name, value,...</doc>
<msg timestamp="20231126 23:06:21.349" level="INFO">Element '&lt;appium.webdriver.webelement.WebElement (session="ba7bb7fa-7ec5-41e7-a25c-994a5d7a2f50", element="c104dece-dd92-4425-a0ad-532b12d2962e")&gt;' attribute 'text' value 'Antigua and Barbuda' </msg>
<msg timestamp="20231126 23:06:21.349" level="INFO">${country} = Antigua and Barbuda</msg>
<status status="PASS" starttime="20231126 23:06:21.327" endtime="20231126 23:06:21.349"/>
</kw>
<if>
<branch type="IF" condition="&quot;${country}&quot; == ${country_name}">
<kw name="Click Element" library="AppiumLibrary">
<arg>${elem}</arg>
<doc>Click element identified by `locator`.</doc>
<status status="NOT RUN" starttime="20231126 23:06:21.350" endtime="20231126 23:06:21.350"/>
</kw>
<kw name="Evaluate" library="BuiltIn">
<var>${i}</var>
<arg>${i}-1</arg>
<doc>Evaluates the given expression in Python and returns the result.</doc>
<status status="NOT RUN" starttime="20231126 23:06:21.350" endtime="20231126 23:06:21.350"/>
</kw>
<break>
<status status="NOT RUN" starttime="20231126 23:06:21.350" endtime="20231126 23:06:21.350"/>
</break>
<status status="NOT RUN" starttime="20231126 23:06:21.349" endtime="20231126 23:06:21.350"/>
</branch>
<status status="PASS" starttime="20231126 23:06:21.349" endtime="20231126 23:06:21.350"/>
</if>
<status status="PASS" starttime="20231126 23:06:21.327" endtime="20231126 23:06:21.350"/>
</iter>
<iter>
<var name="${elem}">&lt;appium.webdriver.webelement.WebElement (session="ba7bb7fa-7ec5-41e7-a25c-994a5d7a2f50", element="30fbc622-7f3f-449c-b5a8-98fd160ec1e9")&gt;</var>
<kw name="Get Element Attribute" library="AppiumLibrary">
<var>${country}</var>
<arg>${elem}</arg>
<arg>text</arg>
<doc>Get element attribute using given attribute: name, value,...</doc>
<msg timestamp="20231126 23:06:21.374" level="INFO">Element '&lt;appium.webdriver.webelement.WebElement (session="ba7bb7fa-7ec5-41e7-a25c-994a5d7a2f50", element="30fbc622-7f3f-449c-b5a8-98fd160ec1e9")&gt;' attribute 'text' value 'Argentina' </msg>
<msg timestamp="20231126 23:06:21.374" level="INFO">${country} = Argentina</msg>
<status status="PASS" starttime="20231126 23:06:21.350" endtime="20231126 23:06:21.374"/>
</kw>
<if>
<branch type="IF" condition="&quot;${country}&quot; == ${country_name}">
<kw name="Click Element" library="AppiumLibrary">
<arg>${elem}</arg>
<doc>Click element identified by `locator`.</doc>
<status status="NOT RUN" starttime="20231126 23:06:21.375" endtime="20231126 23:06:21.375"/>
</kw>
<kw name="Evaluate" library="BuiltIn">
<var>${i}</var>
<arg>${i}-1</arg>
<doc>Evaluates the given expression in Python and returns the result.</doc>
<status status="NOT RUN" starttime="20231126 23:06:21.375" endtime="20231126 23:06:21.375"/>
</kw>
<break>
<status status="NOT RUN" starttime="20231126 23:06:21.375" endtime="20231126 23:06:21.375"/>
</break>
<status status="NOT RUN" starttime="20231126 23:06:21.374" endtime="20231126 23:06:21.375"/>
</branch>
<status status="PASS" starttime="20231126 23:06:21.374" endtime="20231126 23:06:21.375"/>
</if>
<status status="PASS" starttime="20231126 23:06:21.350" endtime="20231126 23:06:21.375"/>
</iter>
<iter>
<var name="${elem}">&lt;appium.webdriver.webelement.WebElement (session="ba7bb7fa-7ec5-41e7-a25c-994a5d7a2f50", element="36ae8595-bc48-491c-bc7a-6807fd26fe0a")&gt;</var>
<kw name="Get Element Attribute" library="AppiumLibrary">
<var>${country}</var>
<arg>${elem}</arg>
<arg>text</arg>
<doc>Get element attribute using given attribute: name, value,...</doc>
<msg timestamp="20231126 23:06:21.396" level="INFO">Element '&lt;appium.webdriver.webelement.WebElement (session="ba7bb7fa-7ec5-41e7-a25c-994a5d7a2f50", element="36ae8595-bc48-491c-bc7a-6807fd26fe0a")&gt;' attribute 'text' value 'Armenia' </msg>
<msg timestamp="20231126 23:06:21.396" level="INFO">${country} = Armenia</msg>
<status status="PASS" starttime="20231126 23:06:21.375" endtime="20231126 23:06:21.396"/>
</kw>
<if>
<branch type="IF" condition="&quot;${country}&quot; == ${country_name}">
<kw name="Click Element" library="AppiumLibrary">
<arg>${elem}</arg>
<doc>Click element identified by `locator`.</doc>
<status status="NOT RUN" starttime="20231126 23:06:21.397" endtime="20231126 23:06:21.397"/>
</kw>
<kw name="Evaluate" library="BuiltIn">
<var>${i}</var>
<arg>${i}-1</arg>
<doc>Evaluates the given expression in Python and returns the result.</doc>
<status status="NOT RUN" starttime="20231126 23:06:21.397" endtime="20231126 23:06:21.397"/>
</kw>
<break>
<status status="NOT RUN" starttime="20231126 23:06:21.397" endtime="20231126 23:06:21.397"/>
</break>
<status status="NOT RUN" starttime="20231126 23:06:21.397" endtime="20231126 23:06:21.397"/>
</branch>
<status status="PASS" starttime="20231126 23:06:21.396" endtime="20231126 23:06:21.397"/>
</if>
<status status="PASS" starttime="20231126 23:06:21.375" endtime="20231126 23:06:21.397"/>
</iter>
<iter>
<var name="${elem}">&lt;appium.webdriver.webelement.WebElement (session="ba7bb7fa-7ec5-41e7-a25c-994a5d7a2f50", element="71f8e939-9049-458a-be42-ad165ee579f4")&gt;</var>
<kw name="Get Element Attribute" library="AppiumLibrary">
<var>${country}</var>
<arg>${elem}</arg>
<arg>text</arg>
<doc>Get element attribute using given attribute: name, value,...</doc>
<msg timestamp="20231126 23:06:21.418" level="INFO">Element '&lt;appium.webdriver.webelement.WebElement (session="ba7bb7fa-7ec5-41e7-a25c-994a5d7a2f50", element="71f8e939-9049-458a-be42-ad165ee579f4")&gt;' attribute 'text' value 'Aruba' </msg>
<msg timestamp="20231126 23:06:21.418" level="INFO">${country} = Aruba</msg>
<status status="PASS" starttime="20231126 23:06:21.397" endtime="20231126 23:06:21.418"/>
</kw>
<if>
<branch type="IF" condition="&quot;${country}&quot; == ${country_name}">
<kw name="Click Element" library="AppiumLibrary">
<arg>${elem}</arg>
<doc>Click element identified by `locator`.</doc>
<status status="NOT RUN" starttime="20231126 23:06:21.419" endtime="20231126 23:06:21.419"/>
</kw>
<kw name="Evaluate" library="BuiltIn">
<var>${i}</var>
<arg>${i}-1</arg>
<doc>Evaluates the given expression in Python and returns the result.</doc>
<status status="NOT RUN" starttime="20231126 23:06:21.419" endtime="20231126 23:06:21.419"/>
</kw>
<break>
<status status="NOT RUN" starttime="20231126 23:06:21.419" endtime="20231126 23:06:21.419"/>
</break>
<status status="NOT RUN" starttime="20231126 23:06:21.418" endtime="20231126 23:06:21.419"/>
</branch>
<status status="PASS" starttime="20231126 23:06:21.418" endtime="20231126 23:06:21.419"/>
</if>
<status status="PASS" starttime="20231126 23:06:21.397" endtime="20231126 23:06:21.419"/>
</iter>
<iter>
<var name="${elem}">&lt;appium.webdriver.webelement.WebElement (session="ba7bb7fa-7ec5-41e7-a25c-994a5d7a2f50", element="22119227-1e86-4624-b775-03506147ce6e")&gt;</var>
<kw name="Get Element Attribute" library="AppiumLibrary">
<var>${country}</var>
<arg>${elem}</arg>
<arg>text</arg>
<doc>Get element attribute using given attribute: name, value,...</doc>
<msg timestamp="20231126 23:06:21.439" level="INFO">Element '&lt;appium.webdriver.webelement.WebElement (session="ba7bb7fa-7ec5-41e7-a25c-994a5d7a2f50", element="22119227-1e86-4624-b775-03506147ce6e")&gt;' attribute 'text' value 'Australia' </msg>
<msg timestamp="20231126 23:06:21.439" level="INFO">${country} = Australia</msg>
<status status="PASS" starttime="20231126 23:06:21.419" endtime="20231126 23:06:21.439"/>
</kw>
<if>
<branch type="IF" condition="&quot;${country}&quot; == ${country_name}">
<kw name="Click Element" library="AppiumLibrary">
<arg>${elem}</arg>
<doc>Click element identified by `locator`.</doc>
<status status="NOT RUN" starttime="20231126 23:06:21.439" endtime="20231126 23:06:21.439"/>
</kw>
<kw name="Evaluate" library="BuiltIn">
<var>${i}</var>
<arg>${i}-1</arg>
<doc>Evaluates the given expression in Python and returns the result.</doc>
<status status="NOT RUN" starttime="20231126 23:06:21.440" endtime="20231126 23:06:21.440"/>
</kw>
<break>
<status status="NOT RUN" starttime="20231126 23:06:21.440" endtime="20231126 23:06:21.440"/>
</break>
<status status="NOT RUN" starttime="20231126 23:06:21.439" endtime="20231126 23:06:21.440"/>
</branch>
<status status="PASS" starttime="20231126 23:06:21.439" endtime="20231126 23:06:21.440"/>
</if>
<status status="PASS" starttime="20231126 23:06:21.419" endtime="20231126 23:06:21.440"/>
</iter>
<iter>
<var name="${elem}">&lt;appium.webdriver.webelement.WebElement (session="ba7bb7fa-7ec5-41e7-a25c-994a5d7a2f50", element="778d59c6-a56b-46c0-9c9a-dcb16c773444")&gt;</var>
<kw name="Get Element Attribute" library="AppiumLibrary">
<var>${country}</var>
<arg>${elem}</arg>
<arg>text</arg>
<doc>Get element attribute using given attribute: name, value,...</doc>
<msg timestamp="20231126 23:06:21.461" level="INFO">Element '&lt;appium.webdriver.webelement.WebElement (session="ba7bb7fa-7ec5-41e7-a25c-994a5d7a2f50", element="778d59c6-a56b-46c0-9c9a-dcb16c773444")&gt;' attribute 'text' value 'Austria' </msg>
<msg timestamp="20231126 23:06:21.461" level="INFO">${country} = Austria</msg>
<status status="PASS" starttime="20231126 23:06:21.440" endtime="20231126 23:06:21.461"/>
</kw>
<if>
<branch type="IF" condition="&quot;${country}&quot; == ${country_name}">
<kw name="Click Element" library="AppiumLibrary">
<arg>${elem}</arg>
<doc>Click element identified by `locator`.</doc>
<status status="NOT RUN" starttime="20231126 23:06:21.462" endtime="20231126 23:06:21.462"/>
</kw>
<kw name="Evaluate" library="BuiltIn">
<var>${i}</var>
<arg>${i}-1</arg>
<doc>Evaluates the given expression in Python and returns the result.</doc>
<status status="NOT RUN" starttime="20231126 23:06:21.462" endtime="20231126 23:06:21.462"/>
</kw>
<break>
<status status="NOT RUN" starttime="20231126 23:06:21.462" endtime="20231126 23:06:21.462"/>
</break>
<status status="NOT RUN" starttime="20231126 23:06:21.461" endtime="20231126 23:06:21.462"/>
</branch>
<status status="PASS" starttime="20231126 23:06:21.461" endtime="20231126 23:06:21.462"/>
</if>
<status status="PASS" starttime="20231126 23:06:21.440" endtime="20231126 23:06:21.462"/>
</iter>
<iter>
<var name="${elem}">&lt;appium.webdriver.webelement.WebElement (session="ba7bb7fa-7ec5-41e7-a25c-994a5d7a2f50", element="e7432ace-0241-4be8-a1b4-824431985465")&gt;</var>
<kw name="Get Element Attribute" library="AppiumLibrary">
<var>${country}</var>
<arg>${elem}</arg>
<arg>text</arg>
<doc>Get element attribute using given attribute: name, value,...</doc>
<msg timestamp="20231126 23:06:21.483" level="INFO">Element '&lt;appium.webdriver.webelement.WebElement (session="ba7bb7fa-7ec5-41e7-a25c-994a5d7a2f50", element="e7432ace-0241-4be8-a1b4-824431985465")&gt;' attribute 'text' value 'Azerbaijan' </msg>
<msg timestamp="20231126 23:06:21.484" level="INFO">${country} = Azerbaijan</msg>
<status status="PASS" starttime="20231126 23:06:21.462" endtime="20231126 23:06:21.484"/>
</kw>
<if>
<branch type="IF" condition="&quot;${country}&quot; == ${country_name}">
<kw name="Click Element" library="AppiumLibrary">
<arg>${elem}</arg>
<doc>Click element identified by `locator`.</doc>
<status status="NOT RUN" starttime="20231126 23:06:21.484" endtime="20231126 23:06:21.484"/>
</kw>
<kw name="Evaluate" library="BuiltIn">
<var>${i}</var>
<arg>${i}-1</arg>
<doc>Evaluates the given expression in Python and returns the result.</doc>
<status status="NOT RUN" starttime="20231126 23:06:21.484" endtime="20231126 23:06:21.484"/>
</kw>
<break>
<status status="NOT RUN" starttime="20231126 23:06:21.484" endtime="20231126 23:06:21.484"/>
</break>
<status status="NOT RUN" starttime="20231126 23:06:21.484" endtime="20231126 23:06:21.484"/>
</branch>
<status status="PASS" starttime="20231126 23:06:21.484" endtime="20231126 23:06:21.484"/>
</if>
<status status="PASS" starttime="20231126 23:06:21.462" endtime="20231126 23:06:21.484"/>
</iter>
<iter>
<var name="${elem}">&lt;appium.webdriver.webelement.WebElement (session="ba7bb7fa-7ec5-41e7-a25c-994a5d7a2f50", element="f116d717-f9e4-4c35-aa0b-ee1bf7a715ce")&gt;</var>
<kw name="Get Element Attribute" library="AppiumLibrary">
<var>${country}</var>
<arg>${elem}</arg>
<arg>text</arg>
<doc>Get element attribute using given attribute: name, value,...</doc>
<msg timestamp="20231126 23:06:21.507" level="INFO">Element '&lt;appium.webdriver.webelement.WebElement (session="ba7bb7fa-7ec5-41e7-a25c-994a5d7a2f50", element="f116d717-f9e4-4c35-aa0b-ee1bf7a715ce")&gt;' attribute 'text' value 'Bahamas' </msg>
<msg timestamp="20231126 23:06:21.507" level="INFO">${country} = Bahamas</msg>
<status status="PASS" starttime="20231126 23:06:21.484" endtime="20231126 23:06:21.507"/>
</kw>
<if>
<branch type="IF" condition="&quot;${country}&quot; == ${country_name}">
<kw name="Click Element" library="AppiumLibrary">
<arg>${elem}</arg>
<doc>Click element identified by `locator`.</doc>
<status status="NOT RUN" starttime="20231126 23:06:21.508" endtime="20231126 23:06:21.508"/>
</kw>
<kw name="Evaluate" library="BuiltIn">
<var>${i}</var>
<arg>${i}-1</arg>
<doc>Evaluates the given expression in Python and returns the result.</doc>
<status status="NOT RUN" starttime="20231126 23:06:21.508" endtime="20231126 23:06:21.508"/>
</kw>
<break>
<status status="NOT RUN" starttime="20231126 23:06:21.508" endtime="20231126 23:06:21.508"/>
</break>
<status status="NOT RUN" starttime="20231126 23:06:21.508" endtime="20231126 23:06:21.508"/>
</branch>
<status status="PASS" starttime="20231126 23:06:21.507" endtime="20231126 23:06:21.508"/>
</if>
<status status="PASS" starttime="20231126 23:06:21.484" endtime="20231126 23:06:21.508"/>
</iter>
<iter>
<var name="${elem}">&lt;appium.webdriver.webelement.WebElement (session="ba7bb7fa-7ec5-41e7-a25c-994a5d7a2f50", element="a7dab4a1-eb43-446c-95fb-75e4ca662aad")&gt;</var>
<kw name="Get Element Attribute" library="AppiumLibrary">
<var>${country}</var>
<arg>${elem}</arg>
<arg>text</arg>
<doc>Get element attribute using given attribute: name, value,...</doc>
<msg timestamp="20231126 23:06:21.532" level="INFO">Element '&lt;appium.webdriver.webelement.WebElement (session="ba7bb7fa-7ec5-41e7-a25c-994a5d7a2f50", element="a7dab4a1-eb43-446c-95fb-75e4ca662aad")&gt;' attribute 'text' value 'Bahrain' </msg>
<msg timestamp="20231126 23:06:21.532" level="INFO">${country} = Bahrain</msg>
<status status="PASS" starttime="20231126 23:06:21.508" endtime="20231126 23:06:21.532"/>
</kw>
<if>
<branch type="IF" condition="&quot;${country}&quot; == ${country_name}">
<kw name="Click Element" library="AppiumLibrary">
<arg>${elem}</arg>
<doc>Click element identified by `locator`.</doc>
<status status="NOT RUN" starttime="20231126 23:06:21.532" endtime="20231126 23:06:21.532"/>
</kw>
<kw name="Evaluate" library="BuiltIn">
<var>${i}</var>
<arg>${i}-1</arg>
<doc>Evaluates the given expression in Python and returns the result.</doc>
<status status="NOT RUN" starttime="20231126 23:06:21.533" endtime="20231126 23:06:21.533"/>
</kw>
<break>
<status status="NOT RUN" starttime="20231126 23:06:21.533" endtime="20231126 23:06:21.533"/>
</break>
<status status="NOT RUN" starttime="20231126 23:06:21.532" endtime="20231126 23:06:21.533"/>
</branch>
<status status="PASS" starttime="20231126 23:06:21.532" endtime="20231126 23:06:21.533"/>
</if>
<status status="PASS" starttime="20231126 23:06:21.508" endtime="20231126 23:06:21.533"/>
</iter>
<iter>
<var name="${elem}">&lt;appium.webdriver.webelement.WebElement (session="ba7bb7fa-7ec5-41e7-a25c-994a5d7a2f50", element="b3153c6d-eea1-42fb-bd0a-b4284346847e")&gt;</var>
<kw name="Get Element Attribute" library="AppiumLibrary">
<var>${country}</var>
<arg>${elem}</arg>
<arg>text</arg>
<doc>Get element attribute using given attribute: name, value,...</doc>
<msg timestamp="20231126 23:06:21.554" level="INFO">Element '&lt;appium.webdriver.webelement.WebElement (session="ba7bb7fa-7ec5-41e7-a25c-994a5d7a2f50", element="b3153c6d-eea1-42fb-bd0a-b4284346847e")&gt;' attribute 'text' value 'Bangladesh' </msg>
<msg timestamp="20231126 23:06:21.554" level="INFO">${country} = Bangladesh</msg>
<status status="PASS" starttime="20231126 23:06:21.533" endtime="20231126 23:06:21.554"/>
</kw>
<if>
<branch type="IF" condition="&quot;${country}&quot; == ${country_name}">
<kw name="Click Element" library="AppiumLibrary">
<arg>${elem}</arg>
<doc>Click element identified by `locator`.</doc>
<status status="NOT RUN" starttime="20231126 23:06:21.554" endtime="20231126 23:06:21.554"/>
</kw>
<kw name="Evaluate" library="BuiltIn">
<var>${i}</var>
<arg>${i}-1</arg>
<doc>Evaluates the given expression in Python and returns the result.</doc>
<status status="NOT RUN" starttime="20231126 23:06:21.554" endtime="20231126 23:06:21.555"/>
</kw>
<break>
<status status="NOT RUN" starttime="20231126 23:06:21.555" endtime="20231126 23:06:21.555"/>
</break>
<status status="NOT RUN" starttime="20231126 23:06:21.554" endtime="20231126 23:06:21.555"/>
</branch>
<status status="PASS" starttime="20231126 23:06:21.554" endtime="20231126 23:06:21.555"/>
</if>
<status status="PASS" starttime="20231126 23:06:21.533" endtime="20231126 23:06:21.555"/>
</iter>
<status status="PASS" starttime="20231126 23:06:21.327" endtime="20231126 23:06:21.555"/>
</for>
<kw name="Swipe" library="AppiumLibrary">
<arg>789</arg>
<arg>2088</arg>
<arg>178</arg>
<arg>595</arg>
<arg>500</arg>
<doc>Swipe from one point to another point, for an optional duration.</doc>
<status status="PASS" starttime="20231126 23:06:21.555" endtime="20231126 23:06:23.596"/>
</kw>
<status status="PASS" starttime="20231126 23:06:20.381" endtime="20231126 23:06:23.596"/>
</iter>
<iter>
<kw name="Get Webelements" library="AppiumLibrary">
<var>${LIST_ELEMENTS}</var>
<arg>${country_items}</arg>
<doc>Returns list of [http://selenium-python.readthedocs.io/api.html#module-selenium.webdriver.remote.webelement|WebElement] objects matching ``locator``.</doc>
<msg timestamp="20231126 23:06:24.545" level="INFO">xpath criteria: //android.widget.TextView</msg>
<msg timestamp="20231126 23:06:24.545" level="INFO">${LIST_ELEMENTS} = [&lt;appium.webdriver.webelement.WebElement (session="ba7bb7fa-7ec5-41e7-a25c-994a5d7a2f50", element="cf47481d-387a-45c6-934d-332ef170866d")&gt;, &lt;appium.webdriver.webelement.WebElement (session="ba7bb7fa-7...</msg>
<status status="PASS" starttime="20231126 23:06:23.596" endtime="20231126 23:06:24.545"/>
</kw>
<kw name="Get Length" library="BuiltIn">
<var>${LIST_LENGTH}</var>
<arg>${LIST_ELEMENTS}</arg>
<doc>Returns and logs the length of the given item as an integer.</doc>
<msg timestamp="20231126 23:06:24.545" level="INFO">Length is 9</msg>
<msg timestamp="20231126 23:06:24.545" level="INFO">${LIST_LENGTH} = 9</msg>
<status status="PASS" starttime="20231126 23:06:24.545" endtime="20231126 23:06:24.545"/>
</kw>
<for flavor="IN">
<var>${elem}</var>
<value>@{LIST_ELEMENTS}</value>
<iter>
<var name="${elem}">&lt;appium.webdriver.webelement.WebElement (session="ba7bb7fa-7ec5-41e7-a25c-994a5d7a2f50", element="cf47481d-387a-45c6-934d-332ef170866d")&gt;</var>
<kw name="Get Element Attribute" library="AppiumLibrary">
<var>${country}</var>
<arg>${elem}</arg>
<arg>text</arg>
<doc>Get element attribute using given attribute: name, value,...</doc>
<msg timestamp="20231126 23:06:24.568" level="INFO">Element '&lt;appium.webdriver.webelement.WebElement (session="ba7bb7fa-7ec5-41e7-a25c-994a5d7a2f50", element="cf47481d-387a-45c6-934d-332ef170866d")&gt;' attribute 'text' value 'Bangladesh' </msg>
<msg timestamp="20231126 23:06:24.568" level="INFO">${country} = Bangladesh</msg>
<status status="PASS" starttime="20231126 23:06:24.545" endtime="20231126 23:06:24.568"/>
</kw>
<if>
<branch type="IF" condition="&quot;${country}&quot; == ${country_name}">
<kw name="Click Element" library="AppiumLibrary">
<arg>${elem}</arg>
<doc>Click element identified by `locator`.</doc>
<status status="NOT RUN" starttime="20231126 23:06:24.568" endtime="20231126 23:06:24.568"/>
</kw>
<kw name="Evaluate" library="BuiltIn">
<var>${i}</var>
<arg>${i}-1</arg>
<doc>Evaluates the given expression in Python and returns the result.</doc>
<status status="NOT RUN" starttime="20231126 23:06:24.568" endtime="20231126 23:06:24.568"/>
</kw>
<break>
<status status="NOT RUN" starttime="20231126 23:06:24.568" endtime="20231126 23:06:24.568"/>
</break>
<status status="NOT RUN" starttime="20231126 23:06:24.568" endtime="20231126 23:06:24.568"/>
</branch>
<status status="PASS" starttime="20231126 23:06:24.568" endtime="20231126 23:06:24.568"/>
</if>
<status status="PASS" starttime="20231126 23:06:24.545" endtime="20231126 23:06:24.569"/>
</iter>
<iter>
<var name="${elem}">&lt;appium.webdriver.webelement.WebElement (session="ba7bb7fa-7ec5-41e7-a25c-994a5d7a2f50", element="2bd014b1-131b-41fa-81e5-2c188dd12dba")&gt;</var>
<kw name="Get Element Attribute" library="AppiumLibrary">
<var>${country}</var>
<arg>${elem}</arg>
<arg>text</arg>
<doc>Get element attribute using given attribute: name, value,...</doc>
<msg timestamp="20231126 23:06:24.587" level="INFO">Element '&lt;appium.webdriver.webelement.WebElement (session="ba7bb7fa-7ec5-41e7-a25c-994a5d7a2f50", element="2bd014b1-131b-41fa-81e5-2c188dd12dba")&gt;' attribute 'text' value 'Barbados' </msg>
<msg timestamp="20231126 23:06:24.588" level="INFO">${country} = Barbados</msg>
<status status="PASS" starttime="20231126 23:06:24.569" endtime="20231126 23:06:24.588"/>
</kw>
<if>
<branch type="IF" condition="&quot;${country}&quot; == ${country_name}">
<kw name="Click Element" library="AppiumLibrary">
<arg>${elem}</arg>
<doc>Click element identified by `locator`.</doc>
<status status="NOT RUN" starttime="20231126 23:06:24.588" endtime="20231126 23:06:24.588"/>
</kw>
<kw name="Evaluate" library="BuiltIn">
<var>${i}</var>
<arg>${i}-1</arg>
<doc>Evaluates the given expression in Python and returns the result.</doc>
<status status="NOT RUN" starttime="20231126 23:06:24.588" endtime="20231126 23:06:24.588"/>
</kw>
<break>
<status status="NOT RUN" starttime="20231126 23:06:24.588" endtime="20231126 23:06:24.588"/>
</break>
<status status="NOT RUN" starttime="20231126 23:06:24.588" endtime="20231126 23:06:24.588"/>
</branch>
<status status="PASS" starttime="20231126 23:06:24.588" endtime="20231126 23:06:24.588"/>
</if>
<status status="PASS" starttime="20231126 23:06:24.569" endtime="20231126 23:06:24.588"/>
</iter>
<iter>
<var name="${elem}">&lt;appium.webdriver.webelement.WebElement (session="ba7bb7fa-7ec5-41e7-a25c-994a5d7a2f50", element="71d329f3-4ede-46c1-b229-a03b65305c45")&gt;</var>
<kw name="Get Element Attribute" library="AppiumLibrary">
<var>${country}</var>
<arg>${elem}</arg>
<arg>text</arg>
<doc>Get element attribute using given attribute: name, value,...</doc>
<msg timestamp="20231126 23:06:24.611" level="INFO">Element '&lt;appium.webdriver.webelement.WebElement (session="ba7bb7fa-7ec5-41e7-a25c-994a5d7a2f50", element="71d329f3-4ede-46c1-b229-a03b65305c45")&gt;' attribute 'text' value 'Belarus' </msg>
<msg timestamp="20231126 23:06:24.611" level="INFO">${country} = Belarus</msg>
<status status="PASS" starttime="20231126 23:06:24.588" endtime="20231126 23:06:24.611"/>
</kw>
<if>
<branch type="IF" condition="&quot;${country}&quot; == ${country_name}">
<kw name="Click Element" library="AppiumLibrary">
<arg>${elem}</arg>
<doc>Click element identified by `locator`.</doc>
<status status="NOT RUN" starttime="20231126 23:06:24.611" endtime="20231126 23:06:24.611"/>
</kw>
<kw name="Evaluate" library="BuiltIn">
<var>${i}</var>
<arg>${i}-1</arg>
<doc>Evaluates the given expression in Python and returns the result.</doc>
<status status="NOT RUN" starttime="20231126 23:06:24.612" endtime="20231126 23:06:24.612"/>
</kw>
<break>
<status status="NOT RUN" starttime="20231126 23:06:24.612" endtime="20231126 23:06:24.612"/>
</break>
<status status="NOT RUN" starttime="20231126 23:06:24.611" endtime="20231126 23:06:24.612"/>
</branch>
<status status="PASS" starttime="20231126 23:06:24.611" endtime="20231126 23:06:24.612"/>
</if>
<status status="PASS" starttime="20231126 23:06:24.588" endtime="20231126 23:06:24.612"/>
</iter>
<iter>
<var name="${elem}">&lt;appium.webdriver.webelement.WebElement (session="ba7bb7fa-7ec5-41e7-a25c-994a5d7a2f50", element="0fc25523-f5fe-40a0-92f7-039cc9fe46e1")&gt;</var>
<kw name="Get Element Attribute" library="AppiumLibrary">
<var>${country}</var>
<arg>${elem}</arg>
<arg>text</arg>
<doc>Get element attribute using given attribute: name, value,...</doc>
<msg timestamp="20231126 23:06:24.631" level="INFO">Element '&lt;appium.webdriver.webelement.WebElement (session="ba7bb7fa-7ec5-41e7-a25c-994a5d7a2f50", element="0fc25523-f5fe-40a0-92f7-039cc9fe46e1")&gt;' attribute 'text' value 'Belgium' </msg>
<msg timestamp="20231126 23:06:24.631" level="INFO">${country} = Belgium</msg>
<status status="PASS" starttime="20231126 23:06:24.612" endtime="20231126 23:06:24.631"/>
</kw>
<if>
<branch type="IF" condition="&quot;${country}&quot; == ${country_name}">
<kw name="Click Element" library="AppiumLibrary">
<arg>${elem}</arg>
<doc>Click element identified by `locator`.</doc>
<status status="NOT RUN" starttime="20231126 23:06:24.631" endtime="20231126 23:06:24.632"/>
</kw>
<kw name="Evaluate" library="BuiltIn">
<var>${i}</var>
<arg>${i}-1</arg>
<doc>Evaluates the given expression in Python and returns the result.</doc>
<status status="NOT RUN" starttime="20231126 23:06:24.632" endtime="20231126 23:06:24.632"/>
</kw>
<break>
<status status="NOT RUN" starttime="20231126 23:06:24.632" endtime="20231126 23:06:24.632"/>
</break>
<status status="NOT RUN" starttime="20231126 23:06:24.631" endtime="20231126 23:06:24.632"/>
</branch>
<status status="PASS" starttime="20231126 23:06:24.631" endtime="20231126 23:06:24.632"/>
</if>
<status status="PASS" starttime="20231126 23:06:24.612" endtime="20231126 23:06:24.632"/>
</iter>
<iter>
<var name="${elem}">&lt;appium.webdriver.webelement.WebElement (session="ba7bb7fa-7ec5-41e7-a25c-994a5d7a2f50", element="8c6d9086-838a-452c-8fa0-d2adc15f79d5")&gt;</var>
<kw name="Get Element Attribute" library="AppiumLibrary">
<var>${country}</var>
<arg>${elem}</arg>
<arg>text</arg>
<doc>Get element attribute using given attribute: name, value,...</doc>
<msg timestamp="20231126 23:06:24.658" level="INFO">Element '&lt;appium.webdriver.webelement.WebElement (session="ba7bb7fa-7ec5-41e7-a25c-994a5d7a2f50", element="8c6d9086-838a-452c-8fa0-d2adc15f79d5")&gt;' attribute 'text' value 'Belize' </msg>
<msg timestamp="20231126 23:06:24.658" level="INFO">${country} = Belize</msg>
<status status="PASS" starttime="20231126 23:06:24.632" endtime="20231126 23:06:24.658"/>
</kw>
<if>
<branch type="IF" condition="&quot;${country}&quot; == ${country_name}">
<kw name="Click Element" library="AppiumLibrary">
<arg>${elem}</arg>
<doc>Click element identified by `locator`.</doc>
<status status="NOT RUN" starttime="20231126 23:06:24.659" endtime="20231126 23:06:24.659"/>
</kw>
<kw name="Evaluate" library="BuiltIn">
<var>${i}</var>
<arg>${i}-1</arg>
<doc>Evaluates the given expression in Python and returns the result.</doc>
<status status="NOT RUN" starttime="20231126 23:06:24.659" endtime="20231126 23:06:24.659"/>
</kw>
<break>
<status status="NOT RUN" starttime="20231126 23:06:24.659" endtime="20231126 23:06:24.659"/>
</break>
<status status="NOT RUN" starttime="20231126 23:06:24.658" endtime="20231126 23:06:24.659"/>
</branch>
<status status="PASS" starttime="20231126 23:06:24.658" endtime="20231126 23:06:24.659"/>
</if>
<status status="PASS" starttime="20231126 23:06:24.632" endtime="20231126 23:06:24.659"/>
</iter>
<iter>
<var name="${elem}">&lt;appium.webdriver.webelement.WebElement (session="ba7bb7fa-7ec5-41e7-a25c-994a5d7a2f50", element="22fbbfae-01fe-45da-9a65-e778d52e6118")&gt;</var>
<kw name="Get Element Attribute" library="AppiumLibrary">
<var>${country}</var>
<arg>${elem}</arg>
<arg>text</arg>
<doc>Get element attribute using given attribute: name, value,...</doc>
<msg timestamp="20231126 23:06:24.678" level="INFO">Element '&lt;appium.webdriver.webelement.WebElement (session="ba7bb7fa-7ec5-41e7-a25c-994a5d7a2f50", element="22fbbfae-01fe-45da-9a65-e778d52e6118")&gt;' attribute 'text' value 'Benin' </msg>
<msg timestamp="20231126 23:06:24.678" level="INFO">${country} = Benin</msg>
<status status="PASS" starttime="20231126 23:06:24.659" endtime="20231126 23:06:24.678"/>
</kw>
<if>
<branch type="IF" condition="&quot;${country}&quot; == ${country_name}">
<kw name="Click Element" library="AppiumLibrary">
<arg>${elem}</arg>
<doc>Click element identified by `locator`.</doc>
<status status="NOT RUN" starttime="20231126 23:06:24.678" endtime="20231126 23:06:24.678"/>
</kw>
<kw name="Evaluate" library="BuiltIn">
<var>${i}</var>
<arg>${i}-1</arg>
<doc>Evaluates the given expression in Python and returns the result.</doc>
<status status="NOT RUN" starttime="20231126 23:06:24.678" endtime="20231126 23:06:24.678"/>
</kw>
<break>
<status status="NOT RUN" starttime="20231126 23:06:24.678" endtime="20231126 23:06:24.678"/>
</break>
<status status="NOT RUN" starttime="20231126 23:06:24.678" endtime="20231126 23:06:24.679"/>
</branch>
<status status="PASS" starttime="20231126 23:06:24.678" endtime="20231126 23:06:24.679"/>
</if>
<status status="PASS" starttime="20231126 23:06:24.659" endtime="20231126 23:06:24.679"/>
</iter>
<iter>
<var name="${elem}">&lt;appium.webdriver.webelement.WebElement (session="ba7bb7fa-7ec5-41e7-a25c-994a5d7a2f50", element="8ae481aa-a7b4-483a-8e62-57216b0f4815")&gt;</var>
<kw name="Get Element Attribute" library="AppiumLibrary">
<var>${country}</var>
<arg>${elem}</arg>
<arg>text</arg>
<doc>Get element attribute using given attribute: name, value,...</doc>
<msg timestamp="20231126 23:06:24.698" level="INFO">Element '&lt;appium.webdriver.webelement.WebElement (session="ba7bb7fa-7ec5-41e7-a25c-994a5d7a2f50", element="8ae481aa-a7b4-483a-8e62-57216b0f4815")&gt;' attribute 'text' value 'Bermuda' </msg>
<msg timestamp="20231126 23:06:24.698" level="INFO">${country} = Bermuda</msg>
<status status="PASS" starttime="20231126 23:06:24.679" endtime="20231126 23:06:24.698"/>
</kw>
<if>
<branch type="IF" condition="&quot;${country}&quot; == ${country_name}">
<kw name="Click Element" library="AppiumLibrary">
<arg>${elem}</arg>
<doc>Click element identified by `locator`.</doc>
<status status="NOT RUN" starttime="20231126 23:06:24.698" endtime="20231126 23:06:24.698"/>
</kw>
<kw name="Evaluate" library="BuiltIn">
<var>${i}</var>
<arg>${i}-1</arg>
<doc>Evaluates the given expression in Python and returns the result.</doc>
<status status="NOT RUN" starttime="20231126 23:06:24.698" endtime="20231126 23:06:24.699"/>
</kw>
<break>
<status status="NOT RUN" starttime="20231126 23:06:24.699" endtime="20231126 23:06:24.699"/>
</break>
<status status="NOT RUN" starttime="20231126 23:06:24.698" endtime="20231126 23:06:24.699"/>
</branch>
<status status="PASS" starttime="20231126 23:06:24.698" endtime="20231126 23:06:24.699"/>
</if>
<status status="PASS" starttime="20231126 23:06:24.679" endtime="20231126 23:06:24.699"/>
</iter>
<iter>
<var name="${elem}">&lt;appium.webdriver.webelement.WebElement (session="ba7bb7fa-7ec5-41e7-a25c-994a5d7a2f50", element="0668b952-ed7d-41ae-9723-b42c1c3279c0")&gt;</var>
<kw name="Get Element Attribute" library="AppiumLibrary">
<var>${country}</var>
<arg>${elem}</arg>
<arg>text</arg>
<doc>Get element attribute using given attribute: name, value,...</doc>
<msg timestamp="20231126 23:06:24.718" level="INFO">Element '&lt;appium.webdriver.webelement.WebElement (session="ba7bb7fa-7ec5-41e7-a25c-994a5d7a2f50", element="0668b952-ed7d-41ae-9723-b42c1c3279c0")&gt;' attribute 'text' value 'Bhutan' </msg>
<msg timestamp="20231126 23:06:24.718" level="INFO">${country} = Bhutan</msg>
<status status="PASS" starttime="20231126 23:06:24.699" endtime="20231126 23:06:24.718"/>
</kw>
<if>
<branch type="IF" condition="&quot;${country}&quot; == ${country_name}">
<kw name="Click Element" library="AppiumLibrary">
<arg>${elem}</arg>
<doc>Click element identified by `locator`.</doc>
<status status="NOT RUN" starttime="20231126 23:06:24.718" endtime="20231126 23:06:24.719"/>
</kw>
<kw name="Evaluate" library="BuiltIn">
<var>${i}</var>
<arg>${i}-1</arg>
<doc>Evaluates the given expression in Python and returns the result.</doc>
<status status="NOT RUN" starttime="20231126 23:06:24.719" endtime="20231126 23:06:24.719"/>
</kw>
<break>
<status status="NOT RUN" starttime="20231126 23:06:24.719" endtime="20231126 23:06:24.719"/>
</break>
<status status="NOT RUN" starttime="20231126 23:06:24.718" endtime="20231126 23:06:24.719"/>
</branch>
<status status="PASS" starttime="20231126 23:06:24.718" endtime="20231126 23:06:24.719"/>
</if>
<status status="PASS" starttime="20231126 23:06:24.699" endtime="20231126 23:06:24.719"/>
</iter>
<iter>
<var name="${elem}">&lt;appium.webdriver.webelement.WebElement (session="ba7bb7fa-7ec5-41e7-a25c-994a5d7a2f50", element="ebde8097-98d4-4a68-a2c5-3f47f31ec46a")&gt;</var>
<kw name="Get Element Attribute" library="AppiumLibrary">
<var>${country}</var>
<arg>${elem}</arg>
<arg>text</arg>
<doc>Get element attribute using given attribute: name, value,...</doc>
<msg timestamp="20231126 23:06:24.737" level="INFO">Element '&lt;appium.webdriver.webelement.WebElement (session="ba7bb7fa-7ec5-41e7-a25c-994a5d7a2f50", element="ebde8097-98d4-4a68-a2c5-3f47f31ec46a")&gt;' attribute 'text' value 'Bolivia' </msg>
<msg timestamp="20231126 23:06:24.737" level="INFO">${country} = Bolivia</msg>
<status status="PASS" starttime="20231126 23:06:24.719" endtime="20231126 23:06:24.737"/>
</kw>
<if>
<branch type="IF" condition="&quot;${country}&quot; == ${country_name}">
<kw name="Click Element" library="AppiumLibrary">
<arg>${elem}</arg>
<doc>Click element identified by `locator`.</doc>
<status status="NOT RUN" starttime="20231126 23:06:24.738" endtime="20231126 23:06:24.738"/>
</kw>
<kw name="Evaluate" library="BuiltIn">
<var>${i}</var>
<arg>${i}-1</arg>
<doc>Evaluates the given expression in Python and returns the result.</doc>
<status status="NOT RUN" starttime="20231126 23:06:24.738" endtime="20231126 23:06:24.738"/>
</kw>
<break>
<status status="NOT RUN" starttime="20231126 23:06:24.738" endtime="20231126 23:06:24.738"/>
</break>
<status status="NOT RUN" starttime="20231126 23:06:24.737" endtime="20231126 23:06:24.738"/>
</branch>
<status status="PASS" starttime="20231126 23:06:24.737" endtime="20231126 23:06:24.738"/>
</if>
<status status="PASS" starttime="20231126 23:06:24.719" endtime="20231126 23:06:24.738"/>
</iter>
<status status="PASS" starttime="20231126 23:06:24.545" endtime="20231126 23:06:24.738"/>
</for>
<kw name="Swipe" library="AppiumLibrary">
<arg>789</arg>
<arg>2088</arg>
<arg>178</arg>
<arg>595</arg>
<arg>500</arg>
<doc>Swipe from one point to another point, for an optional duration.</doc>
<status status="PASS" starttime="20231126 23:06:24.738" endtime="20231126 23:06:26.775"/>
</kw>
<status status="PASS" starttime="20231126 23:06:23.596" endtime="20231126 23:06:26.775"/>
</iter>
<iter>
<kw name="Get Webelements" library="AppiumLibrary">
<var>${LIST_ELEMENTS}</var>
<arg>${country_items}</arg>
<doc>Returns list of [http://selenium-python.readthedocs.io/api.html#module-selenium.webdriver.remote.webelement|WebElement] objects matching ``locator``.</doc>
<msg timestamp="20231126 23:06:27.734" level="INFO">xpath criteria: //android.widget.TextView</msg>
<msg timestamp="20231126 23:06:27.734" level="INFO">${LIST_ELEMENTS} = [&lt;appium.webdriver.webelement.WebElement (session="ba7bb7fa-7ec5-41e7-a25c-994a5d7a2f50", element="d2a11115-db6d-438d-aa91-43db37f0b449")&gt;, &lt;appium.webdriver.webelement.WebElement (session="ba7bb7fa-7...</msg>
<status status="PASS" starttime="20231126 23:06:26.775" endtime="20231126 23:06:27.734"/>
</kw>
<kw name="Get Length" library="BuiltIn">
<var>${LIST_LENGTH}</var>
<arg>${LIST_ELEMENTS}</arg>
<doc>Returns and logs the length of the given item as an integer.</doc>
<msg timestamp="20231126 23:06:27.734" level="INFO">Length is 10</msg>
<msg timestamp="20231126 23:06:27.734" level="INFO">${LIST_LENGTH} = 10</msg>
<status status="PASS" starttime="20231126 23:06:27.734" endtime="20231126 23:06:27.734"/>
</kw>
<for flavor="IN">
<var>${elem}</var>
<value>@{LIST_ELEMENTS}</value>
<iter>
<var name="${elem}">&lt;appium.webdriver.webelement.WebElement (session="ba7bb7fa-7ec5-41e7-a25c-994a5d7a2f50", element="d2a11115-db6d-438d-aa91-43db37f0b449")&gt;</var>
<kw name="Get Element Attribute" library="AppiumLibrary">
<var>${country}</var>
<arg>${elem}</arg>
<arg>text</arg>
<doc>Get element attribute using given attribute: name, value,...</doc>
<msg timestamp="20231126 23:06:27.755" level="INFO">Element '&lt;appium.webdriver.webelement.WebElement (session="ba7bb7fa-7ec5-41e7-a25c-994a5d7a2f50", element="d2a11115-db6d-438d-aa91-43db37f0b449")&gt;' attribute 'text' value 'Bolivia' </msg>
<msg timestamp="20231126 23:06:27.756" level="INFO">${country} = Bolivia</msg>
<status status="PASS" starttime="20231126 23:06:27.735" endtime="20231126 23:06:27.756"/>
</kw>
<if>
<branch type="IF" condition="&quot;${country}&quot; == ${country_name}">
<kw name="Click Element" library="AppiumLibrary">
<arg>${elem}</arg>
<doc>Click element identified by `locator`.</doc>
<status status="NOT RUN" starttime="20231126 23:06:27.756" endtime="20231126 23:06:27.756"/>
</kw>
<kw name="Evaluate" library="BuiltIn">
<var>${i}</var>
<arg>${i}-1</arg>
<doc>Evaluates the given expression in Python and returns the result.</doc>
<status status="NOT RUN" starttime="20231126 23:06:27.756" endtime="20231126 23:06:27.756"/>
</kw>
<break>
<status status="NOT RUN" starttime="20231126 23:06:27.756" endtime="20231126 23:06:27.756"/>
</break>
<status status="NOT RUN" starttime="20231126 23:06:27.756" endtime="20231126 23:06:27.756"/>
</branch>
<status status="PASS" starttime="20231126 23:06:27.756" endtime="20231126 23:06:27.756"/>
</if>
<status status="PASS" starttime="20231126 23:06:27.735" endtime="20231126 23:06:27.756"/>
</iter>
<iter>
<var name="${elem}">&lt;appium.webdriver.webelement.WebElement (session="ba7bb7fa-7ec5-41e7-a25c-994a5d7a2f50", element="c0603728-53f4-4bf3-9a82-042435b88472")&gt;</var>
<kw name="Get Element Attribute" library="AppiumLibrary">
<var>${country}</var>
<arg>${elem}</arg>
<arg>text</arg>
<doc>Get element attribute using given attribute: name, value,...</doc>
<msg timestamp="20231126 23:06:27.776" level="INFO">Element '&lt;appium.webdriver.webelement.WebElement (session="ba7bb7fa-7ec5-41e7-a25c-994a5d7a2f50", element="c0603728-53f4-4bf3-9a82-042435b88472")&gt;' attribute 'text' value 'Bosnia and Herzegowina' </msg>
<msg timestamp="20231126 23:06:27.776" level="INFO">${country} = Bosnia and Herzegowina</msg>
<status status="PASS" starttime="20231126 23:06:27.756" endtime="20231126 23:06:27.776"/>
</kw>
<if>
<branch type="IF" condition="&quot;${country}&quot; == ${country_name}">
<kw name="Click Element" library="AppiumLibrary">
<arg>${elem}</arg>
<doc>Click element identified by `locator`.</doc>
<status status="NOT RUN" starttime="20231126 23:06:27.776" endtime="20231126 23:06:27.776"/>
</kw>
<kw name="Evaluate" library="BuiltIn">
<var>${i}</var>
<arg>${i}-1</arg>
<doc>Evaluates the given expression in Python and returns the result.</doc>
<status status="NOT RUN" starttime="20231126 23:06:27.776" endtime="20231126 23:06:27.776"/>
</kw>
<break>
<status status="NOT RUN" starttime="20231126 23:06:27.776" endtime="20231126 23:06:27.776"/>
</break>
<status status="NOT RUN" starttime="20231126 23:06:27.776" endtime="20231126 23:06:27.776"/>
</branch>
<status status="PASS" starttime="20231126 23:06:27.776" endtime="20231126 23:06:27.777"/>
</if>
<status status="PASS" starttime="20231126 23:06:27.756" endtime="20231126 23:06:27.777"/>
</iter>
<iter>
<var name="${elem}">&lt;appium.webdriver.webelement.WebElement (session="ba7bb7fa-7ec5-41e7-a25c-994a5d7a2f50", element="b19095c2-2e3a-4ed5-baa8-d647e82b4c77")&gt;</var>
<kw name="Get Element Attribute" library="AppiumLibrary">
<var>${country}</var>
<arg>${elem}</arg>
<arg>text</arg>
<doc>Get element attribute using given attribute: name, value,...</doc>
<msg timestamp="20231126 23:06:27.795" level="INFO">Element '&lt;appium.webdriver.webelement.WebElement (session="ba7bb7fa-7ec5-41e7-a25c-994a5d7a2f50", element="b19095c2-2e3a-4ed5-baa8-d647e82b4c77")&gt;' attribute 'text' value 'Botswana' </msg>
<msg timestamp="20231126 23:06:27.795" level="INFO">${country} = Botswana</msg>
<status status="PASS" starttime="20231126 23:06:27.777" endtime="20231126 23:06:27.795"/>
</kw>
<if>
<branch type="IF" condition="&quot;${country}&quot; == ${country_name}">
<kw name="Click Element" library="AppiumLibrary">
<arg>${elem}</arg>
<doc>Click element identified by `locator`.</doc>
<status status="NOT RUN" starttime="20231126 23:06:27.796" endtime="20231126 23:06:27.796"/>
</kw>
<kw name="Evaluate" library="BuiltIn">
<var>${i}</var>
<arg>${i}-1</arg>
<doc>Evaluates the given expression in Python and returns the result.</doc>
<status status="NOT RUN" starttime="20231126 23:06:27.796" endtime="20231126 23:06:27.796"/>
</kw>
<break>
<status status="NOT RUN" starttime="20231126 23:06:27.796" endtime="20231126 23:06:27.796"/>
</break>
<status status="NOT RUN" starttime="20231126 23:06:27.796" endtime="20231126 23:06:27.796"/>
</branch>
<status status="PASS" starttime="20231126 23:06:27.796" endtime="20231126 23:06:27.796"/>
</if>
<status status="PASS" starttime="20231126 23:06:27.777" endtime="20231126 23:06:27.796"/>
</iter>
<iter>
<var name="${elem}">&lt;appium.webdriver.webelement.WebElement (session="ba7bb7fa-7ec5-41e7-a25c-994a5d7a2f50", element="b591fc44-1631-41cf-b458-0e83f274a4f0")&gt;</var>
<kw name="Get Element Attribute" library="AppiumLibrary">
<var>${country}</var>
<arg>${elem}</arg>
<arg>text</arg>
<doc>Get element attribute using given attribute: name, value,...</doc>
<msg timestamp="20231126 23:06:27.814" level="INFO">Element '&lt;appium.webdriver.webelement.WebElement (session="ba7bb7fa-7ec5-41e7-a25c-994a5d7a2f50", element="b591fc44-1631-41cf-b458-0e83f274a4f0")&gt;' attribute 'text' value 'Bouvet Island' </msg>
<msg timestamp="20231126 23:06:27.814" level="INFO">${country} = Bouvet Island</msg>
<status status="PASS" starttime="20231126 23:06:27.797" endtime="20231126 23:06:27.814"/>
</kw>
<if>
<branch type="IF" condition="&quot;${country}&quot; == ${country_name}">
<kw name="Click Element" library="AppiumLibrary">
<arg>${elem}</arg>
<doc>Click element identified by `locator`.</doc>
<status status="NOT RUN" starttime="20231126 23:06:27.814" endtime="20231126 23:06:27.814"/>
</kw>
<kw name="Evaluate" library="BuiltIn">
<var>${i}</var>
<arg>${i}-1</arg>
<doc>Evaluates the given expression in Python and returns the result.</doc>
<status status="NOT RUN" starttime="20231126 23:06:27.814" endtime="20231126 23:06:27.814"/>
</kw>
<break>
<status status="NOT RUN" starttime="20231126 23:06:27.814" endtime="20231126 23:06:27.814"/>
</break>
<status status="NOT RUN" starttime="20231126 23:06:27.814" endtime="20231126 23:06:27.814"/>
</branch>
<status status="PASS" starttime="20231126 23:06:27.814" endtime="20231126 23:06:27.814"/>
</if>
<status status="PASS" starttime="20231126 23:06:27.796" endtime="20231126 23:06:27.814"/>
</iter>
<iter>
<var name="${elem}">&lt;appium.webdriver.webelement.WebElement (session="ba7bb7fa-7ec5-41e7-a25c-994a5d7a2f50", element="723afb06-6bed-4d13-9637-f0503a5b0d2c")&gt;</var>
<kw name="Get Element Attribute" library="AppiumLibrary">
<var>${country}</var>
<arg>${elem}</arg>
<arg>text</arg>
<doc>Get element attribute using given attribute: name, value,...</doc>
<msg timestamp="20231126 23:06:27.834" level="INFO">Element '&lt;appium.webdriver.webelement.WebElement (session="ba7bb7fa-7ec5-41e7-a25c-994a5d7a2f50", element="723afb06-6bed-4d13-9637-f0503a5b0d2c")&gt;' attribute 'text' value 'Brazil' </msg>
<msg timestamp="20231126 23:06:27.834" level="INFO">${country} = Brazil</msg>
<status status="PASS" starttime="20231126 23:06:27.815" endtime="20231126 23:06:27.834"/>
</kw>
<if>
<branch type="IF" condition="&quot;${country}&quot; == ${country_name}">
<kw name="Click Element" library="AppiumLibrary">
<arg>${elem}</arg>
<doc>Click element identified by `locator`.</doc>
<status status="NOT RUN" starttime="20231126 23:06:27.834" endtime="20231126 23:06:27.834"/>
</kw>
<kw name="Evaluate" library="BuiltIn">
<var>${i}</var>
<arg>${i}-1</arg>
<doc>Evaluates the given expression in Python and returns the result.</doc>
<status status="NOT RUN" starttime="20231126 23:06:27.835" endtime="20231126 23:06:27.835"/>
</kw>
<break>
<status status="NOT RUN" starttime="20231126 23:06:27.835" endtime="20231126 23:06:27.835"/>
</break>
<status status="NOT RUN" starttime="20231126 23:06:27.834" endtime="20231126 23:06:27.835"/>
</branch>
<status status="PASS" starttime="20231126 23:06:27.834" endtime="20231126 23:06:27.835"/>
</if>
<status status="PASS" starttime="20231126 23:06:27.814" endtime="20231126 23:06:27.835"/>
</iter>
<iter>
<var name="${elem}">&lt;appium.webdriver.webelement.WebElement (session="ba7bb7fa-7ec5-41e7-a25c-994a5d7a2f50", element="d12208dc-6f9d-4a3a-b64c-4a72585e9005")&gt;</var>
<kw name="Get Element Attribute" library="AppiumLibrary">
<var>${country}</var>
<arg>${elem}</arg>
<arg>text</arg>
<doc>Get element attribute using given attribute: name, value,...</doc>
<msg timestamp="20231126 23:06:27.855" level="INFO">Element '&lt;appium.webdriver.webelement.WebElement (session="ba7bb7fa-7ec5-41e7-a25c-994a5d7a2f50", element="d12208dc-6f9d-4a3a-b64c-4a72585e9005")&gt;' attribute 'text' value 'British Indian Ocean Territory' </msg>
<msg timestamp="20231126 23:06:27.855" level="INFO">${country} = British Indian Ocean Territory</msg>
<status status="PASS" starttime="20231126 23:06:27.835" endtime="20231126 23:06:27.855"/>
</kw>
<if>
<branch type="IF" condition="&quot;${country}&quot; == ${country_name}">
<kw name="Click Element" library="AppiumLibrary">
<arg>${elem}</arg>
<doc>Click element identified by `locator`.</doc>
<status status="NOT RUN" starttime="20231126 23:06:27.855" endtime="20231126 23:06:27.855"/>
</kw>
<kw name="Evaluate" library="BuiltIn">
<var>${i}</var>
<arg>${i}-1</arg>
<doc>Evaluates the given expression in Python and returns the result.</doc>
<status status="NOT RUN" starttime="20231126 23:06:27.855" endtime="20231126 23:06:27.855"/>
</kw>
<break>
<status status="NOT RUN" starttime="20231126 23:06:27.855" endtime="20231126 23:06:27.855"/>
</break>
<status status="NOT RUN" starttime="20231126 23:06:27.855" endtime="20231126 23:06:27.855"/>
</branch>
<status status="PASS" starttime="20231126 23:06:27.855" endtime="20231126 23:06:27.855"/>
</if>
<status status="PASS" starttime="20231126 23:06:27.835" endtime="20231126 23:06:27.857"/>
</iter>
<iter>
<var name="${elem}">&lt;appium.webdriver.webelement.WebElement (session="ba7bb7fa-7ec5-41e7-a25c-994a5d7a2f50", element="15acd95f-c376-4d27-8c85-dcf0831b504d")&gt;</var>
<kw name="Get Element Attribute" library="AppiumLibrary">
<var>${country}</var>
<arg>${elem}</arg>
<arg>text</arg>
<doc>Get element attribute using given attribute: name, value,...</doc>
<msg timestamp="20231126 23:06:27.872" level="INFO">Element '&lt;appium.webdriver.webelement.WebElement (session="ba7bb7fa-7ec5-41e7-a25c-994a5d7a2f50", element="15acd95f-c376-4d27-8c85-dcf0831b504d")&gt;' attribute 'text' value 'Brunei Darussalam' </msg>
<msg timestamp="20231126 23:06:27.872" level="INFO">${country} = Brunei Darussalam</msg>
<status status="PASS" starttime="20231126 23:06:27.857" endtime="20231126 23:06:27.872"/>
</kw>
<if>
<branch type="IF" condition="&quot;${country}&quot; == ${country_name}">
<kw name="Click Element" library="AppiumLibrary">
<arg>${elem}</arg>
<doc>Click element identified by `locator`.</doc>
<status status="NOT RUN" starttime="20231126 23:06:27.872" endtime="20231126 23:06:27.872"/>
</kw>
<kw name="Evaluate" library="BuiltIn">
<var>${i}</var>
<arg>${i}-1</arg>
<doc>Evaluates the given expression in Python and returns the result.</doc>
<status status="NOT RUN" starttime="20231126 23:06:27.872" endtime="20231126 23:06:27.872"/>
</kw>
<break>
<status status="NOT RUN" starttime="20231126 23:06:27.872" endtime="20231126 23:06:27.872"/>
</break>
<status status="NOT RUN" starttime="20231126 23:06:27.872" endtime="20231126 23:06:27.873"/>
</branch>
<status status="PASS" starttime="20231126 23:06:27.872" endtime="20231126 23:06:27.873"/>
</if>
<status status="PASS" starttime="20231126 23:06:27.857" endtime="20231126 23:06:27.873"/>
</iter>
<iter>
<var name="${elem}">&lt;appium.webdriver.webelement.WebElement (session="ba7bb7fa-7ec5-41e7-a25c-994a5d7a2f50", element="c32ded72-d9d6-480b-b92e-65e3f6624db2")&gt;</var>
<kw name="Get Element Attribute" library="AppiumLibrary">
<var>${country}</var>
<arg>${elem}</arg>
<arg>text</arg>
<doc>Get element attribute using given attribute: name, value,...</doc>
<msg timestamp="20231126 23:06:27.892" level="INFO">Element '&lt;appium.webdriver.webelement.WebElement (session="ba7bb7fa-7ec5-41e7-a25c-994a5d7a2f50", element="c32ded72-d9d6-480b-b92e-65e3f6624db2")&gt;' attribute 'text' value 'Bulgaria' </msg>
<msg timestamp="20231126 23:06:27.892" level="INFO">${country} = Bulgaria</msg>
<status status="PASS" starttime="20231126 23:06:27.873" endtime="20231126 23:06:27.892"/>
</kw>
<if>
<branch type="IF" condition="&quot;${country}&quot; == ${country_name}">
<kw name="Click Element" library="AppiumLibrary">
<arg>${elem}</arg>
<doc>Click element identified by `locator`.</doc>
<status status="NOT RUN" starttime="20231126 23:06:27.893" endtime="20231126 23:06:27.893"/>
</kw>
<kw name="Evaluate" library="BuiltIn">
<var>${i}</var>
<arg>${i}-1</arg>
<doc>Evaluates the given expression in Python and returns the result.</doc>
<status status="NOT RUN" starttime="20231126 23:06:27.894" endtime="20231126 23:06:27.894"/>
</kw>
<break>
<status status="NOT RUN" starttime="20231126 23:06:27.894" endtime="20231126 23:06:27.894"/>
</break>
<status status="NOT RUN" starttime="20231126 23:06:27.893" endtime="20231126 23:06:27.894"/>
</branch>
<status status="PASS" starttime="20231126 23:06:27.892" endtime="20231126 23:06:27.894"/>
</if>
<status status="PASS" starttime="20231126 23:06:27.873" endtime="20231126 23:06:27.894"/>
</iter>
<iter>
<var name="${elem}">&lt;appium.webdriver.webelement.WebElement (session="ba7bb7fa-7ec5-41e7-a25c-994a5d7a2f50", element="0cc10aed-8b42-4846-98ed-c1b6e736333e")&gt;</var>
<kw name="Get Element Attribute" library="AppiumLibrary">
<var>${country}</var>
<arg>${elem}</arg>
<arg>text</arg>
<doc>Get element attribute using given attribute: name, value,...</doc>
<msg timestamp="20231126 23:06:27.913" level="INFO">Element '&lt;appium.webdriver.webelement.WebElement (session="ba7bb7fa-7ec5-41e7-a25c-994a5d7a2f50", element="0cc10aed-8b42-4846-98ed-c1b6e736333e")&gt;' attribute 'text' value 'Burkina Faso' </msg>
<msg timestamp="20231126 23:06:27.913" level="INFO">${country} = Burkina Faso</msg>
<status status="PASS" starttime="20231126 23:06:27.894" endtime="20231126 23:06:27.914"/>
</kw>
<if>
<branch type="IF" condition="&quot;${country}&quot; == ${country_name}">
<kw name="Click Element" library="AppiumLibrary">
<arg>${elem}</arg>
<doc>Click element identified by `locator`.</doc>
<status status="NOT RUN" starttime="20231126 23:06:27.914" endtime="20231126 23:06:27.914"/>
</kw>
<kw name="Evaluate" library="BuiltIn">
<var>${i}</var>
<arg>${i}-1</arg>
<doc>Evaluates the given expression in Python and returns the result.</doc>
<status status="NOT RUN" starttime="20231126 23:06:27.914" endtime="20231126 23:06:27.914"/>
</kw>
<break>
<status status="NOT RUN" starttime="20231126 23:06:27.914" endtime="20231126 23:06:27.914"/>
</break>
<status status="NOT RUN" starttime="20231126 23:06:27.914" endtime="20231126 23:06:27.914"/>
</branch>
<status status="PASS" starttime="20231126 23:06:27.914" endtime="20231126 23:06:27.914"/>
</if>
<status status="PASS" starttime="20231126 23:06:27.894" endtime="20231126 23:06:27.914"/>
</iter>
<iter>
<var name="${elem}">&lt;appium.webdriver.webelement.WebElement (session="ba7bb7fa-7ec5-41e7-a25c-994a5d7a2f50", element="929c2f49-f19f-4eaf-8690-29d53700fa4d")&gt;</var>
<kw name="Get Element Attribute" library="AppiumLibrary">
<var>${country}</var>
<arg>${elem}</arg>
<arg>text</arg>
<doc>Get element attribute using given attribute: name, value,...</doc>
<msg timestamp="20231126 23:06:27.937" level="INFO">Element '&lt;appium.webdriver.webelement.WebElement (session="ba7bb7fa-7ec5-41e7-a25c-994a5d7a2f50", element="929c2f49-f19f-4eaf-8690-29d53700fa4d")&gt;' attribute 'text' value 'Burundi' </msg>
<msg timestamp="20231126 23:06:27.937" level="INFO">${country} = Burundi</msg>
<status status="PASS" starttime="20231126 23:06:27.915" endtime="20231126 23:06:27.937"/>
</kw>
<if>
<branch type="IF" condition="&quot;${country}&quot; == ${country_name}">
<kw name="Click Element" library="AppiumLibrary">
<arg>${elem}</arg>
<doc>Click element identified by `locator`.</doc>
<status status="NOT RUN" starttime="20231126 23:06:27.938" endtime="20231126 23:06:27.938"/>
</kw>
<kw name="Evaluate" library="BuiltIn">
<var>${i}</var>
<arg>${i}-1</arg>
<doc>Evaluates the given expression in Python and returns the result.</doc>
<status status="NOT RUN" starttime="20231126 23:06:27.938" endtime="20231126 23:06:27.938"/>
</kw>
<break>
<status status="NOT RUN" starttime="20231126 23:06:27.938" endtime="20231126 23:06:27.938"/>
</break>
<status status="NOT RUN" starttime="20231126 23:06:27.937" endtime="20231126 23:06:27.938"/>
</branch>
<status status="PASS" starttime="20231126 23:06:27.937" endtime="20231126 23:06:27.938"/>
</if>
<status status="PASS" starttime="20231126 23:06:27.915" endtime="20231126 23:06:27.938"/>
</iter>
<status status="PASS" starttime="20231126 23:06:27.734" endtime="20231126 23:06:27.938"/>
</for>
<kw name="Swipe" library="AppiumLibrary">
<arg>789</arg>
<arg>2088</arg>
<arg>178</arg>
<arg>595</arg>
<arg>500</arg>
<doc>Swipe from one point to another point, for an optional duration.</doc>
<status status="PASS" starttime="20231126 23:06:27.938" endtime="20231126 23:06:29.967"/>
</kw>
<status status="PASS" starttime="20231126 23:06:26.775" endtime="20231126 23:06:29.967"/>
</iter>
<iter>
<kw name="Get Webelements" library="AppiumLibrary">
<var>${LIST_ELEMENTS}</var>
<arg>${country_items}</arg>
<doc>Returns list of [http://selenium-python.readthedocs.io/api.html#module-selenium.webdriver.remote.webelement|WebElement] objects matching ``locator``.</doc>
<msg timestamp="20231126 23:06:30.920" level="INFO">xpath criteria: //android.widget.TextView</msg>
<msg timestamp="20231126 23:06:30.920" level="INFO">${LIST_ELEMENTS} = [&lt;appium.webdriver.webelement.WebElement (session="ba7bb7fa-7ec5-41e7-a25c-994a5d7a2f50", element="0571fdf1-3d79-46ec-8089-788264bfc67a")&gt;, &lt;appium.webdriver.webelement.WebElement (session="ba7bb7fa-7...</msg>
<status status="PASS" starttime="20231126 23:06:29.968" endtime="20231126 23:06:30.920"/>
</kw>
<kw name="Get Length" library="BuiltIn">
<var>${LIST_LENGTH}</var>
<arg>${LIST_ELEMENTS}</arg>
<doc>Returns and logs the length of the given item as an integer.</doc>
<msg timestamp="20231126 23:06:30.920" level="INFO">Length is 9</msg>
<msg timestamp="20231126 23:06:30.920" level="INFO">${LIST_LENGTH} = 9</msg>
<status status="PASS" starttime="20231126 23:06:30.920" endtime="20231126 23:06:30.920"/>
</kw>
<for flavor="IN">
<var>${elem}</var>
<value>@{LIST_ELEMENTS}</value>
<iter>
<var name="${elem}">&lt;appium.webdriver.webelement.WebElement (session="ba7bb7fa-7ec5-41e7-a25c-994a5d7a2f50", element="0571fdf1-3d79-46ec-8089-788264bfc67a")&gt;</var>
<kw name="Get Element Attribute" library="AppiumLibrary">
<var>${country}</var>
<arg>${elem}</arg>
<arg>text</arg>
<doc>Get element attribute using given attribute: name, value,...</doc>
<msg timestamp="20231126 23:06:30.942" level="INFO">Element '&lt;appium.webdriver.webelement.WebElement (session="ba7bb7fa-7ec5-41e7-a25c-994a5d7a2f50", element="0571fdf1-3d79-46ec-8089-788264bfc67a")&gt;' attribute 'text' value 'Burundi' </msg>
<msg timestamp="20231126 23:06:30.943" level="INFO">${country} = Burundi</msg>
<status status="PASS" starttime="20231126 23:06:30.922" endtime="20231126 23:06:30.943"/>
</kw>
<if>
<branch type="IF" condition="&quot;${country}&quot; == ${country_name}">
<kw name="Click Element" library="AppiumLibrary">
<arg>${elem}</arg>
<doc>Click element identified by `locator`.</doc>
<status status="NOT RUN" starttime="20231126 23:06:30.943" endtime="20231126 23:06:30.943"/>
</kw>
<kw name="Evaluate" library="BuiltIn">
<var>${i}</var>
<arg>${i}-1</arg>
<doc>Evaluates the given expression in Python and returns the result.</doc>
<status status="NOT RUN" starttime="20231126 23:06:30.943" endtime="20231126 23:06:30.943"/>
</kw>
<break>
<status status="NOT RUN" starttime="20231126 23:06:30.943" endtime="20231126 23:06:30.943"/>
</break>
<status status="NOT RUN" starttime="20231126 23:06:30.943" endtime="20231126 23:06:30.943"/>
</branch>
<status status="PASS" starttime="20231126 23:06:30.943" endtime="20231126 23:06:30.943"/>
</if>
<status status="PASS" starttime="20231126 23:06:30.922" endtime="20231126 23:06:30.943"/>
</iter>
<iter>
<var name="${elem}">&lt;appium.webdriver.webelement.WebElement (session="ba7bb7fa-7ec5-41e7-a25c-994a5d7a2f50", element="8d784836-aedf-43a4-8597-a343d11befbd")&gt;</var>
<kw name="Get Element Attribute" library="AppiumLibrary">
<var>${country}</var>
<arg>${elem}</arg>
<arg>text</arg>
<doc>Get element attribute using given attribute: name, value,...</doc>
<msg timestamp="20231126 23:06:30.962" level="INFO">Element '&lt;appium.webdriver.webelement.WebElement (session="ba7bb7fa-7ec5-41e7-a25c-994a5d7a2f50", element="8d784836-aedf-43a4-8597-a343d11befbd")&gt;' attribute 'text' value 'Cambodia' </msg>
[...]
</kw>
<if>
<branch type="IF" condition="&quot;${country}&quot; == ${country_name}">
<kw name="Click Element" library="AppiumLibrary">
<arg>${elem}</arg>
<doc>Click element identified by `locator`.</doc>
<status status="NOT RUN" starttime="20231126 23:08:13.750" endtime="20231126 23:08:13.750"/>
</kw>
<kw name="Evaluate" library="BuiltIn">
<var>${i}</var>
<arg>${i}-1</arg>
<doc>Evaluates the given expression in Python and returns the result.</doc>
<status status="NOT RUN" starttime="20231126 23:08:13.750" endtime="20231126 23:08:13.751"/>
</kw>
<break>
<status status="NOT RUN" starttime="20231126 23:08:13.751" endtime="20231126 23:08:13.751"/>
</break>
<status status="NOT RUN" starttime="20231126 23:08:13.750" endtime="20231126 23:08:13.751"/>
</branch>
<status status="PASS" starttime="20231126 23:08:13.750" endtime="20231126 23:08:13.751"/>
</if>
<status status="PASS" starttime="20231126 23:08:13.735" endtime="20231126 23:08:13.751"/>
</iter>
<iter>
<var name="${elem}">&lt;appium.webdriver.webelement.WebElement (session="483b38a9-f453-4966-a49a-1cfd2af38151", element="360a1348-dccd-4378-a203-79e5af79f39b")&gt;</var>
<kw name="Get Element Attribute" library="AppiumLibrary">
<var>${country}</var>
<arg>${elem}</arg>
<arg>text</arg>
<doc>Get element attribute using given attribute: name, value,...</doc>
<msg timestamp="20231126 23:08:13.768" level="INFO">Element '&lt;appium.webdriver.webelement.WebElement (session="483b38a9-f453-4966-a49a-1cfd2af38151", element="360a1348-dccd-4378-a203-79e5af79f39b")&gt;' attribute 'text' value 'Guinea' </msg>
<msg timestamp="20231126 23:08:13.768" level="INFO">${country} = Guinea</msg>
<status status="PASS" starttime="20231126 23:08:13.751" endtime="20231126 23:08:13.768"/>
</kw>
<if>
<branch type="IF" condition="&quot;${country}&quot; == ${country_name}">
<kw name="Click Element" library="AppiumLibrary">
<arg>${elem}</arg>
<doc>Click element identified by `locator`.</doc>
<status status="NOT RUN" starttime="20231126 23:08:13.768" endtime="20231126 23:08:13.768"/>
</kw>
<kw name="Evaluate" library="BuiltIn">
<var>${i}</var>
<arg>${i}-1</arg>
<doc>Evaluates the given expression in Python and returns the result.</doc>
<status status="NOT RUN" starttime="20231126 23:08:13.768" endtime="20231126 23:08:13.768"/>
</kw>
<break>
<status status="NOT RUN" starttime="20231126 23:08:13.769" endtime="20231126 23:08:13.769"/>
</break>
<status status="NOT RUN" starttime="20231126 23:08:13.768" endtime="20231126 23:08:13.769"/>
</branch>
<status status="PASS" starttime="20231126 23:08:13.768" endtime="20231126 23:08:13.769"/>
</if>
<status status="PASS" starttime="20231126 23:08:13.751" endtime="20231126 23:08:13.769"/>
</iter>
<iter>
<var name="${elem}">&lt;appium.webdriver.webelement.WebElement (session="483b38a9-f453-4966-a49a-1cfd2af38151", element="8d809278-ad95-414d-9c89-fc2c21679f31")&gt;</var>
<kw name="Get Element Attribute" library="AppiumLibrary">
<var>${country}</var>
<arg>${elem}</arg>
<arg>text</arg>
<doc>Get element attribute using given attribute: name, value,...</doc>
<msg timestamp="20231126 23:08:13.786" level="INFO">Element '&lt;appium.webdriver.webelement.WebElement (session="483b38a9-f453-4966-a49a-1cfd2af38151", element="8d809278-ad95-414d-9c89-fc2c21679f31")&gt;' attribute 'text' value 'Guinea-Bissau' </msg>
<msg timestamp="20231126 23:08:13.786" level="INFO">${country} = Guinea-Bissau</msg>
<status status="PASS" starttime="20231126 23:08:13.769" endtime="20231126 23:08:13.786"/>
</kw>
<if>
<branch type="IF" condition="&quot;${country}&quot; == ${country_name}">
<kw name="Click Element" library="AppiumLibrary">
<arg>${elem}</arg>
<doc>Click element identified by `locator`.</doc>
<status status="NOT RUN" starttime="20231126 23:08:13.787" endtime="20231126 23:08:13.787"/>
</kw>
<kw name="Evaluate" library="BuiltIn">
<var>${i}</var>
<arg>${i}-1</arg>
<doc>Evaluates the given expression in Python and returns the result.</doc>
<status status="NOT RUN" starttime="20231126 23:08:13.788" endtime="20231126 23:08:13.788"/>
</kw>
<break>
<status status="NOT RUN" starttime="20231126 23:08:13.788" endtime="20231126 23:08:13.788"/>
</break>
<status status="NOT RUN" starttime="20231126 23:08:13.787" endtime="20231126 23:08:13.788"/>
</branch>
<status status="PASS" starttime="20231126 23:08:13.787" endtime="20231126 23:08:13.788"/>
</if>
<status status="PASS" starttime="20231126 23:08:13.769" endtime="20231126 23:08:13.788"/>
</iter>
<iter>
<var name="${elem}">&lt;appium.webdriver.webelement.WebElement (session="483b38a9-f453-4966-a49a-1cfd2af38151", element="9dce1ae8-668a-4808-897d-e24680475498")&gt;</var>
<kw name="Get Element Attribute" library="AppiumLibrary">
<var>${country}</var>
<arg>${elem}</arg>
<arg>text</arg>
<doc>Get element attribute using given attribute: name, value,...</doc>
<msg timestamp="20231126 23:08:13.806" level="INFO">Element '&lt;appium.webdriver.webelement.WebElement (session="483b38a9-f453-4966-a49a-1cfd2af38151", element="9dce1ae8-668a-4808-897d-e24680475498")&gt;' attribute 'text' value 'Guyana' </msg>
<msg timestamp="20231126 23:08:13.806" level="INFO">${country} = Guyana</msg>
<status status="PASS" starttime="20231126 23:08:13.788" endtime="20231126 23:08:13.806"/>
</kw>
<if>
<branch type="IF" condition="&quot;${country}&quot; == ${country_name}">
<kw name="Click Element" library="AppiumLibrary">
<arg>${elem}</arg>
<doc>Click element identified by `locator`.</doc>
<status status="NOT RUN" starttime="20231126 23:08:13.806" endtime="20231126 23:08:13.806"/>
</kw>
<kw name="Evaluate" library="BuiltIn">
<var>${i}</var>
<arg>${i}-1</arg>
<doc>Evaluates the given expression in Python and returns the result.</doc>
<status status="NOT RUN" starttime="20231126 23:08:13.807" endtime="20231126 23:08:13.807"/>
</kw>
<break>
<status status="NOT RUN" starttime="20231126 23:08:13.807" endtime="20231126 23:08:13.807"/>
</break>
<status status="NOT RUN" starttime="20231126 23:08:13.806" endtime="20231126 23:08:13.807"/>
</branch>
<status status="PASS" starttime="20231126 23:08:13.806" endtime="20231126 23:08:13.807"/>
</if>
<status status="PASS" starttime="20231126 23:08:13.788" endtime="20231126 23:08:13.807"/>
</iter>
<iter>
<var name="${elem}">&lt;appium.webdriver.webelement.WebElement (session="483b38a9-f453-4966-a49a-1cfd2af38151", element="ecc8247a-3c9a-4db2-bcb4-c42318c6b702")&gt;</var>
<kw name="Get Element Attribute" library="AppiumLibrary">
<var>${country}</var>
<arg>${elem}</arg>
<arg>text</arg>
<doc>Get element attribute using given attribute: name, value,...</doc>
<msg timestamp="20231126 23:08:13.822" level="INFO">Element '&lt;appium.webdriver.webelement.WebElement (session="483b38a9-f453-4966-a49a-1cfd2af38151", element="ecc8247a-3c9a-4db2-bcb4-c42318c6b702")&gt;' attribute 'text' value 'Haiti' </msg>
<msg timestamp="20231126 23:08:13.822" level="INFO">${country} = Haiti</msg>
<status status="PASS" starttime="20231126 23:08:13.807" endtime="20231126 23:08:13.822"/>
</kw>
<if>
<branch type="IF" condition="&quot;${country}&quot; == ${country_name}">
<kw name="Click Element" library="AppiumLibrary">
<arg>${elem}</arg>
<doc>Click element identified by `locator`.</doc>
<status status="NOT RUN" starttime="20231126 23:08:13.822" endtime="20231126 23:08:13.822"/>
</kw>
<kw name="Evaluate" library="BuiltIn">
<var>${i}</var>
<arg>${i}-1</arg>
<doc>Evaluates the given expression in Python and returns the result.</doc>
<status status="NOT RUN" starttime="20231126 23:08:13.822" endtime="20231126 23:08:13.822"/>
</kw>
<break>
<status status="NOT RUN" starttime="20231126 23:08:13.822" endtime="20231126 23:08:13.822"/>
</break>
<status status="NOT RUN" starttime="20231126 23:08:13.822" endtime="20231126 23:08:13.822"/>
</branch>
<status status="PASS" starttime="20231126 23:08:13.822" endtime="20231126 23:08:13.822"/>
</if>
<status status="PASS" starttime="20231126 23:08:13.807" endtime="20231126 23:08:13.822"/>
</iter>
<iter>
<var name="${elem}">&lt;appium.webdriver.webelement.WebElement (session="483b38a9-f453-4966-a49a-1cfd2af38151", element="16f0a5ab-8322-4db7-9f56-ae3c9347a5af")&gt;</var>
<kw name="Get Element Attribute" library="AppiumLibrary">
<var>${country}</var>
<arg>${elem}</arg>
<arg>text</arg>
<doc>Get element attribute using given attribute: name, value,...</doc>
<msg timestamp="20231126 23:08:13.840" level="INFO">Element '&lt;appium.webdriver.webelement.WebElement (session="483b38a9-f453-4966-a49a-1cfd2af38151", element="16f0a5ab-8322-4db7-9f56-ae3c9347a5af")&gt;' attribute 'text' value 'Heard and Mc Donald Islands' </msg>
<msg timestamp="20231126 23:08:13.840" level="INFO">${country} = Heard and Mc Donald Islands</msg>
<status status="PASS" starttime="20231126 23:08:13.824" endtime="20231126 23:08:13.840"/>
</kw>
<if>
<branch type="IF" condition="&quot;${country}&quot; == ${country_name}">
<kw name="Click Element" library="AppiumLibrary">
<arg>${elem}</arg>
<doc>Click element identified by `locator`.</doc>
<status status="NOT RUN" starttime="20231126 23:08:13.840" endtime="20231126 23:08:13.840"/>
</kw>
<kw name="Evaluate" library="BuiltIn">
<var>${i}</var>
<arg>${i}-1</arg>
<doc>Evaluates the given expression in Python and returns the result.</doc>
<status status="NOT RUN" starttime="20231126 23:08:13.840" endtime="20231126 23:08:13.840"/>
</kw>
<break>
<status status="NOT RUN" starttime="20231126 23:08:13.840" endtime="20231126 23:08:13.840"/>
</break>
<status status="NOT RUN" starttime="20231126 23:08:13.840" endtime="20231126 23:08:13.840"/>
</branch>
<status status="PASS" starttime="20231126 23:08:13.840" endtime="20231126 23:08:13.840"/>
</if>
<status status="PASS" starttime="20231126 23:08:13.824" endtime="20231126 23:08:13.840"/>
</iter>
<status status="PASS" starttime="20231126 23:08:13.678" endtime="20231126 23:08:13.840"/>
</for>
<kw name="Swipe" library="AppiumLibrary">
<arg>789</arg>
<arg>2088</arg>
<arg>178</arg>
<arg>595</arg>
<arg>500</arg>
<doc>Swipe from one point to another point, for an optional duration.</doc>
<kw name="Capture Page Screenshot" library="AppiumLibrary">
<doc>Takes a screenshot of the current page and embeds it into the log.</doc>
<msg timestamp="20231126 23:08:15.375" level="FAIL">WebDriverException: Message: An unknown server-side error occurred while processing the command. Original error: Could not proxy command to remote server. Original error: Error: socket hang up
Stacktrace:
UnknownError: An unknown server-side error occurred while processing the command. Original error: Could not proxy command to remote server. Original error: Error: socket hang up
    at JWProxy.command (C:\Program Files\Appium\resources\app\node_modules\appium\node_modules\appium-base-driver\lib\jsonwp-proxy\proxy.js:266:13)</msg>
<status status="FAIL" starttime="20231126 23:08:15.365" endtime="20231126 23:08:15.434"/>
</kw>
<msg timestamp="20231126 23:08:15.437" level="WARN">Keyword 'Capture Page Screenshot' could not be run on failure: WebDriverException: Message: An unknown server-side error occurred while processing the command. Original error: Could not proxy command to remote server. Original error: Error: socket hang up
Stacktrace:
UnknownError: An unknown server-side error occurred while processing the command. Original error: Could not proxy command to remote server. Original error: Error: socket hang up
    at JWProxy.command (C:\Program Files\Appium\resources\app\node_modules\appium\node_modules\appium-base-driver\lib\jsonwp-proxy\proxy.js:266:13)</msg>
<msg timestamp="20231126 23:08:15.438" level="FAIL">InvalidElementStateException: Message: Unable to perform W3C actions. Check the logcat output for possible error reports and make sure your input actions chain is valid.
Stacktrace:
io.appium.uiautomator2.common.exceptions.InvalidElementStateException: Unable to perform W3C actions. Check the logcat output for possible error reports and make sure your input actions chain is valid.
	at io.appium.uiautomator2.handler.W3CActions.safeHandle(W3CActions.java:84)
	at io.appium.uiautomator2.handler.request.SafeRequestHandler.handle(SafeRequestHandler.java:38)
	at io.appium.uiautomator2.server.AppiumServlet.handleRequest(AppiumServlet.java:252)
	at io.appium.uiautomator2.server.AppiumServlet.handleHttpRequest(AppiumServlet.java:242)
	at io.appium.uiautomator2.http.ServerHandler.channelRead(ServerHandler.java:51)
	at io.netty.channel.AbstractChannelHandlerContext.invokeChannelRead(AbstractChannelHandlerContext.java:366)
	at io.netty.channel.AbstractChannelHandlerContext.invokeChannelRead(AbstractChannelHandlerContext.java:352)
	at io.netty.channel.AbstractChannelHandlerContext.fireChannelRead(AbstractChannelHandlerContext.java:345)
	at io.netty.handler.codec.MessageToMessageDecoder.channelRead(MessageToMessageDecoder.java:102)
	at io.netty.channel.AbstractChannelHandlerContext.invokeChannelRead(AbstractChannelHandlerContext.java:366)
	at io.netty.channel.AbstractChannelHandlerContext.invokeChannelRead(AbstractChannelHandlerContext.java:352)
	at io.netty.channel.AbstractChannelHandlerContext.fireChannelRead(AbstractChannelHandlerContext.java:345)
	at io.netty.channel.CombinedChannelDuplexHandler$DelegatingChannelHandlerContext.fireChannelRead(CombinedChannelDuplexHandler.java:435)
	at io.netty.handler.codec.ByteToMessageDecoder.fireChannelRead(ByteToMessageDecoder.java:293)
	at io.netty.handler.codec.ByteToMessageDecoder.channelRead(ByteToMessageDecoder.java:267)
	at io.netty.channel.CombinedChannelDuplexHandler.channelRead(CombinedChannelDuplexHandler.java:250)
	at io.netty.channel.AbstractChannelHandlerContext.invokeChannelRead(AbstractChannelHandlerContext.java:366)
	at io.netty.channel.AbstractChannelHandlerContext.invokeChannelRead(AbstractChannelHandlerContext.java:352)
	at io.netty.channel.AbstractChannelHandlerContext.fireChannelRead(AbstractChannelHandlerContext.java:345)
	at io.netty.channel.DefaultChannelPipeline$HeadContext.channelRead(DefaultChannelPipeline.java:1294)
	at io.netty.channel.AbstractChannelHandlerContext.invokeChannelRead(AbstractChannelHandlerContext.java:366)
	at io.netty.channel.AbstractChannelHandlerContext.invokeChannelRead(AbstractChannelHandlerContext.java:352)
	at io.netty.channel.DefaultChannelPipeline.fireChannelRead(DefaultChannelPipeline.java:911)
	at io.netty.channel.nio.AbstractNioByteChannel$NioByteUnsafe.read(AbstractNioByteChannel.java:131)
	at io.netty.channel.nio.NioEventLoop.processSelectedKey(NioEventLoop.java:611)
	at io.netty.channel.nio.NioEventLoop.processSelectedKeysOptimized(NioEventLoop.java:552)
	at io.netty.channel.nio.NioEventLoop.processSelectedKeys(NioEventLoop.java:466)
	at io.netty.channel.nio.NioEventLoop.run(NioEventLoop.java:438)
	at io.netty.util.concurrent.SingleThreadEventExecutor$2.run(SingleThreadEventExecutor.java:140)
	at io.netty.util.concurrent.DefaultThreadFactory$DefaultRunnableDecorator.run(DefaultThreadFactory.java:144)
	at java.lang.Thread.run(Thread.java:764)
</msg>
<status status="FAIL" starttime="20231126 23:08:13.841" endtime="20231126 23:08:15.440"/>
</kw>
<status status="FAIL" starttime="20231126 23:08:12.762" endtime="20231126 23:08:15.440"/>
</iter>
<status status="FAIL" starttime="20231126 23:07:41.511" endtime="20231126 23:08:15.440"/>
</while>
<status status="FAIL" starttime="20231126 23:07:36.509" endtime="20231126 23:08:15.441"/>
</kw>
<kw name="Entering name" library="Gen_store_app_operations">
<status status="NOT RUN" starttime="20231126 23:08:15.441" endtime="20231126 23:08:15.441"/>
</kw>
<kw name="Clicking gender radio button" library="Gen_store_app_operations">
<status status="NOT RUN" starttime="20231126 23:08:15.441" endtime="20231126 23:08:15.442"/>
</kw>
<kw name="Click on proceed to shop button" library="Gen_store_app_operations">
<status status="NOT RUN" starttime="20231126 23:08:15.442" endtime="20231126 23:08:15.442"/>
</kw>
<kw name="Selecting a shoe from the shoes item page &amp; adding to cart" library="Gen_store_app_operations">
<status status="NOT RUN" starttime="20231126 23:08:15.442" endtime="20231126 23:08:15.442"/>
</kw>
<kw name="Click on cart button" library="Gen_store_app_operations">
<status status="NOT RUN" starttime="20231126 23:08:15.442" endtime="20231126 23:08:15.442"/>
</kw>
<kw name="Click on the email subscribe check box" library="Gen_store_app_operations">
<status status="NOT RUN" starttime="20231126 23:08:15.442" endtime="20231126 23:08:15.442"/>
</kw>
<kw name="Click on terms &amp; conditions field" library="Gen_store_app_operations">
<status status="NOT RUN" starttime="20231126 23:08:15.442" endtime="20231126 23:08:15.442"/>
</kw>
<status status="FAIL" starttime="20231126 23:07:14.909" endtime="20231126 23:08:15.444">InvalidElementStateException: Message: Unable to perform W3C actions. Check the logcat output for possible error reports and make sure your input actions chain is valid.
Stacktrace:
io.appium.uiautomator2.common.exceptions.InvalidElementStateException: Unable to perform W3C actions. Check the logcat output for possible error reports and make sure your input actions chain is valid.
	at io.appium.uiautomator2.handler.W3CActions.safeHandle(W3CActions.java:84)
	at io.appium.uiautomator2.handler.request.SafeRequestHandler.handle(SafeRequestHandler.java:38)
	at io.appium.uiautomator2.server.AppiumServlet.handleRequest(AppiumServlet.java:252)
	at io.appium.uiautomator2.server.AppiumServlet.handleHttpRequest(AppiumServlet.java:242)
	at io.appium.uiautomator2.http.ServerHandler.channelRead(ServerHandler.java:51)
	at io.netty.channel.AbstractChannelHandlerContext.invokeChannelRead(AbstractChannelHandlerContext.java:366)
	at io.netty.channel.AbstractChannelHandlerContext.invokeChannelRead(AbstractChannelHandlerContext.java:352)
    [ Message content over the limit has been removed. ]
	at io.netty.channel.AbstractChannelHandlerContext.invokeChannelRead(AbstractChannelHandlerContext.java:366)
	at io.netty.channel.AbstractChannelHandlerContext.invokeChannelRead(AbstractChannelHandlerContext.java:352)
	at io.netty.channel.DefaultChannelPipeline.fireChannelRead(DefaultChannelPipeline.java:911)
	at io.netty.channel.nio.AbstractNioByteChannel$NioByteUnsafe.read(AbstractNioByteChannel.java:131)
	at io.netty.channel.nio.NioEventLoop.processSelectedKey(NioEventLoop.java:611)
	at io.netty.channel.nio.NioEventLoop.processSelectedKeysOptimized(NioEventLoop.java:552)
	at io.netty.channel.nio.NioEventLoop.processSelectedKeys(NioEventLoop.java:466)
	at io.netty.channel.nio.NioEventLoop.run(NioEventLoop.java:438)
	at io.netty.util.concurrent.SingleThreadEventExecutor$2.run(SingleThreadEventExecutor.java:140)
	at io.netty.util.concurrent.DefaultThreadFactory$DefaultRunnableDecorator.run(DefaultThreadFactory.java:144)
	at java.lang.Thread.run(Thread.java:764)</status>
</test>
<status status="FAIL" starttime="20231126 23:05:52.539" endtime="20231126 23:08:15.446"/>
</suite>
<statistics>
<total>
<stat pass="1" fail="1" skip="0">All Tests</stat>
</total>
<tag>
</tag>
<suite>
<stat pass="1" fail="1" skip="0" id="s1" name="Shoe Validations">Shoe Validations</stat>
</suite>
</statistics>
<errors>
<msg timestamp="20231126 23:05:52.870" level="ERROR">Error in file 'C:\Kasi_python_moolya\robot_frame_work_aappium\Resources\Gen_store_app_operations.robot' on line 2: Resource file 'gen_resource.robot' does not exist.</msg>
<msg timestamp="20231126 23:08:15.437" level="WARN">Keyword 'Capture Page Screenshot' could not be run on failure: WebDriverException: Message: An unknown server-side error occurred while processing the command. Original error: Could not proxy command to remote server. Original error: Error: socket hang up
Stacktrace:
UnknownError: An unknown server-side error occurred while processing the command. Original error: Could not proxy command to remote server. Original error: Error: socket hang up
    at JWProxy.command (C:\Program Files\Appium\resources\app\node_modules\appium\node_modules\appium-base-driver\lib\jsonwp-proxy\proxy.js:266:13)</msg>
</errors>
</robot>
