<?xml version="1.0" encoding="UTF-8"?>
<robot generator="Robot 6.1.1 (Python 3.12.0 on win32)" generated="20231128 11:30:28.235" rpa="false" schemaversion="4">
<suite id="s1" name="Shoe Validations" source="C:\Kasi_python_moolya\robot_frame_work_aappium_DD\tests\shoe_validations.robot">
<test id="s1-t1" name="Adding a shoe to the cart &amp; proceed to checkout page" line="7">
<kw name="Opening the general app application" library="common_operations" type="SETUP">
<kw name="common locators read from excel file" library="data_fetch">
<kw name="Excel Data Read" library="locators_read_excel">
<var>${common_locators}</var>
<arg>..\\robot_frame_work_aappium_DD\\Data_setup\\test_data_fk.xlsx</arg>
<arg>common locators</arg>
<arg>A</arg>
<arg>B</arg>
<msg timestamp="20231128 11:30:29.429" level="INFO">${common_locators} = {'server': 'http://localhost:4723/wd/hub', 'Device_name': 'Mohana_VD', 'Platform_name': 'Android', 'App_package': 'com.androidsample.generalstore', 'App_activity': 'com.androidsample.generalstore.Spla...</msg>
<status status="PASS" starttime="20231128 11:30:29.401" endtime="20231128 11:30:29.429"/>
</kw>
<kw name="Set Global Variable" library="BuiltIn">
<arg>${common_locators}</arg>
<doc>Makes a variable available globally in all tests and suites.</doc>
<msg timestamp="20231128 11:30:29.430" level="INFO">${common_locators} = {'server': 'http://localhost:4723/wd/hub', 'Device_name': 'Mohana_VD', 'Platform_name': 'Android', 'App_package': 'com.androidsample.generalstore', 'App_activity': 'com.androidsample.generalstore.Spla...</msg>
<status status="PASS" starttime="20231128 11:30:29.429" endtime="20231128 11:30:29.430"/>
</kw>
<status status="PASS" starttime="20231128 11:30:29.400" endtime="20231128 11:30:29.431"/>
</kw>
<kw name="general store locators read from excel file" library="data_fetch">
<kw name="Excel Data Read" library="locators_read_excel">
<var>${General_store_locators}</var>
<arg>..\\robot_frame_work_aappium_DD\\Data_setup\\test_data_fk.xlsx</arg>
<arg>general store</arg>
<arg>A</arg>
<arg>B</arg>
<msg timestamp="20231128 11:30:29.459" level="INFO">${General_store_locators} = {'county_drop_down': 'android:id/text1', 'country_items': 'xpath=//android.widget.TextView', 'country_name': '"India"', 'name_filed': 'id=com.androidsample.generalstore:id/nameField', 'name_field_data...</msg>
<status status="PASS" starttime="20231128 11:30:29.431" endtime="20231128 11:30:29.459"/>
</kw>
<kw name="Set Global Variable" library="BuiltIn">
<arg>${General_store_locators}</arg>
<doc>Makes a variable available globally in all tests and suites.</doc>
<msg timestamp="20231128 11:30:29.460" level="INFO">${General_store_locators} = {'county_drop_down': 'android:id/text1', 'country_items': 'xpath=//android.widget.TextView', 'country_name': '"India"', 'name_filed': 'id=com.androidsample.generalstore:id/nameField', 'name_field_data...</msg>
<status status="PASS" starttime="20231128 11:30:29.459" endtime="20231128 11:30:29.460"/>
</kw>
<status status="PASS" starttime="20231128 11:30:29.431" endtime="20231128 11:30:29.460"/>
</kw>
<kw name="Open Application" library="AppiumLibrary">
<arg>${common_locators}[server]</arg>
<arg>devicename=${common_locators}[Device_name]</arg>
<arg>platformName=${common_locators}[Platform_name]</arg>
<arg>appPackage=${common_locators}[App_package]</arg>
<arg>appActivity=${common_locators}[App_activity]</arg>
<doc>Opens a new application to given Appium server.
Capabilities of appium server, Android and iOS,
Please check https://github.com/appium/appium/blob/master/docs/en/writing-running-appium/server-args.md
| *Option*            | *Man.* | *Description*     |
| remote_url          | Yes    | Appium server url |
| alias               | no     | alias             |
| strict_ssl          | No     | allows you to send commands to an invalid certificate host like a self-signed one. |</doc>
<status status="PASS" starttime="20231128 11:30:29.460" endtime="20231128 11:30:47.699"/>
</kw>
<status status="PASS" starttime="20231128 11:30:29.398" endtime="20231128 11:30:47.699"/>
</kw>
<kw name="Clicking country drop down" library="Gen_store_app_operations">
<kw name="Wait Until Page Contains Element" library="AppiumLibrary">
<arg>${General_store_locators}[county_drop_down]</arg>
<arg>15s</arg>
<doc>Waits until element specified with `locator` appears on current page.</doc>
<msg timestamp="20231128 11:30:51.494" level="INFO">criteria is android:id/text1
criteria is android:id/text1
criteria is android:id/text1
criteria is android:id/text1
criteria is android:id/text1
criteria is android:id/text1
criteria is android:id/text1
criteria is android:id/text1</msg>
<status status="PASS" starttime="20231128 11:30:47.700" endtime="20231128 11:30:51.495"/>
</kw>
<kw name="Click Element" library="AppiumLibrary">
<arg>${General_store_locators}[county_drop_down]</arg>
<doc>Click element identified by `locator`.</doc>
<msg timestamp="20231128 11:30:51.499" level="INFO">Clicking element 'android:id/text1'.</msg>
<msg timestamp="20231128 11:30:52.759" level="INFO">criteria is android:id/text1</msg>
<status status="PASS" starttime="20231128 11:30:51.495" endtime="20231128 11:30:52.759"/>
</kw>
<status status="PASS" starttime="20231128 11:30:47.699" endtime="20231128 11:30:52.759"/>
</kw>
<kw name="Selecting desired country from the drop down" library="Gen_store_app_operations">
<kw name="Evaluate" library="BuiltIn">
<var>${i}</var>
<arg>1</arg>
<doc>Evaluates the given expression in Python and returns the result.</doc>
<msg timestamp="20231128 11:30:52.761" level="INFO">${i} = 1</msg>
<status status="PASS" starttime="20231128 11:30:52.760" endtime="20231128 11:30:52.761"/>
</kw>
<while condition="${i}&gt;0">
<iter>
<kw name="Get Webelements" library="AppiumLibrary">
<var>${LIST_ELEMENTS}</var>
<arg>${General_store_locators}[country_items]</arg>
<doc>Returns list of [http://selenium-python.readthedocs.io/api.html#module-selenium.webdriver.remote.webelement|WebElement] objects matching ``locator``.</doc>
<msg timestamp="20231128 11:30:53.367" level="INFO">xpath criteria: //android.widget.TextView</msg>
<msg timestamp="20231128 11:30:53.367" level="INFO">${LIST_ELEMENTS} = [&lt;appium.webdriver.webelement.WebElement (session="82116c5d-9c5d-4738-82a8-7175d30ca6f7", element="91016ca5-c363-471b-bd9b-3a5cec471492")&gt;, &lt;appium.webdriver.webelement.WebElement (session="82116c5d-9...</msg>
<status status="PASS" starttime="20231128 11:30:52.761" endtime="20231128 11:30:53.367"/>
</kw>
<for flavor="IN">
<var>${elem}</var>
<value>@{LIST_ELEMENTS}</value>
<iter>
<var name="${elem}">&lt;appium.webdriver.webelement.WebElement (session="82116c5d-9c5d-4738-82a8-7175d30ca6f7", element="91016ca5-c363-471b-bd9b-3a5cec471492")&gt;</var>
<kw name="Get Element Attribute" library="AppiumLibrary">
<var>${country}</var>
<arg>${elem}</arg>
<arg>text</arg>
<doc>Get element attribute using given attribute: name, value,...</doc>
<msg timestamp="20231128 11:30:53.777" level="INFO">Element '&lt;appium.webdriver.webelement.WebElement (session="82116c5d-9c5d-4738-82a8-7175d30ca6f7", element="91016ca5-c363-471b-bd9b-3a5cec471492")&gt;' attribute 'text' value 'Algeria' </msg>
<msg timestamp="20231128 11:30:53.777" level="INFO">${country} = Algeria</msg>
<status status="PASS" starttime="20231128 11:30:53.368" endtime="20231128 11:30:53.777"/>
</kw>
<if>
<branch type="IF" condition="&quot;${country}&quot; == ${General_store_locators}[country_name]">
<kw name="Click Element" library="AppiumLibrary">
<arg>${elem}</arg>
<doc>Click element identified by `locator`.</doc>
<status status="NOT RUN" starttime="20231128 11:30:53.778" endtime="20231128 11:30:53.778"/>
</kw>
<kw name="Evaluate" library="BuiltIn">
<var>${i}</var>
<arg>${i}-1</arg>
<doc>Evaluates the given expression in Python and returns the result.</doc>
<status status="NOT RUN" starttime="20231128 11:30:53.778" endtime="20231128 11:30:53.778"/>
</kw>
<break>
<status status="NOT RUN" starttime="20231128 11:30:53.778" endtime="20231128 11:30:53.778"/>
</break>
<status status="NOT RUN" starttime="20231128 11:30:53.777" endtime="20231128 11:30:53.778"/>
</branch>
<status status="PASS" starttime="20231128 11:30:53.777" endtime="20231128 11:30:53.778"/>
</if>
<status status="PASS" starttime="20231128 11:30:53.368" endtime="20231128 11:30:53.778"/>
</iter>
<iter>
<var name="${elem}">&lt;appium.webdriver.webelement.WebElement (session="82116c5d-9c5d-4738-82a8-7175d30ca6f7", element="cdaafe85-06df-45dc-b0d9-25bdf90efa73")&gt;</var>
<kw name="Get Element Attribute" library="AppiumLibrary">
<var>${country}</var>
<arg>${elem}</arg>
<arg>text</arg>
<doc>Get element attribute using given attribute: name, value,...</doc>
<msg timestamp="20231128 11:30:53.801" level="INFO">Element '&lt;appium.webdriver.webelement.WebElement (session="82116c5d-9c5d-4738-82a8-7175d30ca6f7", element="cdaafe85-06df-45dc-b0d9-25bdf90efa73")&gt;' attribute 'text' value 'American Samoa' </msg>
<msg timestamp="20231128 11:30:53.801" level="INFO">${country} = American Samoa</msg>
<status status="PASS" starttime="20231128 11:30:53.778" endtime="20231128 11:30:53.801"/>
</kw>
<if>
<branch type="IF" condition="&quot;${country}&quot; == ${General_store_locators}[country_name]">
<kw name="Click Element" library="AppiumLibrary">
<arg>${elem}</arg>
<doc>Click element identified by `locator`.</doc>
<status status="NOT RUN" starttime="20231128 11:30:53.802" endtime="20231128 11:30:53.802"/>
</kw>
<kw name="Evaluate" library="BuiltIn">
<var>${i}</var>
<arg>${i}-1</arg>
<doc>Evaluates the given expression in Python and returns the result.</doc>
<status status="NOT RUN" starttime="20231128 11:30:53.802" endtime="20231128 11:30:53.802"/>
</kw>
<break>
<status status="NOT RUN" starttime="20231128 11:30:53.803" endtime="20231128 11:30:53.803"/>
</break>
<status status="NOT RUN" starttime="20231128 11:30:53.801" endtime="20231128 11:30:53.803"/>
</branch>
<status status="PASS" starttime="20231128 11:30:53.801" endtime="20231128 11:30:53.803"/>
</if>
<status status="PASS" starttime="20231128 11:30:53.778" endtime="20231128 11:30:53.803"/>
</iter>
<iter>
<var name="${elem}">&lt;appium.webdriver.webelement.WebElement (session="82116c5d-9c5d-4738-82a8-7175d30ca6f7", element="72e9b30e-cb2c-4894-83cb-e0ad9877007d")&gt;</var>
<kw name="Get Element Attribute" library="AppiumLibrary">
<var>${country}</var>
<arg>${elem}</arg>
<arg>text</arg>
<doc>Get element attribute using given attribute: name, value,...</doc>
<msg timestamp="20231128 11:30:53.831" level="INFO">Element '&lt;appium.webdriver.webelement.WebElement (session="82116c5d-9c5d-4738-82a8-7175d30ca6f7", element="72e9b30e-cb2c-4894-83cb-e0ad9877007d")&gt;' attribute 'text' value 'Andorra' </msg>
<msg timestamp="20231128 11:30:53.832" level="INFO">${country} = Andorra</msg>
<status status="PASS" starttime="20231128 11:30:53.803" endtime="20231128 11:30:53.832"/>
</kw>
<if>
<branch type="IF" condition="&quot;${country}&quot; == ${General_store_locators}[country_name]">
<kw name="Click Element" library="AppiumLibrary">
<arg>${elem}</arg>
<doc>Click element identified by `locator`.</doc>
<status status="NOT RUN" starttime="20231128 11:30:53.832" endtime="20231128 11:30:53.832"/>
</kw>
<kw name="Evaluate" library="BuiltIn">
<var>${i}</var>
<arg>${i}-1</arg>
<doc>Evaluates the given expression in Python and returns the result.</doc>
<status status="NOT RUN" starttime="20231128 11:30:53.832" endtime="20231128 11:30:53.832"/>
</kw>
<break>
<status status="NOT RUN" starttime="20231128 11:30:53.832" endtime="20231128 11:30:53.832"/>
</break>
<status status="NOT RUN" starttime="20231128 11:30:53.832" endtime="20231128 11:30:53.832"/>
</branch>
<status status="PASS" starttime="20231128 11:30:53.832" endtime="20231128 11:30:53.833"/>
</if>
<status status="PASS" starttime="20231128 11:30:53.803" endtime="20231128 11:30:53.833"/>
</iter>
<iter>
<var name="${elem}">&lt;appium.webdriver.webelement.WebElement (session="82116c5d-9c5d-4738-82a8-7175d30ca6f7", element="0c6768fc-ebea-4a14-b593-3722dbdea3eb")&gt;</var>
<kw name="Get Element Attribute" library="AppiumLibrary">
<var>${country}</var>
<arg>${elem}</arg>
<arg>text</arg>
<doc>Get element attribute using given attribute: name, value,...</doc>
<msg timestamp="20231128 11:30:53.861" level="INFO">Element '&lt;appium.webdriver.webelement.WebElement (session="82116c5d-9c5d-4738-82a8-7175d30ca6f7", element="0c6768fc-ebea-4a14-b593-3722dbdea3eb")&gt;' attribute 'text' value 'Angola' </msg>
<msg timestamp="20231128 11:30:53.861" level="INFO">${country} = Angola</msg>
<status status="PASS" starttime="20231128 11:30:53.833" endtime="20231128 11:30:53.861"/>
</kw>
<if>
<branch type="IF" condition="&quot;${country}&quot; == ${General_store_locators}[country_name]">
<kw name="Click Element" library="AppiumLibrary">
<arg>${elem}</arg>
<doc>Click element identified by `locator`.</doc>
<status status="NOT RUN" starttime="20231128 11:30:53.862" endtime="20231128 11:30:53.862"/>
</kw>
<kw name="Evaluate" library="BuiltIn">
<var>${i}</var>
<arg>${i}-1</arg>
<doc>Evaluates the given expression in Python and returns the result.</doc>
<status status="NOT RUN" starttime="20231128 11:30:53.862" endtime="20231128 11:30:53.862"/>
</kw>
<break>
<status status="NOT RUN" starttime="20231128 11:30:53.862" endtime="20231128 11:30:53.862"/>
</break>
<status status="NOT RUN" starttime="20231128 11:30:53.861" endtime="20231128 11:30:53.862"/>
</branch>
<status status="PASS" starttime="20231128 11:30:53.861" endtime="20231128 11:30:53.862"/>
</if>
<status status="PASS" starttime="20231128 11:30:53.833" endtime="20231128 11:30:53.862"/>
</iter>
<iter>
<var name="${elem}">&lt;appium.webdriver.webelement.WebElement (session="82116c5d-9c5d-4738-82a8-7175d30ca6f7", element="d9c4da22-67db-4b5d-8d64-bf44f9c9da15")&gt;</var>
<kw name="Get Element Attribute" library="AppiumLibrary">
<var>${country}</var>
<arg>${elem}</arg>
<arg>text</arg>
<doc>Get element attribute using given attribute: name, value,...</doc>
<msg timestamp="20231128 11:30:53.893" level="INFO">Element '&lt;appium.webdriver.webelement.WebElement (session="82116c5d-9c5d-4738-82a8-7175d30ca6f7", element="d9c4da22-67db-4b5d-8d64-bf44f9c9da15")&gt;' attribute 'text' value 'Anguilla' </msg>
<msg timestamp="20231128 11:30:53.893" level="INFO">${country} = Anguilla</msg>
<status status="PASS" starttime="20231128 11:30:53.863" endtime="20231128 11:30:53.893"/>
</kw>
<if>
<branch type="IF" condition="&quot;${country}&quot; == ${General_store_locators}[country_name]">
<kw name="Click Element" library="AppiumLibrary">
<arg>${elem}</arg>
<doc>Click element identified by `locator`.</doc>
<status status="NOT RUN" starttime="20231128 11:30:53.893" endtime="20231128 11:30:53.893"/>
</kw>
<kw name="Evaluate" library="BuiltIn">
<var>${i}</var>
<arg>${i}-1</arg>
<doc>Evaluates the given expression in Python and returns the result.</doc>
<status status="NOT RUN" starttime="20231128 11:30:53.893" endtime="20231128 11:30:53.894"/>
</kw>
<break>
<status status="NOT RUN" starttime="20231128 11:30:53.894" endtime="20231128 11:30:53.894"/>
</break>
<status status="NOT RUN" starttime="20231128 11:30:53.893" endtime="20231128 11:30:53.894"/>
</branch>
<status status="PASS" starttime="20231128 11:30:53.893" endtime="20231128 11:30:53.894"/>
</if>
<status status="PASS" starttime="20231128 11:30:53.862" endtime="20231128 11:30:53.894"/>
</iter>
<iter>
<var name="${elem}">&lt;appium.webdriver.webelement.WebElement (session="82116c5d-9c5d-4738-82a8-7175d30ca6f7", element="01db8202-4438-469d-a9e7-e6dbc0730a77")&gt;</var>
<kw name="Get Element Attribute" library="AppiumLibrary">
<var>${country}</var>
<arg>${elem}</arg>
<arg>text</arg>
<doc>Get element attribute using given attribute: name, value,...</doc>
<msg timestamp="20231128 11:30:53.918" level="INFO">Element '&lt;appium.webdriver.webelement.WebElement (session="82116c5d-9c5d-4738-82a8-7175d30ca6f7", element="01db8202-4438-469d-a9e7-e6dbc0730a77")&gt;' attribute 'text' value 'Antarctica' </msg>
<msg timestamp="20231128 11:30:53.918" level="INFO">${country} = Antarctica</msg>
<status status="PASS" starttime="20231128 11:30:53.894" endtime="20231128 11:30:53.918"/>
</kw>
<if>
<branch type="IF" condition="&quot;${country}&quot; == ${General_store_locators}[country_name]">
<kw name="Click Element" library="AppiumLibrary">
<arg>${elem}</arg>
<doc>Click element identified by `locator`.</doc>
<status status="NOT RUN" starttime="20231128 11:30:53.918" endtime="20231128 11:30:53.919"/>
</kw>
<kw name="Evaluate" library="BuiltIn">
<var>${i}</var>
<arg>${i}-1</arg>
<doc>Evaluates the given expression in Python and returns the result.</doc>
<status status="NOT RUN" starttime="20231128 11:30:53.919" endtime="20231128 11:30:53.919"/>
</kw>
<break>
<status status="NOT RUN" starttime="20231128 11:30:53.919" endtime="20231128 11:30:53.919"/>
</break>
<status status="NOT RUN" starttime="20231128 11:30:53.918" endtime="20231128 11:30:53.919"/>
</branch>
<status status="PASS" starttime="20231128 11:30:53.918" endtime="20231128 11:30:53.919"/>
</if>
<status status="PASS" starttime="20231128 11:30:53.894" endtime="20231128 11:30:53.919"/>
</iter>
<iter>
<var name="${elem}">&lt;appium.webdriver.webelement.WebElement (session="82116c5d-9c5d-4738-82a8-7175d30ca6f7", element="7c871297-152d-4f14-b7ba-c2e7f2a8225b")&gt;</var>
<kw name="Get Element Attribute" library="AppiumLibrary">
<var>${country}</var>
<arg>${elem}</arg>
<arg>text</arg>
<doc>Get element attribute using given attribute: name, value,...</doc>
<msg timestamp="20231128 11:30:53.967" level="INFO">Element '&lt;appium.webdriver.webelement.WebElement (session="82116c5d-9c5d-4738-82a8-7175d30ca6f7", element="7c871297-152d-4f14-b7ba-c2e7f2a8225b")&gt;' attribute 'text' value 'Antigua and Barbuda' </msg>
<msg timestamp="20231128 11:30:53.967" level="INFO">${country} = Antigua and Barbuda</msg>
<status status="PASS" starttime="20231128 11:30:53.919" endtime="20231128 11:30:53.967"/>
</kw>
<if>
<branch type="IF" condition="&quot;${country}&quot; == ${General_store_locators}[country_name]">
<kw name="Click Element" library="AppiumLibrary">
<arg>${elem}</arg>
<doc>Click element identified by `locator`.</doc>
<status status="NOT RUN" starttime="20231128 11:30:53.968" endtime="20231128 11:30:53.968"/>
</kw>
<kw name="Evaluate" library="BuiltIn">
<var>${i}</var>
<arg>${i}-1</arg>
<doc>Evaluates the given expression in Python and returns the result.</doc>
<status status="NOT RUN" starttime="20231128 11:30:53.968" endtime="20231128 11:30:53.968"/>
</kw>
<break>
<status status="NOT RUN" starttime="20231128 11:30:53.968" endtime="20231128 11:30:53.968"/>
</break>
<status status="NOT RUN" starttime="20231128 11:30:53.967" endtime="20231128 11:30:53.968"/>
</branch>
<status status="PASS" starttime="20231128 11:30:53.967" endtime="20231128 11:30:53.968"/>
</if>
<status status="PASS" starttime="20231128 11:30:53.919" endtime="20231128 11:30:53.968"/>
</iter>
<status status="PASS" starttime="20231128 11:30:53.368" endtime="20231128 11:30:53.968"/>
</for>
<kw name="Swipe" library="AppiumLibrary">
<arg>789</arg>
<arg>2088</arg>
<arg>178</arg>
<arg>595</arg>
<arg>500</arg>
<doc>Swipe from one point to another point, for an optional duration.</doc>
<status status="PASS" starttime="20231128 11:30:53.968" endtime="20231128 11:30:56.315"/>
</kw>
<kw name="Sleep" library="BuiltIn">
<arg>3s</arg>
<doc>Pauses the test executed for the given time.</doc>
<msg timestamp="20231128 11:30:59.315" level="INFO">Slept 3 seconds</msg>
<status status="PASS" starttime="20231128 11:30:56.315" endtime="20231128 11:30:59.315"/>
</kw>
<status status="PASS" starttime="20231128 11:30:52.761" endtime="20231128 11:30:59.315"/>
</iter>
<iter>
<kw name="Get Webelements" library="AppiumLibrary">
<var>${LIST_ELEMENTS}</var>
<arg>${General_store_locators}[country_items]</arg>
<doc>Returns list of [http://selenium-python.readthedocs.io/api.html#module-selenium.webdriver.remote.webelement|WebElement] objects matching ``locator``.</doc>
<msg timestamp="20231128 11:30:59.518" level="INFO">xpath criteria: //android.widget.TextView</msg>
<msg timestamp="20231128 11:30:59.518" level="INFO">${LIST_ELEMENTS} = [&lt;appium.webdriver.webelement.WebElement (session="82116c5d-9c5d-4738-82a8-7175d30ca6f7", element="8dfd6fb7-c4b3-4d91-aa73-5e36da8917eb")&gt;, &lt;appium.webdriver.webelement.WebElement (session="82116c5d-9...</msg>
<status status="PASS" starttime="20231128 11:30:59.315" endtime="20231128 11:30:59.518"/>
</kw>
<for flavor="IN">
<var>${elem}</var>
<value>@{LIST_ELEMENTS}</value>
<iter>
<var name="${elem}">&lt;appium.webdriver.webelement.WebElement (session="82116c5d-9c5d-4738-82a8-7175d30ca6f7", element="8dfd6fb7-c4b3-4d91-aa73-5e36da8917eb")&gt;</var>
<kw name="Get Element Attribute" library="AppiumLibrary">
<var>${country}</var>
<arg>${elem}</arg>
<arg>text</arg>
<doc>Get element attribute using given attribute: name, value,...</doc>
<msg timestamp="20231128 11:30:59.543" level="INFO">Element '&lt;appium.webdriver.webelement.WebElement (session="82116c5d-9c5d-4738-82a8-7175d30ca6f7", element="8dfd6fb7-c4b3-4d91-aa73-5e36da8917eb")&gt;' attribute 'text' value 'Antigua and Barbuda' </msg>
<msg timestamp="20231128 11:30:59.543" level="INFO">${country} = Antigua and Barbuda</msg>
<status status="PASS" starttime="20231128 11:30:59.518" endtime="20231128 11:30:59.543"/>
</kw>
<if>
<branch type="IF" condition="&quot;${country}&quot; == ${General_store_locators}[country_name]">
<kw name="Click Element" library="AppiumLibrary">
<arg>${elem}</arg>
<doc>Click element identified by `locator`.</doc>
<status status="NOT RUN" starttime="20231128 11:30:59.543" endtime="20231128 11:30:59.543"/>
</kw>
<kw name="Evaluate" library="BuiltIn">
<var>${i}</var>
<arg>${i}-1</arg>
<doc>Evaluates the given expression in Python and returns the result.</doc>
<status status="NOT RUN" starttime="20231128 11:30:59.545" endtime="20231128 11:30:59.545"/>
</kw>
<break>
<status status="NOT RUN" starttime="20231128 11:30:59.545" endtime="20231128 11:30:59.545"/>
</break>
<status status="NOT RUN" starttime="20231128 11:30:59.543" endtime="20231128 11:30:59.545"/>
</branch>
<status status="PASS" starttime="20231128 11:30:59.543" endtime="20231128 11:30:59.545"/>
</if>
<status status="PASS" starttime="20231128 11:30:59.518" endtime="20231128 11:30:59.545"/>
</iter>
<iter>
<var name="${elem}">&lt;appium.webdriver.webelement.WebElement (session="82116c5d-9c5d-4738-82a8-7175d30ca6f7", element="7892b945-1157-49b6-9ffb-505b356d0ba6")&gt;</var>
<kw name="Get Element Attribute" library="AppiumLibrary">
<var>${country}</var>
<arg>${elem}</arg>
<arg>text</arg>
<doc>Get element attribute using given attribute: name, value,...</doc>
<msg timestamp="20231128 11:30:59.568" level="INFO">Element '&lt;appium.webdriver.webelement.WebElement (session="82116c5d-9c5d-4738-82a8-7175d30ca6f7", element="7892b945-1157-49b6-9ffb-505b356d0ba6")&gt;' attribute 'text' value 'Argentina' </msg>
<msg timestamp="20231128 11:30:59.568" level="INFO">${country} = Argentina</msg>
<status status="PASS" starttime="20231128 11:30:59.545" endtime="20231128 11:30:59.568"/>
</kw>
<if>
<branch type="IF" condition="&quot;${country}&quot; == ${General_store_locators}[country_name]">
<kw name="Click Element" library="AppiumLibrary">
<arg>${elem}</arg>
<doc>Click element identified by `locator`.</doc>
<status status="NOT RUN" starttime="20231128 11:30:59.569" endtime="20231128 11:30:59.569"/>
</kw>
<kw name="Evaluate" library="BuiltIn">
<var>${i}</var>
<arg>${i}-1</arg>
<doc>Evaluates the given expression in Python and returns the result.</doc>
<status status="NOT RUN" starttime="20231128 11:30:59.569" endtime="20231128 11:30:59.569"/>
</kw>
<break>
<status status="NOT RUN" starttime="20231128 11:30:59.569" endtime="20231128 11:30:59.569"/>
</break>
<status status="NOT RUN" starttime="20231128 11:30:59.568" endtime="20231128 11:30:59.569"/>
</branch>
<status status="PASS" starttime="20231128 11:30:59.568" endtime="20231128 11:30:59.569"/>
</if>
<status status="PASS" starttime="20231128 11:30:59.545" endtime="20231128 11:30:59.569"/>
</iter>
<iter>
<var name="${elem}">&lt;appium.webdriver.webelement.WebElement (session="82116c5d-9c5d-4738-82a8-7175d30ca6f7", element="fdf4b87a-a89f-4aee-9bc7-96dbd9c3e00f")&gt;</var>
<kw name="Get Element Attribute" library="AppiumLibrary">
<var>${country}</var>
<arg>${elem}</arg>
<arg>text</arg>
<doc>Get element attribute using given attribute: name, value,...</doc>
<msg timestamp="20231128 11:30:59.592" level="INFO">Element '&lt;appium.webdriver.webelement.WebElement (session="82116c5d-9c5d-4738-82a8-7175d30ca6f7", element="fdf4b87a-a89f-4aee-9bc7-96dbd9c3e00f")&gt;' attribute 'text' value 'Armenia' </msg>
<msg timestamp="20231128 11:30:59.592" level="INFO">${country} = Armenia</msg>
<status status="PASS" starttime="20231128 11:30:59.569" endtime="20231128 11:30:59.592"/>
</kw>
<if>
<branch type="IF" condition="&quot;${country}&quot; == ${General_store_locators}[country_name]">
<kw name="Click Element" library="AppiumLibrary">
<arg>${elem}</arg>
<doc>Click element identified by `locator`.</doc>
<status status="NOT RUN" starttime="20231128 11:30:59.592" endtime="20231128 11:30:59.593"/>
</kw>
<kw name="Evaluate" library="BuiltIn">
<var>${i}</var>
<arg>${i}-1</arg>
<doc>Evaluates the given expression in Python and returns the result.</doc>
<status status="NOT RUN" starttime="20231128 11:30:59.593" endtime="20231128 11:30:59.593"/>
</kw>
<break>
<status status="NOT RUN" starttime="20231128 11:30:59.593" endtime="20231128 11:30:59.593"/>
</break>
<status status="NOT RUN" starttime="20231128 11:30:59.592" endtime="20231128 11:30:59.593"/>
</branch>
<status status="PASS" starttime="20231128 11:30:59.592" endtime="20231128 11:30:59.593"/>
</if>
<status status="PASS" starttime="20231128 11:30:59.569" endtime="20231128 11:30:59.593"/>
</iter>
<iter>
<var name="${elem}">&lt;appium.webdriver.webelement.WebElement (session="82116c5d-9c5d-4738-82a8-7175d30ca6f7", element="6daa5556-2886-4971-b198-2d7197acdd3a")&gt;</var>
<kw name="Get Element Attribute" library="AppiumLibrary">
<var>${country}</var>
<arg>${elem}</arg>
<arg>text</arg>
<doc>Get element attribute using given attribute: name, value,...</doc>
<msg timestamp="20231128 11:30:59.619" level="INFO">Element '&lt;appium.webdriver.webelement.WebElement (session="82116c5d-9c5d-4738-82a8-7175d30ca6f7", element="6daa5556-2886-4971-b198-2d7197acdd3a")&gt;' attribute 'text' value 'Aruba' </msg>
<msg timestamp="20231128 11:30:59.619" level="INFO">${country} = Aruba</msg>
<status status="PASS" starttime="20231128 11:30:59.593" endtime="20231128 11:30:59.619"/>
</kw>
<if>
<branch type="IF" condition="&quot;${country}&quot; == ${General_store_locators}[country_name]">
<kw name="Click Element" library="AppiumLibrary">
<arg>${elem}</arg>
<doc>Click element identified by `locator`.</doc>
<status status="NOT RUN" starttime="20231128 11:30:59.620" endtime="20231128 11:30:59.620"/>
</kw>
<kw name="Evaluate" library="BuiltIn">
<var>${i}</var>
<arg>${i}-1</arg>
<doc>Evaluates the given expression in Python and returns the result.</doc>
<status status="NOT RUN" starttime="20231128 11:30:59.620" endtime="20231128 11:30:59.620"/>
</kw>
<break>
<status status="NOT RUN" starttime="20231128 11:30:59.620" endtime="20231128 11:30:59.620"/>
</break>
<status status="NOT RUN" starttime="20231128 11:30:59.620" endtime="20231128 11:30:59.620"/>
</branch>
<status status="PASS" starttime="20231128 11:30:59.620" endtime="20231128 11:30:59.620"/>
</if>
<status status="PASS" starttime="20231128 11:30:59.593" endtime="20231128 11:30:59.620"/>
</iter>
<iter>
<var name="${elem}">&lt;appium.webdriver.webelement.WebElement (session="82116c5d-9c5d-4738-82a8-7175d30ca6f7", element="e6c77c67-0919-4a48-be47-5568fb8f9ebf")&gt;</var>
<kw name="Get Element Attribute" library="AppiumLibrary">
<var>${country}</var>
<arg>${elem}</arg>
<arg>text</arg>
<doc>Get element attribute using given attribute: name, value,...</doc>
<msg timestamp="20231128 11:30:59.646" level="INFO">Element '&lt;appium.webdriver.webelement.WebElement (session="82116c5d-9c5d-4738-82a8-7175d30ca6f7", element="e6c77c67-0919-4a48-be47-5568fb8f9ebf")&gt;' attribute 'text' value 'Australia' </msg>
<msg timestamp="20231128 11:30:59.647" level="INFO">${country} = Australia</msg>
<status status="PASS" starttime="20231128 11:30:59.620" endtime="20231128 11:30:59.647"/>
</kw>
<if>
<branch type="IF" condition="&quot;${country}&quot; == ${General_store_locators}[country_name]">
<kw name="Click Element" library="AppiumLibrary">
<arg>${elem}</arg>
<doc>Click element identified by `locator`.</doc>
<status status="NOT RUN" starttime="20231128 11:30:59.647" endtime="20231128 11:30:59.647"/>
</kw>
<kw name="Evaluate" library="BuiltIn">
<var>${i}</var>
<arg>${i}-1</arg>
<doc>Evaluates the given expression in Python and returns the result.</doc>
<status status="NOT RUN" starttime="20231128 11:30:59.647" endtime="20231128 11:30:59.647"/>
</kw>
<break>
<status status="NOT RUN" starttime="20231128 11:30:59.647" endtime="20231128 11:30:59.647"/>
</break>
<status status="NOT RUN" starttime="20231128 11:30:59.647" endtime="20231128 11:30:59.647"/>
</branch>
<status status="PASS" starttime="20231128 11:30:59.647" endtime="20231128 11:30:59.648"/>
</if>
<status status="PASS" starttime="20231128 11:30:59.620" endtime="20231128 11:30:59.648"/>
</iter>
<iter>
<var name="${elem}">&lt;appium.webdriver.webelement.WebElement (session="82116c5d-9c5d-4738-82a8-7175d30ca6f7", element="f9351af7-3278-40c0-a3b4-ecdc148a6f8c")&gt;</var>
<kw name="Get Element Attribute" library="AppiumLibrary">
<var>${country}</var>
<arg>${elem}</arg>
<arg>text</arg>
<doc>Get element attribute using given attribute: name, value,...</doc>
<msg timestamp="20231128 11:30:59.672" level="INFO">Element '&lt;appium.webdriver.webelement.WebElement (session="82116c5d-9c5d-4738-82a8-7175d30ca6f7", element="f9351af7-3278-40c0-a3b4-ecdc148a6f8c")&gt;' attribute 'text' value 'Austria' </msg>
<msg timestamp="20231128 11:30:59.672" level="INFO">${country} = Austria</msg>
<status status="PASS" starttime="20231128 11:30:59.648" endtime="20231128 11:30:59.672"/>
</kw>
<if>
<branch type="IF" condition="&quot;${country}&quot; == ${General_store_locators}[country_name]">
<kw name="Click Element" library="AppiumLibrary">
<arg>${elem}</arg>
<doc>Click element identified by `locator`.</doc>
<status status="NOT RUN" starttime="20231128 11:30:59.672" endtime="20231128 11:30:59.672"/>
</kw>
<kw name="Evaluate" library="BuiltIn">
<var>${i}</var>
<arg>${i}-1</arg>
<doc>Evaluates the given expression in Python and returns the result.</doc>
<status status="NOT RUN" starttime="20231128 11:30:59.672" endtime="20231128 11:30:59.673"/>
</kw>
<break>
<status status="NOT RUN" starttime="20231128 11:30:59.673" endtime="20231128 11:30:59.673"/>
</break>
<status status="NOT RUN" starttime="20231128 11:30:59.672" endtime="20231128 11:30:59.673"/>
</branch>
<status status="PASS" starttime="20231128 11:30:59.672" endtime="20231128 11:30:59.673"/>
</if>
<status status="PASS" starttime="20231128 11:30:59.648" endtime="20231128 11:30:59.673"/>
</iter>
<iter>
<var name="${elem}">&lt;appium.webdriver.webelement.WebElement (session="82116c5d-9c5d-4738-82a8-7175d30ca6f7", element="2a02b175-d49a-4fd8-944c-7d72e510d199")&gt;</var>
<kw name="Get Element Attribute" library="AppiumLibrary">
<var>${country}</var>
<arg>${elem}</arg>
<arg>text</arg>
<doc>Get element attribute using given attribute: name, value,...</doc>
<msg timestamp="20231128 11:30:59.698" level="INFO">Element '&lt;appium.webdriver.webelement.WebElement (session="82116c5d-9c5d-4738-82a8-7175d30ca6f7", element="2a02b175-d49a-4fd8-944c-7d72e510d199")&gt;' attribute 'text' value 'Azerbaijan' </msg>
<msg timestamp="20231128 11:30:59.698" level="INFO">${country} = Azerbaijan</msg>
<status status="PASS" starttime="20231128 11:30:59.673" endtime="20231128 11:30:59.698"/>
</kw>
<if>
<branch type="IF" condition="&quot;${country}&quot; == ${General_store_locators}[country_name]">
<kw name="Click Element" library="AppiumLibrary">
<arg>${elem}</arg>
<doc>Click element identified by `locator`.</doc>
<status status="NOT RUN" starttime="20231128 11:30:59.699" endtime="20231128 11:30:59.699"/>
</kw>
<kw name="Evaluate" library="BuiltIn">
<var>${i}</var>
<arg>${i}-1</arg>
<doc>Evaluates the given expression in Python and returns the result.</doc>
<status status="NOT RUN" starttime="20231128 11:30:59.699" endtime="20231128 11:30:59.699"/>
</kw>
<break>
<status status="NOT RUN" starttime="20231128 11:30:59.699" endtime="20231128 11:30:59.699"/>
</break>
<status status="NOT RUN" starttime="20231128 11:30:59.698" endtime="20231128 11:30:59.699"/>
</branch>
<status status="PASS" starttime="20231128 11:30:59.698" endtime="20231128 11:30:59.699"/>
</if>
<status status="PASS" starttime="20231128 11:30:59.673" endtime="20231128 11:30:59.699"/>
</iter>
<iter>
<var name="${elem}">&lt;appium.webdriver.webelement.WebElement (session="82116c5d-9c5d-4738-82a8-7175d30ca6f7", element="c71b0bc5-e60d-4f9f-a7c9-ca95d2b155f5")&gt;</var>
<kw name="Get Element Attribute" library="AppiumLibrary">
<var>${country}</var>
<arg>${elem}</arg>
<arg>text</arg>
<doc>Get element attribute using given attribute: name, value,...</doc>
<msg timestamp="20231128 11:30:59.722" level="INFO">Element '&lt;appium.webdriver.webelement.WebElement (session="82116c5d-9c5d-4738-82a8-7175d30ca6f7", element="c71b0bc5-e60d-4f9f-a7c9-ca95d2b155f5")&gt;' attribute 'text' value 'Bahamas' </msg>
<msg timestamp="20231128 11:30:59.722" level="INFO">${country} = Bahamas</msg>
<status status="PASS" starttime="20231128 11:30:59.699" endtime="20231128 11:30:59.722"/>
</kw>
<if>
<branch type="IF" condition="&quot;${country}&quot; == ${General_store_locators}[country_name]">
<kw name="Click Element" library="AppiumLibrary">
<arg>${elem}</arg>
<doc>Click element identified by `locator`.</doc>
<status status="NOT RUN" starttime="20231128 11:30:59.723" endtime="20231128 11:30:59.723"/>
</kw>
<kw name="Evaluate" library="BuiltIn">
<var>${i}</var>
<arg>${i}-1</arg>
<doc>Evaluates the given expression in Python and returns the result.</doc>
<status status="NOT RUN" starttime="20231128 11:30:59.723" endtime="20231128 11:30:59.723"/>
</kw>
<break>
<status status="NOT RUN" starttime="20231128 11:30:59.723" endtime="20231128 11:30:59.723"/>
</break>
<status status="NOT RUN" starttime="20231128 11:30:59.722" endtime="20231128 11:30:59.723"/>
</branch>
<status status="PASS" starttime="20231128 11:30:59.722" endtime="20231128 11:30:59.723"/>
</if>
<status status="PASS" starttime="20231128 11:30:59.699" endtime="20231128 11:30:59.723"/>
</iter>
<iter>
<var name="${elem}">&lt;appium.webdriver.webelement.WebElement (session="82116c5d-9c5d-4738-82a8-7175d30ca6f7", element="517aa8ea-f2a9-48d1-b6ad-458425098d22")&gt;</var>
<kw name="Get Element Attribute" library="AppiumLibrary">
<var>${country}</var>
<arg>${elem}</arg>
<arg>text</arg>
<doc>Get element attribute using given attribute: name, value,...</doc>
<msg timestamp="20231128 11:30:59.750" level="INFO">Element '&lt;appium.webdriver.webelement.WebElement (session="82116c5d-9c5d-4738-82a8-7175d30ca6f7", element="517aa8ea-f2a9-48d1-b6ad-458425098d22")&gt;' attribute 'text' value 'Bahrain' </msg>
<msg timestamp="20231128 11:30:59.750" level="INFO">${country} = Bahrain</msg>
<status status="PASS" starttime="20231128 11:30:59.723" endtime="20231128 11:30:59.750"/>
</kw>
<if>
<branch type="IF" condition="&quot;${country}&quot; == ${General_store_locators}[country_name]">
<kw name="Click Element" library="AppiumLibrary">
<arg>${elem}</arg>
<doc>Click element identified by `locator`.</doc>
<status status="NOT RUN" starttime="20231128 11:30:59.751" endtime="20231128 11:30:59.751"/>
</kw>
<kw name="Evaluate" library="BuiltIn">
<var>${i}</var>
<arg>${i}-1</arg>
<doc>Evaluates the given expression in Python and returns the result.</doc>
<status status="NOT RUN" starttime="20231128 11:30:59.751" endtime="20231128 11:30:59.751"/>
</kw>
<break>
<status status="NOT RUN" starttime="20231128 11:30:59.751" endtime="20231128 11:30:59.751"/>
</break>
<status status="NOT RUN" starttime="20231128 11:30:59.750" endtime="20231128 11:30:59.751"/>
</branch>
<status status="PASS" starttime="20231128 11:30:59.750" endtime="20231128 11:30:59.751"/>
</if>
<status status="PASS" starttime="20231128 11:30:59.723" endtime="20231128 11:30:59.751"/>
</iter>
<status status="PASS" starttime="20231128 11:30:59.518" endtime="20231128 11:30:59.751"/>
</for>
<kw name="Swipe" library="AppiumLibrary">
<arg>789</arg>
<arg>2088</arg>
<arg>178</arg>
<arg>595</arg>
<arg>500</arg>
<doc>Swipe from one point to another point, for an optional duration.</doc>
<status status="PASS" starttime="20231128 11:30:59.752" endtime="20231128 11:31:02.033"/>
</kw>
<kw name="Sleep" library="BuiltIn">
<arg>3s</arg>
<doc>Pauses the test executed for the given time.</doc>
<msg timestamp="20231128 11:31:05.035" level="INFO">Slept 3 seconds</msg>
<status status="PASS" starttime="20231128 11:31:02.033" endtime="20231128 11:31:05.035"/>
</kw>
<status status="PASS" starttime="20231128 11:30:59.315" endtime="20231128 11:31:05.035"/>
</iter>
<iter>
<kw name="Get Webelements" library="AppiumLibrary">
<var>${LIST_ELEMENTS}</var>
<arg>${General_store_locators}[country_items]</arg>
<doc>Returns list of [http://selenium-python.readthedocs.io/api.html#module-selenium.webdriver.remote.webelement|WebElement] objects matching ``locator``.</doc>
<msg timestamp="20231128 11:31:05.252" level="INFO">xpath criteria: //android.widget.TextView</msg>
<msg timestamp="20231128 11:31:05.253" level="INFO">${LIST_ELEMENTS} = [&lt;appium.webdriver.webelement.WebElement (session="82116c5d-9c5d-4738-82a8-7175d30ca6f7", element="2d937d1d-f1a5-4a4c-9aec-0b67166c50ce")&gt;, &lt;appium.webdriver.webelement.WebElement (session="82116c5d-9...</msg>
<status status="PASS" starttime="20231128 11:31:05.036" endtime="20231128 11:31:05.253"/>
</kw>
<for flavor="IN">
<var>${elem}</var>
<value>@{LIST_ELEMENTS}</value>
<iter>
<var name="${elem}">&lt;appium.webdriver.webelement.WebElement (session="82116c5d-9c5d-4738-82a8-7175d30ca6f7", element="2d937d1d-f1a5-4a4c-9aec-0b67166c50ce")&gt;</var>
<kw name="Get Element Attribute" library="AppiumLibrary">
<var>${country}</var>
<arg>${elem}</arg>
<arg>text</arg>
<doc>Get element attribute using given attribute: name, value,...</doc>
<msg timestamp="20231128 11:31:05.281" level="INFO">Element '&lt;appium.webdriver.webelement.WebElement (session="82116c5d-9c5d-4738-82a8-7175d30ca6f7", element="2d937d1d-f1a5-4a4c-9aec-0b67166c50ce")&gt;' attribute 'text' value 'Bahrain' </msg>
<msg timestamp="20231128 11:31:05.281" level="INFO">${country} = Bahrain</msg>
<status status="PASS" starttime="20231128 11:31:05.253" endtime="20231128 11:31:05.281"/>
</kw>
<if>
<branch type="IF" condition="&quot;${country}&quot; == ${General_store_locators}[country_name]">
<kw name="Click Element" library="AppiumLibrary">
<arg>${elem}</arg>
<doc>Click element identified by `locator`.</doc>
<status status="NOT RUN" starttime="20231128 11:31:05.281" endtime="20231128 11:31:05.281"/>
</kw>
<kw name="Evaluate" library="BuiltIn">
<var>${i}</var>
<arg>${i}-1</arg>
<doc>Evaluates the given expression in Python and returns the result.</doc>
<status status="NOT RUN" starttime="20231128 11:31:05.282" endtime="20231128 11:31:05.282"/>
</kw>
<break>
<status status="NOT RUN" starttime="20231128 11:31:05.282" endtime="20231128 11:31:05.282"/>
</break>
<status status="NOT RUN" starttime="20231128 11:31:05.281" endtime="20231128 11:31:05.282"/>
</branch>
<status status="PASS" starttime="20231128 11:31:05.281" endtime="20231128 11:31:05.282"/>
</if>
<status status="PASS" starttime="20231128 11:31:05.253" endtime="20231128 11:31:05.282"/>
</iter>
<iter>
<var name="${elem}">&lt;appium.webdriver.webelement.WebElement (session="82116c5d-9c5d-4738-82a8-7175d30ca6f7", element="2e1c1cf5-1f85-46cd-8edf-decb0fa74865")&gt;</var>
<kw name="Get Element Attribute" library="AppiumLibrary">
<var>${country}</var>
<arg>${elem}</arg>
<arg>text</arg>
<doc>Get element attribute using given attribute: name, value,...</doc>
<msg timestamp="20231128 11:31:05.315" level="INFO">Element '&lt;appium.webdriver.webelement.WebElement (session="82116c5d-9c5d-4738-82a8-7175d30ca6f7", element="2e1c1cf5-1f85-46cd-8edf-decb0fa74865")&gt;' attribute 'text' value 'Bangladesh' </msg>
<msg timestamp="20231128 11:31:05.315" level="INFO">${country} = Bangladesh</msg>
<status status="PASS" starttime="20231128 11:31:05.282" endtime="20231128 11:31:05.315"/>
</kw>
<if>
<branch type="IF" condition="&quot;${country}&quot; == ${General_store_locators}[country_name]">
<kw name="Click Element" library="AppiumLibrary">
<arg>${elem}</arg>
<doc>Click element identified by `locator`.</doc>
<status status="NOT RUN" starttime="20231128 11:31:05.316" endtime="20231128 11:31:05.316"/>
</kw>
<kw name="Evaluate" library="BuiltIn">
<var>${i}</var>
<arg>${i}-1</arg>
<doc>Evaluates the given expression in Python and returns the result.</doc>
<status status="NOT RUN" starttime="20231128 11:31:05.317" endtime="20231128 11:31:05.317"/>
</kw>
<break>
<status status="NOT RUN" starttime="20231128 11:31:05.317" endtime="20231128 11:31:05.317"/>
</break>
<status status="NOT RUN" starttime="20231128 11:31:05.316" endtime="20231128 11:31:05.317"/>
</branch>
<status status="PASS" starttime="20231128 11:31:05.315" endtime="20231128 11:31:05.317"/>
</if>
<status status="PASS" starttime="20231128 11:31:05.282" endtime="20231128 11:31:05.317"/>
</iter>
<iter>
<var name="${elem}">&lt;appium.webdriver.webelement.WebElement (session="82116c5d-9c5d-4738-82a8-7175d30ca6f7", element="20cf1f98-090d-4ec3-9bea-13673c82efe7")&gt;</var>
<kw name="Get Element Attribute" library="AppiumLibrary">
<var>${country}</var>
<arg>${elem}</arg>
<arg>text</arg>
<doc>Get element attribute using given attribute: name, value,...</doc>
<msg timestamp="20231128 11:31:05.348" level="INFO">Element '&lt;appium.webdriver.webelement.WebElement (session="82116c5d-9c5d-4738-82a8-7175d30ca6f7", element="20cf1f98-090d-4ec3-9bea-13673c82efe7")&gt;' attribute 'text' value 'Barbados' </msg>
<msg timestamp="20231128 11:31:05.348" level="INFO">${country} = Barbados</msg>
<status status="PASS" starttime="20231128 11:31:05.317" endtime="20231128 11:31:05.348"/>
</kw>
<if>
<branch type="IF" condition="&quot;${country}&quot; == ${General_store_locators}[country_name]">
<kw name="Click Element" library="AppiumLibrary">
<arg>${elem}</arg>
<doc>Click element identified by `locator`.</doc>
<status status="NOT RUN" starttime="20231128 11:31:05.349" endtime="20231128 11:31:05.349"/>
</kw>
<kw name="Evaluate" library="BuiltIn">
<var>${i}</var>
<arg>${i}-1</arg>
<doc>Evaluates the given expression in Python and returns the result.</doc>
<status status="NOT RUN" starttime="20231128 11:31:05.349" endtime="20231128 11:31:05.350"/>
</kw>
<break>
<status status="NOT RUN" starttime="20231128 11:31:05.350" endtime="20231128 11:31:05.350"/>
</break>
<status status="NOT RUN" starttime="20231128 11:31:05.348" endtime="20231128 11:31:05.350"/>
</branch>
<status status="PASS" starttime="20231128 11:31:05.348" endtime="20231128 11:31:05.350"/>
</if>
<status status="PASS" starttime="20231128 11:31:05.317" endtime="20231128 11:31:05.350"/>
</iter>
<iter>
<var name="${elem}">&lt;appium.webdriver.webelement.WebElement (session="82116c5d-9c5d-4738-82a8-7175d30ca6f7", element="f2832278-edbb-4eb7-a2c9-93028cbdd549")&gt;</var>
<kw name="Get Element Attribute" library="AppiumLibrary">
<var>${country}</var>
<arg>${elem}</arg>
<arg>text</arg>
<doc>Get element attribute using given attribute: name, value,...</doc>
<msg timestamp="20231128 11:31:05.377" level="INFO">Element '&lt;appium.webdriver.webelement.WebElement (session="82116c5d-9c5d-4738-82a8-7175d30ca6f7", element="f2832278-edbb-4eb7-a2c9-93028cbdd549")&gt;' attribute 'text' value 'Belarus' </msg>
<msg timestamp="20231128 11:31:05.378" level="INFO">${country} = Belarus</msg>
<status status="PASS" starttime="20231128 11:31:05.351" endtime="20231128 11:31:05.378"/>
</kw>
<if>
<branch type="IF" condition="&quot;${country}&quot; == ${General_store_locators}[country_name]">
<kw name="Click Element" library="AppiumLibrary">
<arg>${elem}</arg>
<doc>Click element identified by `locator`.</doc>
<status status="NOT RUN" starttime="20231128 11:31:05.379" endtime="20231128 11:31:05.379"/>
</kw>
<kw name="Evaluate" library="BuiltIn">
<var>${i}</var>
<arg>${i}-1</arg>
<doc>Evaluates the given expression in Python and returns the result.</doc>
<status status="NOT RUN" starttime="20231128 11:31:05.379" endtime="20231128 11:31:05.379"/>
</kw>
<break>
<status status="NOT RUN" starttime="20231128 11:31:05.379" endtime="20231128 11:31:05.379"/>
</break>
<status status="NOT RUN" starttime="20231128 11:31:05.378" endtime="20231128 11:31:05.379"/>
</branch>
<status status="PASS" starttime="20231128 11:31:05.378" endtime="20231128 11:31:05.379"/>
</if>
<status status="PASS" starttime="20231128 11:31:05.350" endtime="20231128 11:31:05.379"/>
</iter>
<iter>
<var name="${elem}">&lt;appium.webdriver.webelement.WebElement (session="82116c5d-9c5d-4738-82a8-7175d30ca6f7", element="84736516-680c-41e2-9158-0e9b4afaabd8")&gt;</var>
<kw name="Get Element Attribute" library="AppiumLibrary">
<var>${country}</var>
<arg>${elem}</arg>
<arg>text</arg>
<doc>Get element attribute using given attribute: name, value,...</doc>
<msg timestamp="20231128 11:31:05.403" level="INFO">Element '&lt;appium.webdriver.webelement.WebElement (session="82116c5d-9c5d-4738-82a8-7175d30ca6f7", element="84736516-680c-41e2-9158-0e9b4afaabd8")&gt;' attribute 'text' value 'Belgium' </msg>
<msg timestamp="20231128 11:31:05.403" level="INFO">${country} = Belgium</msg>
<status status="PASS" starttime="20231128 11:31:05.379" endtime="20231128 11:31:05.403"/>
</kw>
<if>
<branch type="IF" condition="&quot;${country}&quot; == ${General_store_locators}[country_name]">
<kw name="Click Element" library="AppiumLibrary">
<arg>${elem}</arg>
<doc>Click element identified by `locator`.</doc>
<status status="NOT RUN" starttime="20231128 11:31:05.405" endtime="20231128 11:31:05.405"/>
</kw>
<kw name="Evaluate" library="BuiltIn">
<var>${i}</var>
<arg>${i}-1</arg>
<doc>Evaluates the given expression in Python and returns the result.</doc>
<status status="NOT RUN" starttime="20231128 11:31:05.405" endtime="20231128 11:31:05.405"/>
</kw>
<break>
<status status="NOT RUN" starttime="20231128 11:31:05.405" endtime="20231128 11:31:05.405"/>
</break>
<status status="NOT RUN" starttime="20231128 11:31:05.405" endtime="20231128 11:31:05.406"/>
</branch>
<status status="PASS" starttime="20231128 11:31:05.405" endtime="20231128 11:31:05.406"/>
</if>
<status status="PASS" starttime="20231128 11:31:05.379" endtime="20231128 11:31:05.406"/>
</iter>
<iter>
<var name="${elem}">&lt;appium.webdriver.webelement.WebElement (session="82116c5d-9c5d-4738-82a8-7175d30ca6f7", element="c7d1ad47-2437-4125-84f9-961d01626ad3")&gt;</var>
<kw name="Get Element Attribute" library="AppiumLibrary">
<var>${country}</var>
<arg>${elem}</arg>
<arg>text</arg>
<doc>Get element attribute using given attribute: name, value,...</doc>
<msg timestamp="20231128 11:31:05.432" level="INFO">Element '&lt;appium.webdriver.webelement.WebElement (session="82116c5d-9c5d-4738-82a8-7175d30ca6f7", element="c7d1ad47-2437-4125-84f9-961d01626ad3")&gt;' attribute 'text' value 'Belize' </msg>
<msg timestamp="20231128 11:31:05.432" level="INFO">${country} = Belize</msg>
<status status="PASS" starttime="20231128 11:31:05.406" endtime="20231128 11:31:05.432"/>
</kw>
<if>
<branch type="IF" condition="&quot;${country}&quot; == ${General_store_locators}[country_name]">
<kw name="Click Element" library="AppiumLibrary">
<arg>${elem}</arg>
<doc>Click element identified by `locator`.</doc>
<status status="NOT RUN" starttime="20231128 11:31:05.433" endtime="20231128 11:31:05.433"/>
</kw>
<kw name="Evaluate" library="BuiltIn">
<var>${i}</var>
<arg>${i}-1</arg>
<doc>Evaluates the given expression in Python and returns the result.</doc>
<status status="NOT RUN" starttime="20231128 11:31:05.433" endtime="20231128 11:31:05.433"/>
</kw>
<break>
<status status="NOT RUN" starttime="20231128 11:31:05.433" endtime="20231128 11:31:05.435"/>
</break>
<status status="NOT RUN" starttime="20231128 11:31:05.433" endtime="20231128 11:31:05.435"/>
</branch>
<status status="PASS" starttime="20231128 11:31:05.433" endtime="20231128 11:31:05.435"/>
</if>
<status status="PASS" starttime="20231128 11:31:05.406" endtime="20231128 11:31:05.435"/>
</iter>
<iter>
<var name="${elem}">&lt;appium.webdriver.webelement.WebElement (session="82116c5d-9c5d-4738-82a8-7175d30ca6f7", element="3c03c5eb-7cef-4300-8933-227227e70ac1")&gt;</var>
<kw name="Get Element Attribute" library="AppiumLibrary">
<var>${country}</var>
<arg>${elem}</arg>
<arg>text</arg>
<doc>Get element attribute using given attribute: name, value,...</doc>
<msg timestamp="20231128 11:31:05.465" level="INFO">Element '&lt;appium.webdriver.webelement.WebElement (session="82116c5d-9c5d-4738-82a8-7175d30ca6f7", element="3c03c5eb-7cef-4300-8933-227227e70ac1")&gt;' attribute 'text' value 'Benin' </msg>
<msg timestamp="20231128 11:31:05.465" level="INFO">${country} = Benin</msg>
<status status="PASS" starttime="20231128 11:31:05.435" endtime="20231128 11:31:05.465"/>
</kw>
<if>
<branch type="IF" condition="&quot;${country}&quot; == ${General_store_locators}[country_name]">
<kw name="Click Element" library="AppiumLibrary">
<arg>${elem}</arg>
<doc>Click element identified by `locator`.</doc>
<status status="NOT RUN" starttime="20231128 11:31:05.466" endtime="20231128 11:31:05.466"/>
</kw>
<kw name="Evaluate" library="BuiltIn">
<var>${i}</var>
<arg>${i}-1</arg>
<doc>Evaluates the given expression in Python and returns the result.</doc>
<status status="NOT RUN" starttime="20231128 11:31:05.467" endtime="20231128 11:31:05.467"/>
</kw>
<break>
<status status="NOT RUN" starttime="20231128 11:31:05.467" endtime="20231128 11:31:05.467"/>
</break>
<status status="NOT RUN" starttime="20231128 11:31:05.465" endtime="20231128 11:31:05.467"/>
</branch>
<status status="PASS" starttime="20231128 11:31:05.465" endtime="20231128 11:31:05.467"/>
</if>
<status status="PASS" starttime="20231128 11:31:05.435" endtime="20231128 11:31:05.467"/>
</iter>
<iter>
<var name="${elem}">&lt;appium.webdriver.webelement.WebElement (session="82116c5d-9c5d-4738-82a8-7175d30ca6f7", element="607e2dc1-8f7c-466c-bc4d-b459a279e8c3")&gt;</var>
<kw name="Get Element Attribute" library="AppiumLibrary">
<var>${country}</var>
<arg>${elem}</arg>
<arg>text</arg>
<doc>Get element attribute using given attribute: name, value,...</doc>
<msg timestamp="20231128 11:31:05.496" level="INFO">Element '&lt;appium.webdriver.webelement.WebElement (session="82116c5d-9c5d-4738-82a8-7175d30ca6f7", element="607e2dc1-8f7c-466c-bc4d-b459a279e8c3")&gt;' attribute 'text' value 'Bermuda' </msg>
<msg timestamp="20231128 11:31:05.498" level="INFO">${country} = Bermuda</msg>
<status status="PASS" starttime="20231128 11:31:05.468" endtime="20231128 11:31:05.498"/>
</kw>
<if>
<branch type="IF" condition="&quot;${country}&quot; == ${General_store_locators}[country_name]">
<kw name="Click Element" library="AppiumLibrary">
<arg>${elem}</arg>
<doc>Click element identified by `locator`.</doc>
<status status="NOT RUN" starttime="20231128 11:31:05.498" endtime="20231128 11:31:05.498"/>
</kw>
<kw name="Evaluate" library="BuiltIn">
<var>${i}</var>
<arg>${i}-1</arg>
<doc>Evaluates the given expression in Python and returns the result.</doc>
<status status="NOT RUN" starttime="20231128 11:31:05.498" endtime="20231128 11:31:05.498"/>
</kw>
<break>
<status status="NOT RUN" starttime="20231128 11:31:05.499" endtime="20231128 11:31:05.499"/>
</break>
<status status="NOT RUN" starttime="20231128 11:31:05.498" endtime="20231128 11:31:05.499"/>
</branch>
<status status="PASS" starttime="20231128 11:31:05.498" endtime="20231128 11:31:05.499"/>
</if>
<status status="PASS" starttime="20231128 11:31:05.468" endtime="20231128 11:31:05.499"/>
</iter>
<iter>
<var name="${elem}">&lt;appium.webdriver.webelement.WebElement (session="82116c5d-9c5d-4738-82a8-7175d30ca6f7", element="89b2012b-2798-4955-af5a-3ae29beac6cf")&gt;</var>
<kw name="Get Element Attribute" library="AppiumLibrary">
<var>${country}</var>
<arg>${elem}</arg>
<arg>text</arg>
<doc>Get element attribute using given attribute: name, value,...</doc>
<msg timestamp="20231128 11:31:05.522" level="INFO">Element '&lt;appium.webdriver.webelement.WebElement (session="82116c5d-9c5d-4738-82a8-7175d30ca6f7", element="89b2012b-2798-4955-af5a-3ae29beac6cf")&gt;' attribute 'text' value 'Bhutan' </msg>
<msg timestamp="20231128 11:31:05.522" level="INFO">${country} = Bhutan</msg>
<status status="PASS" starttime="20231128 11:31:05.499" endtime="20231128 11:31:05.522"/>
</kw>
<if>
<branch type="IF" condition="&quot;${country}&quot; == ${General_store_locators}[country_name]">
<kw name="Click Element" library="AppiumLibrary">
<arg>${elem}</arg>
<doc>Click element identified by `locator`.</doc>
<status status="NOT RUN" starttime="20231128 11:31:05.523" endtime="20231128 11:31:05.523"/>
</kw>
<kw name="Evaluate" library="BuiltIn">
<var>${i}</var>
<arg>${i}-1</arg>
<doc>Evaluates the given expression in Python and returns the result.</doc>
<status status="NOT RUN" starttime="20231128 11:31:05.523" endtime="20231128 11:31:05.523"/>
</kw>
<break>
<status status="NOT RUN" starttime="20231128 11:31:05.523" endtime="20231128 11:31:05.523"/>
</break>
<status status="NOT RUN" starttime="20231128 11:31:05.523" endtime="20231128 11:31:05.523"/>
</branch>
<status status="PASS" starttime="20231128 11:31:05.522" endtime="20231128 11:31:05.523"/>
</if>
<status status="PASS" starttime="20231128 11:31:05.499" endtime="20231128 11:31:05.523"/>
</iter>
<iter>
<var name="${elem}">&lt;appium.webdriver.webelement.WebElement (session="82116c5d-9c5d-4738-82a8-7175d30ca6f7", element="6b4b3fe8-656d-4f4b-8dd4-b331127accfe")&gt;</var>
<kw name="Get Element Attribute" library="AppiumLibrary">
<var>${country}</var>
<arg>${elem}</arg>
<arg>text</arg>
<doc>Get element attribute using given attribute: name, value,...</doc>
<msg timestamp="20231128 11:31:05.551" level="INFO">Element '&lt;appium.webdriver.webelement.WebElement (session="82116c5d-9c5d-4738-82a8-7175d30ca6f7", element="6b4b3fe8-656d-4f4b-8dd4-b331127accfe")&gt;' attribute 'text' value 'Bolivia' </msg>
<msg timestamp="20231128 11:31:05.551" level="INFO">${country} = Bolivia</msg>
<status status="PASS" starttime="20231128 11:31:05.523" endtime="20231128 11:31:05.551"/>
</kw>
<if>
<branch type="IF" condition="&quot;${country}&quot; == ${General_store_locators}[country_name]">
<kw name="Click Element" library="AppiumLibrary">
<arg>${elem}</arg>
<doc>Click element identified by `locator`.</doc>
<status status="NOT RUN" starttime="20231128 11:31:05.551" endtime="20231128 11:31:05.551"/>
</kw>
<kw name="Evaluate" library="BuiltIn">
<var>${i}</var>
<arg>${i}-1</arg>
<doc>Evaluates the given expression in Python and returns the result.</doc>
<status status="NOT RUN" starttime="20231128 11:31:05.552" endtime="20231128 11:31:05.552"/>
</kw>
<break>
<status status="NOT RUN" starttime="20231128 11:31:05.552" endtime="20231128 11:31:05.552"/>
</break>
<status status="NOT RUN" starttime="20231128 11:31:05.551" endtime="20231128 11:31:05.552"/>
</branch>
<status status="PASS" starttime="20231128 11:31:05.551" endtime="20231128 11:31:05.552"/>
</if>
<status status="PASS" starttime="20231128 11:31:05.523" endtime="20231128 11:31:05.552"/>
</iter>
<status status="PASS" starttime="20231128 11:31:05.253" endtime="20231128 11:31:05.552"/>
</for>
<kw name="Swipe" library="AppiumLibrary">
<arg>789</arg>
<arg>2088</arg>
<arg>178</arg>
<arg>595</arg>
<arg>500</arg>
<doc>Swipe from one point to another point, for an optional duration.</doc>
<status status="PASS" starttime="20231128 11:31:05.552" endtime="20231128 11:31:07.852"/>
</kw>
<kw name="Sleep" library="BuiltIn">
<arg>3s</arg>
<doc>Pauses the test executed for the given time.</doc>
<msg timestamp="20231128 11:31:10.854" level="INFO">Slept 3 seconds</msg>
<status status="PASS" starttime="20231128 11:31:07.853" endtime="20231128 11:31:10.854"/>
</kw>
<status status="PASS" starttime="20231128 11:31:05.035" endtime="20231128 11:31:10.854"/>
</iter>
<iter>
<kw name="Get Webelements" library="AppiumLibrary">
<var>${LIST_ELEMENTS}</var>
<arg>${General_store_locators}[country_items]</arg>
<doc>Returns list of [http://selenium-python.readthedocs.io/api.html#module-selenium.webdriver.remote.webelement|WebElement] objects matching ``locator``.</doc>
<msg timestamp="20231128 11:31:10.975" level="INFO">xpath criteria: //android.widget.TextView</msg>
<msg timestamp="20231128 11:31:10.976" level="INFO">${LIST_ELEMENTS} = [&lt;appium.webdriver.webelement.WebElement (session="82116c5d-9c5d-4738-82a8-7175d30ca6f7", element="315e8892-bfda-479f-990a-26d5cbc3a2a0")&gt;, &lt;appium.webdriver.webelement.WebElement (session="82116c5d-9...</msg>
<status status="PASS" starttime="20231128 11:31:10.854" endtime="20231128 11:31:10.976"/>
</kw>
<for flavor="IN">
<var>${elem}</var>
<value>@{LIST_ELEMENTS}</value>
<iter>
<var name="${elem}">&lt;appium.webdriver.webelement.WebElement (session="82116c5d-9c5d-4738-82a8-7175d30ca6f7", element="315e8892-bfda-479f-990a-26d5cbc3a2a0")&gt;</var>
<kw name="Get Element Attribute" library="AppiumLibrary">
<var>${country}</var>
<arg>${elem}</arg>
<arg>text</arg>
<doc>Get element attribute using given attribute: name, value,...</doc>
<msg timestamp="20231128 11:31:11.005" level="INFO">Element '&lt;appium.webdriver.webelement.WebElement (session="82116c5d-9c5d-4738-82a8-7175d30ca6f7", element="315e8892-bfda-479f-990a-26d5cbc3a2a0")&gt;' attribute 'text' value 'Bolivia' </msg>
<msg timestamp="20231128 11:31:11.005" level="INFO">${country} = Bolivia</msg>
<status status="PASS" starttime="20231128 11:31:10.976" endtime="20231128 11:31:11.005"/>
</kw>
<if>
<branch type="IF" condition="&quot;${country}&quot; == ${General_store_locators}[country_name]">
<kw name="Click Element" library="AppiumLibrary">
<arg>${elem}</arg>
<doc>Click element identified by `locator`.</doc>
<status status="NOT RUN" starttime="20231128 11:31:11.005" endtime="20231128 11:31:11.005"/>
</kw>
<kw name="Evaluate" library="BuiltIn">
<var>${i}</var>
<arg>${i}-1</arg>
<doc>Evaluates the given expression in Python and returns the result.</doc>
<status status="NOT RUN" starttime="20231128 11:31:11.006" endtime="20231128 11:31:11.006"/>
</kw>
<break>
<status status="NOT RUN" starttime="20231128 11:31:11.006" endtime="20231128 11:31:11.006"/>
</break>
<status status="NOT RUN" starttime="20231128 11:31:11.005" endtime="20231128 11:31:11.006"/>
</branch>
<status status="PASS" starttime="20231128 11:31:11.005" endtime="20231128 11:31:11.006"/>
</if>
<status status="PASS" starttime="20231128 11:31:10.976" endtime="20231128 11:31:11.006"/>
</iter>
<iter>
<var name="${elem}">&lt;appium.webdriver.webelement.WebElement (session="82116c5d-9c5d-4738-82a8-7175d30ca6f7", element="a0941a1c-0e2d-4cc5-a438-d21b5805f679")&gt;</var>
<kw name="Get Element Attribute" library="AppiumLibrary">
<var>${country}</var>
<arg>${elem}</arg>
<arg>text</arg>
<doc>Get element attribute using given attribute: name, value,...</doc>
<msg timestamp="20231128 11:31:11.032" level="INFO">Element '&lt;appium.webdriver.webelement.WebElement (session="82116c5d-9c5d-4738-82a8-7175d30ca6f7", element="a0941a1c-0e2d-4cc5-a438-d21b5805f679")&gt;' attribute 'text' value 'Bosnia and Herzegowina' </msg>
<msg timestamp="20231128 11:31:11.032" level="INFO">${country} = Bosnia and Herzegowina</msg>
<status status="PASS" starttime="20231128 11:31:11.007" endtime="20231128 11:31:11.032"/>
</kw>
<if>
<branch type="IF" condition="&quot;${country}&quot; == ${General_store_locators}[country_name]">
<kw name="Click Element" library="AppiumLibrary">
<arg>${elem}</arg>
<doc>Click element identified by `locator`.</doc>
<status status="NOT RUN" starttime="20231128 11:31:11.033" endtime="20231128 11:31:11.033"/>
</kw>
<kw name="Evaluate" library="BuiltIn">
<var>${i}</var>
<arg>${i}-1</arg>
<doc>Evaluates the given expression in Python and returns the result.</doc>
<status status="NOT RUN" starttime="20231128 11:31:11.033" endtime="20231128 11:31:11.033"/>
</kw>
<break>
<status status="NOT RUN" starttime="20231128 11:31:11.033" endtime="20231128 11:31:11.033"/>
</break>
<status status="NOT RUN" starttime="20231128 11:31:11.032" endtime="20231128 11:31:11.033"/>
</branch>
<status status="PASS" starttime="20231128 11:31:11.032" endtime="20231128 11:31:11.033"/>
</if>
<status status="PASS" starttime="20231128 11:31:11.006" endtime="20231128 11:31:11.033"/>
</iter>
<iter>
<var name="${elem}">&lt;appium.webdriver.webelement.WebElement (session="82116c5d-9c5d-4738-82a8-7175d30ca6f7", element="95adb891-b8ad-46b3-8110-71082328cb20")&gt;</var>
<kw name="Get Element Attribute" library="AppiumLibrary">
<var>${country}</var>
<arg>${elem}</arg>
<arg>text</arg>
<doc>Get element attribute using given attribute: name, value,...</doc>
<msg timestamp="20231128 11:31:11.055" level="INFO">Element '&lt;appium.webdriver.webelement.WebElement (session="82116c5d-9c5d-4738-82a8-7175d30ca6f7", element="95adb891-b8ad-46b3-8110-71082328cb20")&gt;' attribute 'text' value 'Botswana' </msg>
<msg timestamp="20231128 11:31:11.055" level="INFO">${country} = Botswana</msg>
<status status="PASS" starttime="20231128 11:31:11.034" endtime="20231128 11:31:11.055"/>
</kw>
<if>
<branch type="IF" condition="&quot;${country}&quot; == ${General_store_locators}[country_name]">
<kw name="Click Element" library="AppiumLibrary">
<arg>${elem}</arg>
<doc>Click element identified by `locator`.</doc>
<status status="NOT RUN" starttime="20231128 11:31:11.055" endtime="20231128 11:31:11.055"/>
</kw>
<kw name="Evaluate" library="BuiltIn">
<var>${i}</var>
<arg>${i}-1</arg>
<doc>Evaluates the given expression in Python and returns the result.</doc>
<status status="NOT RUN" starttime="20231128 11:31:11.055" endtime="20231128 11:31:11.055"/>
</kw>
<break>
<status status="NOT RUN" starttime="20231128 11:31:11.055" endtime="20231128 11:31:11.055"/>
</break>
<status status="NOT RUN" starttime="20231128 11:31:11.055" endtime="20231128 11:31:11.055"/>
</branch>
<status status="PASS" starttime="20231128 11:31:11.055" endtime="20231128 11:31:11.055"/>
</if>
<status status="PASS" starttime="20231128 11:31:11.033" endtime="20231128 11:31:11.055"/>
</iter>
<iter>
<var name="${elem}">&lt;appium.webdriver.webelement.WebElement (session="82116c5d-9c5d-4738-82a8-7175d30ca6f7", element="6e56f13e-1a9d-427b-b0ab-bcf0a736ba31")&gt;</var>
<kw name="Get Element Attribute" library="AppiumLibrary">
<var>${country}</var>
<arg>${elem}</arg>
<arg>text</arg>
<doc>Get element attribute using given attribute: name, value,...</doc>
<msg timestamp="20231128 11:31:11.077" level="INFO">Element '&lt;appium.webdriver.webelement.WebElement (session="82116c5d-9c5d-4738-82a8-7175d30ca6f7", element="6e56f13e-1a9d-427b-b0ab-bcf0a736ba31")&gt;' attribute 'text' value 'Bouvet Island' </msg>
<msg timestamp="20231128 11:31:11.077" level="INFO">${country} = Bouvet Island</msg>
<status status="PASS" starttime="20231128 11:31:11.055" endtime="20231128 11:31:11.077"/>
</kw>
<if>
<branch type="IF" condition="&quot;${country}&quot; == ${General_store_locators}[country_name]">
<kw name="Click Element" library="AppiumLibrary">
<arg>${elem}</arg>
<doc>Click element identified by `locator`.</doc>
<status status="NOT RUN" starttime="20231128 11:31:11.079" endtime="20231128 11:31:11.079"/>
</kw>
<kw name="Evaluate" library="BuiltIn">
<var>${i}</var>
<arg>${i}-1</arg>
<doc>Evaluates the given expression in Python and returns the result.</doc>
<status status="NOT RUN" starttime="20231128 11:31:11.079" endtime="20231128 11:31:11.079"/>
</kw>
<break>
<status status="NOT RUN" starttime="20231128 11:31:11.079" endtime="20231128 11:31:11.079"/>
</break>
<status status="NOT RUN" starttime="20231128 11:31:11.077" endtime="20231128 11:31:11.080"/>
</branch>
<status status="PASS" starttime="20231128 11:31:11.077" endtime="20231128 11:31:11.080"/>
</if>
<status status="PASS" starttime="20231128 11:31:11.055" endtime="20231128 11:31:11.080"/>
</iter>
<iter>
<var name="${elem}">&lt;appium.webdriver.webelement.WebElement (session="82116c5d-9c5d-4738-82a8-7175d30ca6f7", element="34ea897f-9a64-4b8a-9492-016f4879255d")&gt;</var>
<kw name="Get Element Attribute" library="AppiumLibrary">
<var>${country}</var>
<arg>${elem}</arg>
<arg>text</arg>
<doc>Get element attribute using given attribute: name, value,...</doc>
<msg timestamp="20231128 11:31:11.103" level="INFO">Element '&lt;appium.webdriver.webelement.WebElement (session="82116c5d-9c5d-4738-82a8-7175d30ca6f7", element="34ea897f-9a64-4b8a-9492-016f4879255d")&gt;' attribute 'text' value 'Brazil' </msg>
<msg timestamp="20231128 11:31:11.103" level="INFO">${country} = Brazil</msg>
<status status="PASS" starttime="20231128 11:31:11.080" endtime="20231128 11:31:11.103"/>
</kw>
<if>
<branch type="IF" condition="&quot;${country}&quot; == ${General_store_locators}[country_name]">
<kw name="Click Element" library="AppiumLibrary">
<arg>${elem}</arg>
<doc>Click element identified by `locator`.</doc>
<status status="NOT RUN" starttime="20231128 11:31:11.103" endtime="20231128 11:31:11.103"/>
</kw>
<kw name="Evaluate" library="BuiltIn">
<var>${i}</var>
<arg>${i}-1</arg>
<doc>Evaluates the given expression in Python and returns the result.</doc>
<status status="NOT RUN" starttime="20231128 11:31:11.103" endtime="20231128 11:31:11.103"/>
</kw>
<break>
<status status="NOT RUN" starttime="20231128 11:31:11.103" endtime="20231128 11:31:11.103"/>
</break>
<status status="NOT RUN" starttime="20231128 11:31:11.103" endtime="20231128 11:31:11.103"/>
</branch>
<status status="PASS" starttime="20231128 11:31:11.103" endtime="20231128 11:31:11.103"/>
</if>
<status status="PASS" starttime="20231128 11:31:11.080" endtime="20231128 11:31:11.105"/>
</iter>
<iter>
<var name="${elem}">&lt;appium.webdriver.webelement.WebElement (session="82116c5d-9c5d-4738-82a8-7175d30ca6f7", element="86898d9e-f62b-4d76-9412-60d3a7319d39")&gt;</var>
<kw name="Get Element Attribute" library="AppiumLibrary">
<var>${country}</var>
<arg>${elem}</arg>
<arg>text</arg>
<doc>Get element attribute using given attribute: name, value,...</doc>
<msg timestamp="20231128 11:31:11.128" level="INFO">Element '&lt;appium.webdriver.webelement.WebElement (session="82116c5d-9c5d-4738-82a8-7175d30ca6f7", element="86898d9e-f62b-4d76-9412-60d3a7319d39")&gt;' attribute 'text' value 'British Indian Ocean Territory' </msg>
<msg timestamp="20231128 11:31:11.129" level="INFO">${country} = British Indian Ocean Territory</msg>
<status status="PASS" starttime="20231128 11:31:11.105" endtime="20231128 11:31:11.129"/>
</kw>
<if>
<branch type="IF" condition="&quot;${country}&quot; == ${General_store_locators}[country_name]">
<kw name="Click Element" library="AppiumLibrary">
<arg>${elem}</arg>
<doc>Click element identified by `locator`.</doc>
<status status="NOT RUN" starttime="20231128 11:31:11.129" endtime="20231128 11:31:11.129"/>
</kw>
<kw name="Evaluate" library="BuiltIn">
<var>${i}</var>
<arg>${i}-1</arg>
<doc>Evaluates the given expression in Python and returns the result.</doc>
<status status="NOT RUN" starttime="20231128 11:31:11.129" endtime="20231128 11:31:11.129"/>
</kw>
<break>
<status status="NOT RUN" starttime="20231128 11:31:11.129" endtime="20231128 11:31:11.129"/>
</break>
<status status="NOT RUN" starttime="20231128 11:31:11.129" endtime="20231128 11:31:11.129"/>
</branch>
<status status="PASS" starttime="20231128 11:31:11.129" endtime="20231128 11:31:11.129"/>
</if>
<status status="PASS" starttime="20231128 11:31:11.105" endtime="20231128 11:31:11.129"/>
</iter>
<iter>
<var name="${elem}">&lt;appium.webdriver.webelement.WebElement (session="82116c5d-9c5d-4738-82a8-7175d30ca6f7", element="6a20b32c-e9f6-48dc-a86c-384e71578cca")&gt;</var>
<kw name="Get Element Attribute" library="AppiumLibrary">
<var>${country}</var>
<arg>${elem}</arg>
<arg>text</arg>
<doc>Get element attribute using given attribute: name, value,...</doc>
<msg timestamp="20231128 11:31:11.152" level="INFO">Element '&lt;appium.webdriver.webelement.WebElement (session="82116c5d-9c5d-4738-82a8-7175d30ca6f7", element="6a20b32c-e9f6-48dc-a86c-384e71578cca")&gt;' attribute 'text' value 'Brunei Darussalam' </msg>
<msg timestamp="20231128 11:31:11.152" level="INFO">${country} = Brunei Darussalam</msg>
<status status="PASS" starttime="20231128 11:31:11.129" endtime="20231128 11:31:11.152"/>
</kw>
<if>
<branch type="IF" condition="&quot;${country}&quot; == ${General_store_locators}[country_name]">
<kw name="Click Element" library="AppiumLibrary">
<arg>${elem}</arg>
<doc>Click element identified by `locator`.</doc>
<status status="NOT RUN" starttime="20231128 11:31:11.152" endtime="20231128 11:31:11.152"/>
</kw>
<kw name="Evaluate" library="BuiltIn">
<var>${i}</var>
<arg>${i}-1</arg>
<doc>Evaluates the given expression in Python and returns the result.</doc>
<status status="NOT RUN" starttime="20231128 11:31:11.152" endtime="20231128 11:31:11.152"/>
</kw>
<break>
<status status="NOT RUN" starttime="20231128 11:31:11.152" endtime="20231128 11:31:11.153"/>
</break>
<status status="NOT RUN" starttime="20231128 11:31:11.152" endtime="20231128 11:31:11.153"/>
</branch>
<status status="PASS" starttime="20231128 11:31:11.152" endtime="20231128 11:31:11.153"/>
</if>
<status status="PASS" starttime="20231128 11:31:11.129" endtime="20231128 11:31:11.153"/>
</iter>
<iter>
<var name="${elem}">&lt;appium.webdriver.webelement.WebElement (session="82116c5d-9c5d-4738-82a8-7175d30ca6f7", element="a7fa99ab-a0e1-472e-b7c1-a8c371dab86d")&gt;</var>
<kw name="Get Element Attribute" library="AppiumLibrary">
<var>${country}</var>
<arg>${elem}</arg>
<arg>text</arg>
<doc>Get element attribute using given attribute: name, value,...</doc>
<msg timestamp="20231128 11:31:11.185" level="INFO">Element '&lt;appium.webdriver.webelement.WebElement (session="82116c5d-9c5d-4738-82a8-7175d30ca6f7", element="a7fa99ab-a0e1-472e-b7c1-a8c371dab86d")&gt;' attribute 'text' value 'Bulgaria' </msg>
<msg timestamp="20231128 11:31:11.185" level="INFO">${country} = Bulgaria</msg>
<status status="PASS" starttime="20231128 11:31:11.153" endtime="20231128 11:31:11.185"/>
</kw>
<if>
<branch type="IF" condition="&quot;${country}&quot; == ${General_store_locators}[country_name]">
<kw name="Click Element" library="AppiumLibrary">
<arg>${elem}</arg>
<doc>Click element identified by `locator`.</doc>
<status status="NOT RUN" starttime="20231128 11:31:11.185" endtime="20231128 11:31:11.185"/>
</kw>
<kw name="Evaluate" library="BuiltIn">
<var>${i}</var>
<arg>${i}-1</arg>
<doc>Evaluates the given expression in Python and returns the result.</doc>
<status status="NOT RUN" starttime="20231128 11:31:11.185" endtime="20231128 11:31:11.186"/>
</kw>
<break>
<status status="NOT RUN" starttime="20231128 11:31:11.186" endtime="20231128 11:31:11.186"/>
</break>
<status status="NOT RUN" starttime="20231128 11:31:11.185" endtime="20231128 11:31:11.186"/>
</branch>
<status status="PASS" starttime="20231128 11:31:11.185" endtime="20231128 11:31:11.186"/>
</if>
<status status="PASS" starttime="20231128 11:31:11.153" endtime="20231128 11:31:11.186"/>
</iter>
<iter>
<var name="${elem}">&lt;appium.webdriver.webelement.WebElement (session="82116c5d-9c5d-4738-82a8-7175d30ca6f7", element="e7188423-1796-4fc7-9159-4e717ef43348")&gt;</var>
<kw name="Get Element Attribute" library="AppiumLibrary">
<var>${country}</var>
<arg>${elem}</arg>
<arg>text</arg>
<doc>Get element attribute using given attribute: name, value,...</doc>
<msg timestamp="20231128 11:31:11.210" level="INFO">Element '&lt;appium.webdriver.webelement.WebElement (session="82116c5d-9c5d-4738-82a8-7175d30ca6f7", element="e7188423-1796-4fc7-9159-4e717ef43348")&gt;' attribute 'text' value 'Burkina Faso' </msg>
<msg timestamp="20231128 11:31:11.210" level="INFO">${country} = Burkina Faso</msg>
<status status="PASS" starttime="20231128 11:31:11.186" endtime="20231128 11:31:11.210"/>
</kw>
<if>
<branch type="IF" condition="&quot;${country}&quot; == ${General_store_locators}[country_name]">
<kw name="Click Element" library="AppiumLibrary">
<arg>${elem}</arg>
<doc>Click element identified by `locator`.</doc>
<status status="NOT RUN" starttime="20231128 11:31:11.211" endtime="20231128 11:31:11.211"/>
</kw>
<kw name="Evaluate" library="BuiltIn">
<var>${i}</var>
<arg>${i}-1</arg>
<doc>Evaluates the given expression in Python and returns the result.</doc>
<status status="NOT RUN" starttime="20231128 11:31:11.211" endtime="20231128 11:31:11.211"/>
</kw>
<break>
<status status="NOT RUN" starttime="20231128 11:31:11.211" endtime="20231128 11:31:11.211"/>
</break>
<status status="NOT RUN" starttime="20231128 11:31:11.210" endtime="20231128 11:31:11.211"/>
</branch>
<status status="PASS" starttime="20231128 11:31:11.210" endtime="20231128 11:31:11.211"/>
</if>
<status status="PASS" starttime="20231128 11:31:11.186" endtime="20231128 11:31:11.212"/>
</iter>
<iter>
<var name="${elem}">&lt;appium.webdriver.webelement.WebElement (session="82116c5d-9c5d-4738-82a8-7175d30ca6f7", element="e95d918e-b97b-40c7-a54e-32120557df1c")&gt;</var>
<kw name="Get Element Attribute" library="AppiumLibrary">
<var>${country}</var>
<arg>${elem}</arg>
<arg>text</arg>
<doc>Get element attribute using given attribute: name, value,...</doc>
<msg timestamp="20231128 11:31:11.237" level="INFO">Element '&lt;appium.webdriver.webelement.WebElement (session="82116c5d-9c5d-4738-82a8-7175d30ca6f7", element="e95d918e-b97b-40c7-a54e-32120557df1c")&gt;' attribute 'text' value 'Burundi' </msg>
<msg timestamp="20231128 11:31:11.237" level="INFO">${country} = Burundi</msg>
<status status="PASS" starttime="20231128 11:31:11.212" endtime="20231128 11:31:11.237"/>
</kw>
<if>
<branch type="IF" condition="&quot;${country}&quot; == ${General_store_locators}[country_name]">
<kw name="Click Element" library="AppiumLibrary">
<arg>${elem}</arg>
<doc>Click element identified by `locator`.</doc>
<status status="NOT RUN" starttime="20231128 11:31:11.238" endtime="20231128 11:31:11.238"/>
</kw>
<kw name="Evaluate" library="BuiltIn">
<var>${i}</var>
<arg>${i}-1</arg>
<doc>Evaluates the given expression in Python and returns the result.</doc>
<status status="NOT RUN" starttime="20231128 11:31:11.238" endtime="20231128 11:31:11.238"/>
</kw>
<break>
<status status="NOT RUN" starttime="20231128 11:31:11.238" endtime="20231128 11:31:11.238"/>
</break>
<status status="NOT RUN" starttime="20231128 11:31:11.237" endtime="20231128 11:31:11.238"/>
</branch>
<status status="PASS" starttime="20231128 11:31:11.237" endtime="20231128 11:31:11.238"/>
</if>
<status status="PASS" starttime="20231128 11:31:11.212" endtime="20231128 11:31:11.238"/>
</iter>
<status status="PASS" starttime="20231128 11:31:10.976" endtime="20231128 11:31:11.238"/>
</for>
<kw name="Swipe" library="AppiumLibrary">
<arg>789</arg>
<arg>2088</arg>
<arg>178</arg>
<arg>595</arg>
<arg>500</arg>
<doc>Swipe from one point to another point, for an optional duration.</doc>
<status status="PASS" starttime="20231128 11:31:11.239" endtime="20231128 11:31:13.588"/>
</kw>
<kw name="Sleep" library="BuiltIn">
<arg>3s</arg>
<doc>Pauses the test executed for the given time.</doc>
<msg timestamp="20231128 11:31:16.589" level="INFO">Slept 3 seconds</msg>
<status status="PASS" starttime="20231128 11:31:13.589" endtime="20231128 11:31:16.589"/>
</kw>
<status status="PASS" starttime="20231128 11:31:10.854" endtime="20231128 11:31:16.589"/>
</iter>
<iter>
<kw name="Get Webelements" library="AppiumLibrary">
<var>${LIST_ELEMENTS}</var>
<arg>${General_store_locators}[country_items]</arg>
<doc>Returns list of [http://selenium-python.readthedocs.io/api.html#module-selenium.webdriver.remote.webelement|WebElement] objects matching ``locator``.</doc>
<msg timestamp="20231128 11:31:16.721" level="INFO">xpath criteria: //android.widget.TextView</msg>
<msg timestamp="20231128 11:31:16.722" level="INFO">${LIST_ELEMENTS} = [&lt;appium.webdriver.webelement.WebElement (session="82116c5d-9c5d-4738-82a8-7175d30ca6f7", element="9266940e-a1f1-483a-be0c-2239be1b4a5a")&gt;, &lt;appium.webdriver.webelement.WebElement (session="82116c5d-9...</msg>
<status status="PASS" starttime="20231128 11:31:16.589" endtime="20231128 11:31:16.722"/>
</kw>
<for flavor="IN">
<var>${elem}</var>
<value>@{LIST_ELEMENTS}</value>
<iter>
<var name="${elem}">&lt;appium.webdriver.webelement.WebElement (session="82116c5d-9c5d-4738-82a8-7175d30ca6f7", element="9266940e-a1f1-483a-be0c-2239be1b4a5a")&gt;</var>
<kw name="Get Element Attribute" library="AppiumLibrary">
<var>${country}</var>
<arg>${elem}</arg>
<arg>text</arg>
<doc>Get element attribute using given attribute: name, value,...</doc>
<msg timestamp="20231128 11:31:16.748" level="INFO">Element '&lt;appium.webdriver.webelement.WebElement (session="82116c5d-9c5d-4738-82a8-7175d30ca6f7", element="9266940e-a1f1-483a-be0c-2239be1b4a5a")&gt;' attribute 'text' value 'Burundi' </msg>
<msg timestamp="20231128 11:31:16.748" level="INFO">${country} = Burundi</msg>
<status status="PASS" starttime="20231128 11:31:16.722" endtime="20231128 11:31:16.748"/>
</kw>
<if>
<branch type="IF" condition="&quot;${country}&quot; == ${General_store_locators}[country_name]">
<kw name="Click Element" library="AppiumLibrary">
<arg>${elem}</arg>
<doc>Click element identified by `locator`.</doc>
<status status="NOT RUN" starttime="20231128 11:31:16.748" endtime="20231128 11:31:16.748"/>
</kw>
<kw name="Evaluate" library="BuiltIn">
<var>${i}</var>
<arg>${i}-1</arg>
<doc>Evaluates the given expression in Python and returns the result.</doc>
<status status="NOT RUN" starttime="20231128 11:31:16.748" endtime="20231128 11:31:16.748"/>
</kw>
<break>
<status status="NOT RUN" starttime="20231128 11:31:16.748" endtime="20231128 11:31:16.748"/>
</break>
<status status="NOT RUN" starttime="20231128 11:31:16.748" endtime="20231128 11:31:16.748"/>
</branch>
<status status="PASS" starttime="20231128 11:31:16.748" endtime="20231128 11:31:16.749"/>
</if>
<status status="PASS" starttime="20231128 11:31:16.722" endtime="20231128 11:31:16.749"/>
</iter>
<iter>
<var name="${elem}">&lt;appium.webdriver.webelement.WebElement (session="82116c5d-9c5d-4738-82a8-7175d30ca6f7", element="bd75fc71-ef21-4d5e-bae2-5a142bdc8401")&gt;</var>
<kw name="Get Element Attribute" library="AppiumLibrary">
<var>${country}</var>
<arg>${elem}</arg>
<arg>text</arg>
<doc>Get element attribute using given attribute: name, value,...</doc>
<msg timestamp="20231128 11:31:16.773" level="INFO">Element '&lt;appium.webdriver.webelement.WebElement (session="82116c5d-9c5d-4738-82a8-7175d30ca6f7", element="bd75fc71-ef21-4d5e-bae2-5a142bdc8401")&gt;' attribute 'text' value 'Cambodia' </msg>
<msg timestamp="20231128 11:31:16.773" level="INFO">${country} = Cambodia</msg>
<status status="PASS" starttime="20231128 11:31:16.749" endtime="20231128 11:31:16.773"/>
</kw>
<if>
<branch type="IF" condition="&quot;${country}&quot; == ${General_store_locators}[country_name]">
<kw name="Click Element" library="AppiumLibrary">
<arg>${elem}</arg>
<doc>Click element identified by `locator`.</doc>
<status status="NOT RUN" starttime="20231128 11:31:16.773" endtime="20231128 11:31:16.773"/>
</kw>
<kw name="Evaluate" library="BuiltIn">
<var>${i}</var>
<arg>${i}-1</arg>
<doc>Evaluates the given expression in Python and returns the result.</doc>
<status status="NOT RUN" starttime="20231128 11:31:16.773" endtime="20231128 11:31:16.775"/>
</kw>
<break>
<status status="NOT RUN" starttime="20231128 11:31:16.775" endtime="20231128 11:31:16.775"/>
</break>
<status status="NOT RUN" starttime="20231128 11:31:16.773" endtime="20231128 11:31:16.775"/>
</branch>
[...]
</kw>
<if>
<branch type="IF" condition="&quot;${shoe}&quot; == ${General_store_locators}[Shoe_name]">
<kw name="Click Element" library="AppiumLibrary">
<arg>${General_store_locators}[add_to_cart_shoe]</arg>
<doc>Click element identified by `locator`.</doc>
<status status="NOT RUN" starttime="20231128 11:34:14.217" endtime="20231128 11:34:14.217"/>
</kw>
<kw name="Evaluate" library="BuiltIn">
<var>${i}</var>
<arg>${i}-1</arg>
<doc>Evaluates the given expression in Python and returns the result.</doc>
<status status="NOT RUN" starttime="20231128 11:34:14.217" endtime="20231128 11:34:14.217"/>
</kw>
<break>
<status status="NOT RUN" starttime="20231128 11:34:14.217" endtime="20231128 11:34:14.217"/>
</break>
<status status="NOT RUN" starttime="20231128 11:34:14.216" endtime="20231128 11:34:14.217"/>
</branch>
<status status="PASS" starttime="20231128 11:34:14.216" endtime="20231128 11:34:14.217"/>
</if>
<status status="PASS" starttime="20231128 11:34:14.195" endtime="20231128 11:34:14.217"/>
</iter>
<iter>
<var name="${elem}">&lt;appium.webdriver.webelement.WebElement (session="a56467fa-d2a2-4464-9ff8-ee2604af7acb", element="84d1e08b-6205-4b26-8020-61b6185e1c2d")&gt;</var>
<kw name="Get Element Attribute" library="AppiumLibrary">
<var>${shoe}</var>
<arg>${elem}</arg>
<arg>text</arg>
<doc>Get element attribute using given attribute: name, value,...</doc>
<msg timestamp="20231128 11:34:14.241" level="INFO">Element '&lt;appium.webdriver.webelement.WebElement (session="a56467fa-d2a2-4464-9ff8-ee2604af7acb", element="84d1e08b-6205-4b26-8020-61b6185e1c2d")&gt;' attribute 'text' value 'ADD TO CART' </msg>
<msg timestamp="20231128 11:34:14.241" level="INFO">${shoe} = ADD TO CART</msg>
<status status="PASS" starttime="20231128 11:34:14.217" endtime="20231128 11:34:14.241"/>
</kw>
<if>
<branch type="IF" condition="&quot;${shoe}&quot; == ${General_store_locators}[Shoe_name]">
<kw name="Click Element" library="AppiumLibrary">
<arg>${General_store_locators}[add_to_cart_shoe]</arg>
<doc>Click element identified by `locator`.</doc>
<status status="NOT RUN" starttime="20231128 11:34:14.242" endtime="20231128 11:34:14.242"/>
</kw>
<kw name="Evaluate" library="BuiltIn">
<var>${i}</var>
<arg>${i}-1</arg>
<doc>Evaluates the given expression in Python and returns the result.</doc>
<status status="NOT RUN" starttime="20231128 11:34:14.242" endtime="20231128 11:34:14.242"/>
</kw>
<break>
<status status="NOT RUN" starttime="20231128 11:34:14.242" endtime="20231128 11:34:14.242"/>
</break>
<status status="NOT RUN" starttime="20231128 11:34:14.241" endtime="20231128 11:34:14.242"/>
</branch>
<status status="PASS" starttime="20231128 11:34:14.241" endtime="20231128 11:34:14.242"/>
</if>
<status status="PASS" starttime="20231128 11:34:14.217" endtime="20231128 11:34:14.242"/>
</iter>
<status status="PASS" starttime="20231128 11:34:14.085" endtime="20231128 11:34:14.242"/>
</for>
<kw name="Swipe" library="AppiumLibrary">
<arg>1052</arg>
<arg>1063</arg>
<arg>28</arg>
<arg>256</arg>
<arg>500</arg>
<doc>Swipe from one point to another point, for an optional duration.</doc>
<status status="PASS" starttime="20231128 11:34:14.243" endtime="20231128 11:34:16.741"/>
</kw>
<kw name="Sleep" library="BuiltIn">
<arg>4s</arg>
<doc>Pauses the test executed for the given time.</doc>
<msg timestamp="20231128 11:34:20.742" level="INFO">Slept 4 seconds</msg>
<status status="PASS" starttime="20231128 11:34:16.741" endtime="20231128 11:34:20.742"/>
</kw>
<status status="PASS" starttime="20231128 11:34:13.846" endtime="20231128 11:34:20.742"/>
</iter>
<iter>
<kw name="Get Webelements" library="AppiumLibrary">
<var>${LIST_ELEMENTS}</var>
<arg>${General_store_locators}[shoe_items_list]</arg>
<doc>Returns list of [http://selenium-python.readthedocs.io/api.html#module-selenium.webdriver.remote.webelement|WebElement] objects matching ``locator``.</doc>
<msg timestamp="20231128 11:34:21.057" level="INFO">xpath criteria: //android.widget.TextView</msg>
<msg timestamp="20231128 11:34:21.058" level="INFO">${LIST_ELEMENTS} = [&lt;appium.webdriver.webelement.WebElement (session="a56467fa-d2a2-4464-9ff8-ee2604af7acb", element="47705e99-f7a9-4a89-8cae-35f11a0ec39b")&gt;, &lt;appium.webdriver.webelement.WebElement (session="a56467fa-d...</msg>
<status status="PASS" starttime="20231128 11:34:20.742" endtime="20231128 11:34:21.058"/>
</kw>
<for flavor="IN">
<var>${elem}</var>
<value>@{LIST_ELEMENTS}</value>
<iter>
<var name="${elem}">&lt;appium.webdriver.webelement.WebElement (session="a56467fa-d2a2-4464-9ff8-ee2604af7acb", element="47705e99-f7a9-4a89-8cae-35f11a0ec39b")&gt;</var>
<kw name="Get Element Attribute" library="AppiumLibrary">
<var>${shoe}</var>
<arg>${elem}</arg>
<arg>text</arg>
<doc>Get element attribute using given attribute: name, value,...</doc>
<msg timestamp="20231128 11:34:21.090" level="INFO">Element '&lt;appium.webdriver.webelement.WebElement (session="a56467fa-d2a2-4464-9ff8-ee2604af7acb", element="47705e99-f7a9-4a89-8cae-35f11a0ec39b")&gt;' attribute 'text' value 'Products' </msg>
<msg timestamp="20231128 11:34:21.090" level="INFO">${shoe} = Products</msg>
<status status="PASS" starttime="20231128 11:34:21.059" endtime="20231128 11:34:21.090"/>
</kw>
<if>
<branch type="IF" condition="&quot;${shoe}&quot; == ${General_store_locators}[Shoe_name]">
<kw name="Click Element" library="AppiumLibrary">
<arg>${General_store_locators}[add_to_cart_shoe]</arg>
<doc>Click element identified by `locator`.</doc>
<status status="NOT RUN" starttime="20231128 11:34:21.091" endtime="20231128 11:34:21.091"/>
</kw>
<kw name="Evaluate" library="BuiltIn">
<var>${i}</var>
<arg>${i}-1</arg>
<doc>Evaluates the given expression in Python and returns the result.</doc>
<status status="NOT RUN" starttime="20231128 11:34:21.091" endtime="20231128 11:34:21.091"/>
</kw>
<break>
<status status="NOT RUN" starttime="20231128 11:34:21.091" endtime="20231128 11:34:21.091"/>
</break>
<status status="NOT RUN" starttime="20231128 11:34:21.090" endtime="20231128 11:34:21.091"/>
</branch>
<status status="PASS" starttime="20231128 11:34:21.090" endtime="20231128 11:34:21.091"/>
</if>
<status status="PASS" starttime="20231128 11:34:21.059" endtime="20231128 11:34:21.091"/>
</iter>
<iter>
<var name="${elem}">&lt;appium.webdriver.webelement.WebElement (session="a56467fa-d2a2-4464-9ff8-ee2604af7acb", element="c1772bb2-070b-4e85-9b49-455d89f3cb27")&gt;</var>
<kw name="Get Element Attribute" library="AppiumLibrary">
<var>${shoe}</var>
<arg>${elem}</arg>
<arg>text</arg>
<doc>Get element attribute using given attribute: name, value,...</doc>
<msg timestamp="20231128 11:34:21.118" level="INFO">Element '&lt;appium.webdriver.webelement.WebElement (session="a56467fa-d2a2-4464-9ff8-ee2604af7acb", element="c1772bb2-070b-4e85-9b49-455d89f3cb27")&gt;' attribute 'text' value 'Nike Blazer Mid '77' </msg>
<msg timestamp="20231128 11:34:21.118" level="INFO">${shoe} = Nike Blazer Mid '77</msg>
<status status="PASS" starttime="20231128 11:34:21.092" endtime="20231128 11:34:21.118"/>
</kw>
<if>
<branch type="IF" condition="&quot;${shoe}&quot; == ${General_store_locators}[Shoe_name]">
<kw name="Click Element" library="AppiumLibrary">
<arg>${General_store_locators}[add_to_cart_shoe]</arg>
<doc>Click element identified by `locator`.</doc>
<status status="NOT RUN" starttime="20231128 11:34:21.119" endtime="20231128 11:34:21.119"/>
</kw>
<kw name="Evaluate" library="BuiltIn">
<var>${i}</var>
<arg>${i}-1</arg>
<doc>Evaluates the given expression in Python and returns the result.</doc>
<status status="NOT RUN" starttime="20231128 11:34:21.119" endtime="20231128 11:34:21.119"/>
</kw>
<break>
<status status="NOT RUN" starttime="20231128 11:34:21.119" endtime="20231128 11:34:21.119"/>
</break>
<status status="NOT RUN" starttime="20231128 11:34:21.118" endtime="20231128 11:34:21.119"/>
</branch>
<status status="PASS" starttime="20231128 11:34:21.118" endtime="20231128 11:34:21.119"/>
</if>
<status status="PASS" starttime="20231128 11:34:21.091" endtime="20231128 11:34:21.119"/>
</iter>
<iter>
<var name="${elem}">&lt;appium.webdriver.webelement.WebElement (session="a56467fa-d2a2-4464-9ff8-ee2604af7acb", element="bc736769-14ae-4c5f-a9b6-5a1708f7c297")&gt;</var>
<kw name="Get Element Attribute" library="AppiumLibrary">
<var>${shoe}</var>
<arg>${elem}</arg>
<arg>text</arg>
<doc>Get element attribute using given attribute: name, value,...</doc>
<msg timestamp="20231128 11:34:21.148" level="INFO">Element '&lt;appium.webdriver.webelement.WebElement (session="a56467fa-d2a2-4464-9ff8-ee2604af7acb", element="bc736769-14ae-4c5f-a9b6-5a1708f7c297")&gt;' attribute 'text' value '$110.0' </msg>
<msg timestamp="20231128 11:34:21.149" level="INFO">${shoe} = $110.0</msg>
<status status="PASS" starttime="20231128 11:34:21.120" endtime="20231128 11:34:21.149"/>
</kw>
<if>
<branch type="IF" condition="&quot;${shoe}&quot; == ${General_store_locators}[Shoe_name]">
<kw name="Click Element" library="AppiumLibrary">
<arg>${General_store_locators}[add_to_cart_shoe]</arg>
<doc>Click element identified by `locator`.</doc>
<status status="NOT RUN" starttime="20231128 11:34:21.149" endtime="20231128 11:34:21.149"/>
</kw>
<kw name="Evaluate" library="BuiltIn">
<var>${i}</var>
<arg>${i}-1</arg>
<doc>Evaluates the given expression in Python and returns the result.</doc>
<status status="NOT RUN" starttime="20231128 11:34:21.150" endtime="20231128 11:34:21.150"/>
</kw>
<break>
<status status="NOT RUN" starttime="20231128 11:34:21.150" endtime="20231128 11:34:21.150"/>
</break>
<status status="NOT RUN" starttime="20231128 11:34:21.149" endtime="20231128 11:34:21.150"/>
</branch>
<status status="PASS" starttime="20231128 11:34:21.149" endtime="20231128 11:34:21.150"/>
</if>
<status status="PASS" starttime="20231128 11:34:21.119" endtime="20231128 11:34:21.150"/>
</iter>
<iter>
<var name="${elem}">&lt;appium.webdriver.webelement.WebElement (session="a56467fa-d2a2-4464-9ff8-ee2604af7acb", element="796394c4-3fca-4875-9ef4-f9e40faf4132")&gt;</var>
<kw name="Get Element Attribute" library="AppiumLibrary">
<var>${shoe}</var>
<arg>${elem}</arg>
<arg>text</arg>
<doc>Get element attribute using given attribute: name, value,...</doc>
<msg timestamp="20231128 11:34:21.175" level="INFO">Element '&lt;appium.webdriver.webelement.WebElement (session="a56467fa-d2a2-4464-9ff8-ee2604af7acb", element="796394c4-3fca-4875-9ef4-f9e40faf4132")&gt;' attribute 'text' value 'ADD TO CART' </msg>
<msg timestamp="20231128 11:34:21.175" level="INFO">${shoe} = ADD TO CART</msg>
<status status="PASS" starttime="20231128 11:34:21.150" endtime="20231128 11:34:21.175"/>
</kw>
<if>
<branch type="IF" condition="&quot;${shoe}&quot; == ${General_store_locators}[Shoe_name]">
<kw name="Click Element" library="AppiumLibrary">
<arg>${General_store_locators}[add_to_cart_shoe]</arg>
<doc>Click element identified by `locator`.</doc>
<status status="NOT RUN" starttime="20231128 11:34:21.176" endtime="20231128 11:34:21.176"/>
</kw>
<kw name="Evaluate" library="BuiltIn">
<var>${i}</var>
<arg>${i}-1</arg>
<doc>Evaluates the given expression in Python and returns the result.</doc>
<status status="NOT RUN" starttime="20231128 11:34:21.176" endtime="20231128 11:34:21.176"/>
</kw>
<break>
<status status="NOT RUN" starttime="20231128 11:34:21.176" endtime="20231128 11:34:21.176"/>
</break>
<status status="NOT RUN" starttime="20231128 11:34:21.176" endtime="20231128 11:34:21.176"/>
</branch>
<status status="PASS" starttime="20231128 11:34:21.176" endtime="20231128 11:34:21.177"/>
</if>
<status status="PASS" starttime="20231128 11:34:21.150" endtime="20231128 11:34:21.177"/>
</iter>
<iter>
<var name="${elem}">&lt;appium.webdriver.webelement.WebElement (session="a56467fa-d2a2-4464-9ff8-ee2604af7acb", element="54b20c38-b7d1-48d9-9bca-5116a56b8418")&gt;</var>
<kw name="Get Element Attribute" library="AppiumLibrary">
<var>${shoe}</var>
<arg>${elem}</arg>
<arg>text</arg>
<doc>Get element attribute using given attribute: name, value,...</doc>
<msg timestamp="20231128 11:34:21.202" level="INFO">Element '&lt;appium.webdriver.webelement.WebElement (session="a56467fa-d2a2-4464-9ff8-ee2604af7acb", element="54b20c38-b7d1-48d9-9bca-5116a56b8418")&gt;' attribute 'text' value 'Converse All Star' </msg>
<msg timestamp="20231128 11:34:21.203" level="INFO">${shoe} = Converse All Star</msg>
<status status="PASS" starttime="20231128 11:34:21.177" endtime="20231128 11:34:21.203"/>
</kw>
<if>
<branch type="IF" condition="&quot;${shoe}&quot; == ${General_store_locators}[Shoe_name]">
<kw name="Click Element" library="AppiumLibrary">
<arg>${General_store_locators}[add_to_cart_shoe]</arg>
<doc>Click element identified by `locator`.</doc>
<msg timestamp="20231128 11:34:21.205" level="INFO">Clicking element 'xpath=//android.widget.TextView[@text='Converse All Star']/..//android.widget.TextView[@text='ADD TO CART']'.</msg>
<msg timestamp="20231128 11:34:21.594" level="INFO">xpath criteria: //android.widget.TextView[@text='Converse All Star']/..//android.widget.TextView[@text='ADD TO CART']</msg>
<status status="PASS" starttime="20231128 11:34:21.203" endtime="20231128 11:34:21.594"/>
</kw>
<kw name="Evaluate" library="BuiltIn">
<var>${i}</var>
<arg>${i}-1</arg>
<doc>Evaluates the given expression in Python and returns the result.</doc>
<msg timestamp="20231128 11:34:21.596" level="INFO">${i} = 0</msg>
<status status="PASS" starttime="20231128 11:34:21.595" endtime="20231128 11:34:21.596"/>
</kw>
<break>
<status status="PASS" starttime="20231128 11:34:21.596" endtime="20231128 11:34:21.596"/>
</break>
<status status="PASS" starttime="20231128 11:34:21.203" endtime="20231128 11:34:21.596"/>
</branch>
<status status="PASS" starttime="20231128 11:34:21.203" endtime="20231128 11:34:21.596"/>
</if>
<status status="PASS" starttime="20231128 11:34:21.177" endtime="20231128 11:34:21.598"/>
</iter>
<status status="PASS" starttime="20231128 11:34:21.058" endtime="20231128 11:34:21.598"/>
</for>
<kw name="Swipe" library="AppiumLibrary">
<arg>1052</arg>
<arg>1063</arg>
<arg>28</arg>
<arg>256</arg>
<arg>500</arg>
<doc>Swipe from one point to another point, for an optional duration.</doc>
<status status="PASS" starttime="20231128 11:34:21.598" endtime="20231128 11:34:24.327"/>
</kw>
<kw name="Sleep" library="BuiltIn">
<arg>4s</arg>
<doc>Pauses the test executed for the given time.</doc>
<msg timestamp="20231128 11:34:28.328" level="INFO">Slept 4 seconds</msg>
<status status="PASS" starttime="20231128 11:34:24.327" endtime="20231128 11:34:28.328"/>
</kw>
<status status="PASS" starttime="20231128 11:34:20.742" endtime="20231128 11:34:28.328"/>
</iter>
<status status="PASS" starttime="20231128 11:34:06.948" endtime="20231128 11:34:28.328"/>
</while>
<status status="PASS" starttime="20231128 11:34:06.947" endtime="20231128 11:34:28.328"/>
</kw>
<kw name="Click on cart button" library="Gen_store_app_operations">
<kw name="Click Element" library="AppiumLibrary">
<arg>${General_store_locators}[cart_button]</arg>
<doc>Click element identified by `locator`.</doc>
<msg timestamp="20231128 11:34:28.332" level="INFO">Clicking element 'id=com.androidsample.generalstore:id/appbar_btn_cart'.</msg>
<msg timestamp="20231128 11:34:28.406" level="INFO">criteria is com.androidsample.generalstore:id/appbar_btn_cart</msg>
<status status="PASS" starttime="20231128 11:34:28.330" endtime="20231128 11:34:28.406"/>
</kw>
<status status="PASS" starttime="20231128 11:34:28.329" endtime="20231128 11:34:28.406"/>
</kw>
<kw name="Click on the email subscribe check box" library="Gen_store_app_operations">
<kw name="Sleep" library="BuiltIn">
<arg>3s</arg>
<doc>Pauses the test executed for the given time.</doc>
<msg timestamp="20231128 11:34:31.407" level="INFO">Slept 3 seconds</msg>
<status status="PASS" starttime="20231128 11:34:28.407" endtime="20231128 11:34:31.407"/>
</kw>
<kw name="Click Element" library="AppiumLibrary">
<arg>${General_store_locators}[email_subscribe_check_box]</arg>
<doc>Click element identified by `locator`.</doc>
<msg timestamp="20231128 11:34:31.408" level="INFO">Clicking element 'xpath=//android.widget.CheckBox[@text='Send me e-mails on discounts related to selected products in future']'.</msg>
<msg timestamp="20231128 11:34:31.599" level="INFO">xpath criteria: //android.widget.CheckBox[@text='Send me e-mails on discounts related to selected products in future']</msg>
<status status="PASS" starttime="20231128 11:34:31.407" endtime="20231128 11:34:31.599"/>
</kw>
<status status="PASS" starttime="20231128 11:34:28.407" endtime="20231128 11:34:31.599"/>
</kw>
<kw name="Click on terms &amp; conditions field" library="Gen_store_app_operations">
<kw name="Long Press" library="AppiumLibrary">
<arg>${General_store_locators}[terms_conditions]</arg>
<doc>*DEPRECATED!!* Since selenium v4, use other keywords.</doc>
<msg timestamp="20231128 11:34:31.600" level="WARN">Keyword 'AppiumLibrary.Long Press' is deprecated. Since selenium v4, use other keywords.</msg>
<msg timestamp="20231128 11:34:34.772" level="INFO">criteria is com.androidsample.generalstore:id/termsButton</msg>
<status status="PASS" starttime="20231128 11:34:31.600" endtime="20231128 11:34:34.772"/>
</kw>
<kw name="Sleep" library="BuiltIn">
<arg>3s</arg>
<doc>Pauses the test executed for the given time.</doc>
<msg timestamp="20231128 11:34:37.774" level="INFO">Slept 3 seconds</msg>
<status status="PASS" starttime="20231128 11:34:34.773" endtime="20231128 11:34:37.774"/>
</kw>
<kw name="Click Element" library="AppiumLibrary">
<arg>${General_store_locators}[close_terms_conditions]</arg>
<doc>Click element identified by `locator`.</doc>
<msg timestamp="20231128 11:34:37.775" level="INFO">Clicking element 'id=android:id/button1'.</msg>
<msg timestamp="20231128 11:34:37.833" level="INFO">criteria is android:id/button1</msg>
<status status="PASS" starttime="20231128 11:34:37.774" endtime="20231128 11:34:37.833"/>
</kw>
<status status="PASS" starttime="20231128 11:34:31.600" endtime="20231128 11:34:37.834"/>
</kw>
<kw name="Closing the general store application" library="common_operations" type="TEARDOWN">
<kw name="Close All Applications" library="AppiumLibrary">
<doc>Closes all open applications.</doc>
<status status="PASS" starttime="20231128 11:34:37.835" endtime="20231128 11:34:38.403"/>
</kw>
<status status="PASS" starttime="20231128 11:34:37.835" endtime="20231128 11:34:38.403"/>
</kw>
<status status="PASS" starttime="20231128 11:32:31.242" endtime="20231128 11:34:38.405"/>
</test>
<status status="PASS" starttime="20231128 11:30:28.238" endtime="20231128 11:34:38.410"/>
</suite>
<statistics>
<total>
<stat pass="2" fail="0" skip="0">All Tests</stat>
</total>
<tag>
</tag>
<suite>
<stat pass="2" fail="0" skip="0" id="s1" name="Shoe Validations">Shoe Validations</stat>
</suite>
</statistics>
<errors>
<msg timestamp="20231128 11:30:29.365" level="ERROR">Error in file 'C:\Kasi_python_moolya\robot_frame_work_aappium_DD\Data_setup\data_fetch.robot' on line 3: Importing library 'excel' failed: ModuleNotFoundError: No module named 'excel'
Traceback (most recent call last):
  None
PYTHONPATH:
  C:\Users\USER\AppData\Local\Programs\Python\Python312\Scripts\robot.exe
  C:\Users\USER\AppData\Local\Programs\Python\Python312\python312.zip
  C:\Users\USER\AppData\Local\Programs\Python\Python312\DLLs
  C:\Users\USER\AppData\Local\Programs\Python\Python312\Lib
  C:\Users\USER\AppData\Local\Programs\Python\Python312
  C:\Users\USER\AppData\Roaming\Python\Python312\site-packages
  C:\Users\USER\AppData\Local\Programs\Python\Python312\Lib\site-packages
  C:\Users\USER\AppData\Local\Programs\Python\Python312\Lib\site-packages\win32
  C:\Users\USER\AppData\Local\Programs\Python\Python312\Lib\site-packages\win32\lib
  C:\Users\USER\AppData\Local\Programs\Python\Python312\Lib\site-packages\Pythonwin</msg>
<msg timestamp="20231128 11:34:31.600" level="WARN">Keyword 'AppiumLibrary.Long Press' is deprecated. Since selenium v4, use other keywords.</msg>
</errors>
</robot>
