<?xml version="1.0" encoding="UTF-8"?>
<robot generator="Robot 6.1.1 (Python 3.12.0 on win32)" generated="20231127 14:18:13.320" rpa="false" schemaversion="4">
<suite id="s1" name="Shoe Validations" source="C:\Kasi_python_moolya\robot_frame_work_aappium\tests\shoe_validations.robot">
<test id="s1-t1" name="Adding a shoe to the cart &amp; proceed to checkout page" line="7">
<kw name="Opening the general app application" library="common_operations" type="SETUP">
<kw name="Open Application" library="AppiumLibrary">
<arg>${Server}</arg>
<arg>devicename=${Device_name}</arg>
<arg>platformName=${Platform_name}</arg>
<arg>appPackage=${App_package}</arg>
<arg>appActivity=${App_activity}</arg>
<doc>Opens a new application to given Appium server.
Capabilities of appium server, Android and iOS,
Please check https://github.com/appium/appium/blob/master/docs/en/writing-running-appium/server-args.md
| *Option*            | *Man.* | *Description*     |
| remote_url          | Yes    | Appium server url |
| alias               | no     | alias             |
| strict_ssl          | No     | allows you to send commands to an invalid certificate host like a self-signed one. |</doc>
<status status="PASS" starttime="20231127 14:18:13.769" endtime="20231127 14:18:27.612"/>
</kw>
<status status="PASS" starttime="20231127 14:18:13.768" endtime="20231127 14:18:27.612"/>
</kw>
<kw name="Clicking country drop down" library="Gen_store_app_operations">
<kw name="Wait Until Page Contains Element" library="AppiumLibrary">
<arg>${county_drop_down}</arg>
<arg>15s</arg>
<doc>Waits until element specified with `locator` appears on current page.</doc>
<msg timestamp="20231127 14:18:32.194" level="INFO">criteria is android:id/text1
criteria is android:id/text1
criteria is android:id/text1
criteria is android:id/text1
criteria is android:id/text1
criteria is android:id/text1
criteria is android:id/text1
criteria is android:id/text1
criteria is android:id/text1</msg>
<status status="PASS" starttime="20231127 14:18:27.613" endtime="20231127 14:18:32.194"/>
</kw>
<kw name="Click Element" library="AppiumLibrary">
<arg>${county_drop_down}</arg>
<doc>Click element identified by `locator`.</doc>
<msg timestamp="20231127 14:18:32.197" level="INFO">Clicking element 'android:id/text1'.</msg>
<msg timestamp="20231127 14:18:32.274" level="INFO">criteria is android:id/text1</msg>
<status status="PASS" starttime="20231127 14:18:32.194" endtime="20231127 14:18:32.274"/>
</kw>
<status status="PASS" starttime="20231127 14:18:27.613" endtime="20231127 14:18:32.274"/>
</kw>
<kw name="Selecting desired country from the drop down" library="Gen_store_app_operations">
<kw name="Sleep" library="BuiltIn">
<arg>5s</arg>
<doc>Pauses the test executed for the given time.</doc>
<msg timestamp="20231127 14:18:37.276" level="INFO">Slept 5 seconds</msg>
<status status="PASS" starttime="20231127 14:18:32.274" endtime="20231127 14:18:37.276"/>
</kw>
<kw name="Evaluate" library="BuiltIn">
<var>${i}</var>
<arg>1</arg>
<doc>Evaluates the given expression in Python and returns the result.</doc>
<msg timestamp="20231127 14:18:37.278" level="INFO">${i} = 1</msg>
<status status="PASS" starttime="20231127 14:18:37.277" endtime="20231127 14:18:37.278"/>
</kw>
<while condition="${i}&gt;0">
<iter>
<kw name="Get Webelements" library="AppiumLibrary">
<var>${LIST_ELEMENTS}</var>
<arg>${country_items}</arg>
<doc>Returns list of [http://selenium-python.readthedocs.io/api.html#module-selenium.webdriver.remote.webelement|WebElement] objects matching ``locator``.</doc>
<msg timestamp="20231127 14:18:37.474" level="INFO">xpath criteria: //android.widget.TextView</msg>
<msg timestamp="20231127 14:18:37.474" level="INFO">${LIST_ELEMENTS} = [&lt;appium.webdriver.webelement.WebElement (session="8e9eb9a7-8153-42c5-a373-cd357901f88c", element="856ef8c1-bf4f-4120-8b3f-9d739459596c")&gt;, &lt;appium.webdriver.webelement.WebElement (session="8e9eb9a7-8...</msg>
<status status="PASS" starttime="20231127 14:18:37.280" endtime="20231127 14:18:37.474"/>
</kw>
<kw name="Get Length" library="BuiltIn">
<var>${LIST_LENGTH}</var>
<arg>${LIST_ELEMENTS}</arg>
<doc>Returns and logs the length of the given item as an integer.</doc>
<msg timestamp="20231127 14:18:37.475" level="INFO">Length is 9</msg>
<msg timestamp="20231127 14:18:37.475" level="INFO">${LIST_LENGTH} = 9</msg>
<status status="PASS" starttime="20231127 14:18:37.474" endtime="20231127 14:18:37.475"/>
</kw>
<for flavor="IN">
<var>${elem}</var>
<value>@{LIST_ELEMENTS}</value>
<iter>
<var name="${elem}">&lt;appium.webdriver.webelement.WebElement (session="8e9eb9a7-8153-42c5-a373-cd357901f88c", element="856ef8c1-bf4f-4120-8b3f-9d739459596c")&gt;</var>
<kw name="Get Element Attribute" library="AppiumLibrary">
<var>${country}</var>
<arg>${elem}</arg>
<arg>text</arg>
<doc>Get element attribute using given attribute: name, value,...</doc>
<msg timestamp="20231127 14:18:37.493" level="INFO">Element '&lt;appium.webdriver.webelement.WebElement (session="8e9eb9a7-8153-42c5-a373-cd357901f88c", element="856ef8c1-bf4f-4120-8b3f-9d739459596c")&gt;' attribute 'text' value 'Afghanistan' </msg>
<msg timestamp="20231127 14:18:37.493" level="INFO">${country} = Afghanistan</msg>
<status status="PASS" starttime="20231127 14:18:37.475" endtime="20231127 14:18:37.493"/>
</kw>
<if>
<branch type="IF" condition="&quot;${country}&quot; == ${country_name}">
<kw name="Click Element" library="AppiumLibrary">
<arg>${elem}</arg>
<doc>Click element identified by `locator`.</doc>
<status status="NOT RUN" starttime="20231127 14:18:37.493" endtime="20231127 14:18:37.493"/>
</kw>
<kw name="Evaluate" library="BuiltIn">
<var>${i}</var>
<arg>${i}-1</arg>
<doc>Evaluates the given expression in Python and returns the result.</doc>
<status status="NOT RUN" starttime="20231127 14:18:37.493" endtime="20231127 14:18:37.493"/>
</kw>
<break>
<status status="NOT RUN" starttime="20231127 14:18:37.493" endtime="20231127 14:18:37.493"/>
</break>
<status status="NOT RUN" starttime="20231127 14:18:37.493" endtime="20231127 14:18:37.493"/>
</branch>
<status status="PASS" starttime="20231127 14:18:37.493" endtime="20231127 14:18:37.493"/>
</if>
<status status="PASS" starttime="20231127 14:18:37.475" endtime="20231127 14:18:37.493"/>
</iter>
<iter>
<var name="${elem}">&lt;appium.webdriver.webelement.WebElement (session="8e9eb9a7-8153-42c5-a373-cd357901f88c", element="1523206d-db36-49ca-8ffc-a9b6923e124c")&gt;</var>
<kw name="Get Element Attribute" library="AppiumLibrary">
<var>${country}</var>
<arg>${elem}</arg>
<arg>text</arg>
<doc>Get element attribute using given attribute: name, value,...</doc>
<msg timestamp="20231127 14:18:37.508" level="INFO">Element '&lt;appium.webdriver.webelement.WebElement (session="8e9eb9a7-8153-42c5-a373-cd357901f88c", element="1523206d-db36-49ca-8ffc-a9b6923e124c")&gt;' attribute 'text' value 'Albania' </msg>
<msg timestamp="20231127 14:18:37.508" level="INFO">${country} = Albania</msg>
<status status="PASS" starttime="20231127 14:18:37.493" endtime="20231127 14:18:37.508"/>
</kw>
<if>
<branch type="IF" condition="&quot;${country}&quot; == ${country_name}">
<kw name="Click Element" library="AppiumLibrary">
<arg>${elem}</arg>
<doc>Click element identified by `locator`.</doc>
<status status="NOT RUN" starttime="20231127 14:18:37.508" endtime="20231127 14:18:37.508"/>
</kw>
<kw name="Evaluate" library="BuiltIn">
<var>${i}</var>
<arg>${i}-1</arg>
<doc>Evaluates the given expression in Python and returns the result.</doc>
<status status="NOT RUN" starttime="20231127 14:18:37.508" endtime="20231127 14:18:37.508"/>
</kw>
<break>
<status status="NOT RUN" starttime="20231127 14:18:37.508" endtime="20231127 14:18:37.508"/>
</break>
<status status="NOT RUN" starttime="20231127 14:18:37.508" endtime="20231127 14:18:37.508"/>
</branch>
<status status="PASS" starttime="20231127 14:18:37.508" endtime="20231127 14:18:37.508"/>
</if>
<status status="PASS" starttime="20231127 14:18:37.493" endtime="20231127 14:18:37.508"/>
</iter>
<iter>
<var name="${elem}">&lt;appium.webdriver.webelement.WebElement (session="8e9eb9a7-8153-42c5-a373-cd357901f88c", element="07bf9452-c5e7-477f-91aa-613da3763d1c")&gt;</var>
<kw name="Get Element Attribute" library="AppiumLibrary">
<var>${country}</var>
<arg>${elem}</arg>
<arg>text</arg>
<doc>Get element attribute using given attribute: name, value,...</doc>
<msg timestamp="20231127 14:18:37.522" level="INFO">Element '&lt;appium.webdriver.webelement.WebElement (session="8e9eb9a7-8153-42c5-a373-cd357901f88c", element="07bf9452-c5e7-477f-91aa-613da3763d1c")&gt;' attribute 'text' value 'Algeria' </msg>
<msg timestamp="20231127 14:18:37.523" level="INFO">${country} = Algeria</msg>
<status status="PASS" starttime="20231127 14:18:37.508" endtime="20231127 14:18:37.523"/>
</kw>
<if>
<branch type="IF" condition="&quot;${country}&quot; == ${country_name}">
<kw name="Click Element" library="AppiumLibrary">
<arg>${elem}</arg>
<doc>Click element identified by `locator`.</doc>
<status status="NOT RUN" starttime="20231127 14:18:37.523" endtime="20231127 14:18:37.523"/>
</kw>
<kw name="Evaluate" library="BuiltIn">
<var>${i}</var>
<arg>${i}-1</arg>
<doc>Evaluates the given expression in Python and returns the result.</doc>
<status status="NOT RUN" starttime="20231127 14:18:37.523" endtime="20231127 14:18:37.523"/>
</kw>
<break>
<status status="NOT RUN" starttime="20231127 14:18:37.523" endtime="20231127 14:18:37.523"/>
</break>
<status status="NOT RUN" starttime="20231127 14:18:37.523" endtime="20231127 14:18:37.523"/>
</branch>
<status status="PASS" starttime="20231127 14:18:37.523" endtime="20231127 14:18:37.523"/>
</if>
<status status="PASS" starttime="20231127 14:18:37.508" endtime="20231127 14:18:37.523"/>
</iter>
<iter>
<var name="${elem}">&lt;appium.webdriver.webelement.WebElement (session="8e9eb9a7-8153-42c5-a373-cd357901f88c", element="e8f44a47-429f-49d6-a782-294f10ff3069")&gt;</var>
<kw name="Get Element Attribute" library="AppiumLibrary">
<var>${country}</var>
<arg>${elem}</arg>
<arg>text</arg>
<doc>Get element attribute using given attribute: name, value,...</doc>
<msg timestamp="20231127 14:18:37.537" level="INFO">Element '&lt;appium.webdriver.webelement.WebElement (session="8e9eb9a7-8153-42c5-a373-cd357901f88c", element="e8f44a47-429f-49d6-a782-294f10ff3069")&gt;' attribute 'text' value 'American Samoa' </msg>
<msg timestamp="20231127 14:18:37.537" level="INFO">${country} = American Samoa</msg>
<status status="PASS" starttime="20231127 14:18:37.523" endtime="20231127 14:18:37.537"/>
</kw>
<if>
<branch type="IF" condition="&quot;${country}&quot; == ${country_name}">
<kw name="Click Element" library="AppiumLibrary">
<arg>${elem}</arg>
<doc>Click element identified by `locator`.</doc>
<status status="NOT RUN" starttime="20231127 14:18:37.538" endtime="20231127 14:18:37.538"/>
</kw>
<kw name="Evaluate" library="BuiltIn">
<var>${i}</var>
<arg>${i}-1</arg>
<doc>Evaluates the given expression in Python and returns the result.</doc>
<status status="NOT RUN" starttime="20231127 14:18:37.538" endtime="20231127 14:18:37.538"/>
</kw>
<break>
<status status="NOT RUN" starttime="20231127 14:18:37.538" endtime="20231127 14:18:37.538"/>
</break>
<status status="NOT RUN" starttime="20231127 14:18:37.537" endtime="20231127 14:18:37.538"/>
</branch>
<status status="PASS" starttime="20231127 14:18:37.537" endtime="20231127 14:18:37.538"/>
</if>
<status status="PASS" starttime="20231127 14:18:37.523" endtime="20231127 14:18:37.538"/>
</iter>
<iter>
<var name="${elem}">&lt;appium.webdriver.webelement.WebElement (session="8e9eb9a7-8153-42c5-a373-cd357901f88c", element="7087a5cb-1150-4fff-9b4b-44a9f1317d8d")&gt;</var>
<kw name="Get Element Attribute" library="AppiumLibrary">
<var>${country}</var>
<arg>${elem}</arg>
<arg>text</arg>
<doc>Get element attribute using given attribute: name, value,...</doc>
<msg timestamp="20231127 14:18:37.550" level="INFO">Element '&lt;appium.webdriver.webelement.WebElement (session="8e9eb9a7-8153-42c5-a373-cd357901f88c", element="7087a5cb-1150-4fff-9b4b-44a9f1317d8d")&gt;' attribute 'text' value 'Andorra' </msg>
<msg timestamp="20231127 14:18:37.550" level="INFO">${country} = Andorra</msg>
<status status="PASS" starttime="20231127 14:18:37.538" endtime="20231127 14:18:37.550"/>
</kw>
<if>
<branch type="IF" condition="&quot;${country}&quot; == ${country_name}">
<kw name="Click Element" library="AppiumLibrary">
<arg>${elem}</arg>
<doc>Click element identified by `locator`.</doc>
<status status="NOT RUN" starttime="20231127 14:18:37.550" endtime="20231127 14:18:37.550"/>
</kw>
<kw name="Evaluate" library="BuiltIn">
<var>${i}</var>
<arg>${i}-1</arg>
<doc>Evaluates the given expression in Python and returns the result.</doc>
<status status="NOT RUN" starttime="20231127 14:18:37.550" endtime="20231127 14:18:37.550"/>
</kw>
<break>
<status status="NOT RUN" starttime="20231127 14:18:37.550" endtime="20231127 14:18:37.550"/>
</break>
<status status="NOT RUN" starttime="20231127 14:18:37.550" endtime="20231127 14:18:37.550"/>
</branch>
<status status="PASS" starttime="20231127 14:18:37.550" endtime="20231127 14:18:37.550"/>
</if>
<status status="PASS" starttime="20231127 14:18:37.538" endtime="20231127 14:18:37.550"/>
</iter>
<iter>
<var name="${elem}">&lt;appium.webdriver.webelement.WebElement (session="8e9eb9a7-8153-42c5-a373-cd357901f88c", element="c14003dc-14e6-4f9b-b6b4-f147aea7543e")&gt;</var>
<kw name="Get Element Attribute" library="AppiumLibrary">
<var>${country}</var>
<arg>${elem}</arg>
<arg>text</arg>
<doc>Get element attribute using given attribute: name, value,...</doc>
<msg timestamp="20231127 14:18:37.562" level="INFO">Element '&lt;appium.webdriver.webelement.WebElement (session="8e9eb9a7-8153-42c5-a373-cd357901f88c", element="c14003dc-14e6-4f9b-b6b4-f147aea7543e")&gt;' attribute 'text' value 'Angola' </msg>
<msg timestamp="20231127 14:18:37.563" level="INFO">${country} = Angola</msg>
<status status="PASS" starttime="20231127 14:18:37.550" endtime="20231127 14:18:37.563"/>
</kw>
<if>
<branch type="IF" condition="&quot;${country}&quot; == ${country_name}">
<kw name="Click Element" library="AppiumLibrary">
<arg>${elem}</arg>
<doc>Click element identified by `locator`.</doc>
<status status="NOT RUN" starttime="20231127 14:18:37.563" endtime="20231127 14:18:37.563"/>
</kw>
<kw name="Evaluate" library="BuiltIn">
<var>${i}</var>
<arg>${i}-1</arg>
<doc>Evaluates the given expression in Python and returns the result.</doc>
<status status="NOT RUN" starttime="20231127 14:18:37.563" endtime="20231127 14:18:37.563"/>
</kw>
<break>
<status status="NOT RUN" starttime="20231127 14:18:37.563" endtime="20231127 14:18:37.563"/>
</break>
<status status="NOT RUN" starttime="20231127 14:18:37.563" endtime="20231127 14:18:37.563"/>
</branch>
<status status="PASS" starttime="20231127 14:18:37.563" endtime="20231127 14:18:37.563"/>
</if>
<status status="PASS" starttime="20231127 14:18:37.550" endtime="20231127 14:18:37.563"/>
</iter>
<iter>
<var name="${elem}">&lt;appium.webdriver.webelement.WebElement (session="8e9eb9a7-8153-42c5-a373-cd357901f88c", element="52208844-d54c-4443-9e24-3b49457ad3e2")&gt;</var>
<kw name="Get Element Attribute" library="AppiumLibrary">
<var>${country}</var>
<arg>${elem}</arg>
<arg>text</arg>
<doc>Get element attribute using given attribute: name, value,...</doc>
<msg timestamp="20231127 14:18:37.578" level="INFO">Element '&lt;appium.webdriver.webelement.WebElement (session="8e9eb9a7-8153-42c5-a373-cd357901f88c", element="52208844-d54c-4443-9e24-3b49457ad3e2")&gt;' attribute 'text' value 'Anguilla' </msg>
<msg timestamp="20231127 14:18:37.578" level="INFO">${country} = Anguilla</msg>
<status status="PASS" starttime="20231127 14:18:37.563" endtime="20231127 14:18:37.578"/>
</kw>
<if>
<branch type="IF" condition="&quot;${country}&quot; == ${country_name}">
<kw name="Click Element" library="AppiumLibrary">
<arg>${elem}</arg>
<doc>Click element identified by `locator`.</doc>
<status status="NOT RUN" starttime="20231127 14:18:37.578" endtime="20231127 14:18:37.578"/>
</kw>
<kw name="Evaluate" library="BuiltIn">
<var>${i}</var>
<arg>${i}-1</arg>
<doc>Evaluates the given expression in Python and returns the result.</doc>
<status status="NOT RUN" starttime="20231127 14:18:37.578" endtime="20231127 14:18:37.579"/>
</kw>
<break>
<status status="NOT RUN" starttime="20231127 14:18:37.579" endtime="20231127 14:18:37.579"/>
</break>
<status status="NOT RUN" starttime="20231127 14:18:37.578" endtime="20231127 14:18:37.579"/>
</branch>
<status status="PASS" starttime="20231127 14:18:37.578" endtime="20231127 14:18:37.579"/>
</if>
<status status="PASS" starttime="20231127 14:18:37.563" endtime="20231127 14:18:37.579"/>
</iter>
<iter>
<var name="${elem}">&lt;appium.webdriver.webelement.WebElement (session="8e9eb9a7-8153-42c5-a373-cd357901f88c", element="8febe9f9-33e2-4a94-8f42-5828e3a80099")&gt;</var>
<kw name="Get Element Attribute" library="AppiumLibrary">
<var>${country}</var>
<arg>${elem}</arg>
<arg>text</arg>
<doc>Get element attribute using given attribute: name, value,...</doc>
<msg timestamp="20231127 14:18:37.592" level="INFO">Element '&lt;appium.webdriver.webelement.WebElement (session="8e9eb9a7-8153-42c5-a373-cd357901f88c", element="8febe9f9-33e2-4a94-8f42-5828e3a80099")&gt;' attribute 'text' value 'Antarctica' </msg>
<msg timestamp="20231127 14:18:37.593" level="INFO">${country} = Antarctica</msg>
<status status="PASS" starttime="20231127 14:18:37.579" endtime="20231127 14:18:37.593"/>
</kw>
<if>
<branch type="IF" condition="&quot;${country}&quot; == ${country_name}">
<kw name="Click Element" library="AppiumLibrary">
<arg>${elem}</arg>
<doc>Click element identified by `locator`.</doc>
<status status="NOT RUN" starttime="20231127 14:18:37.593" endtime="20231127 14:18:37.593"/>
</kw>
<kw name="Evaluate" library="BuiltIn">
<var>${i}</var>
<arg>${i}-1</arg>
<doc>Evaluates the given expression in Python and returns the result.</doc>
<status status="NOT RUN" starttime="20231127 14:18:37.594" endtime="20231127 14:18:37.594"/>
</kw>
<break>
<status status="NOT RUN" starttime="20231127 14:18:37.594" endtime="20231127 14:18:37.594"/>
</break>
<status status="NOT RUN" starttime="20231127 14:18:37.593" endtime="20231127 14:18:37.594"/>
</branch>
<status status="PASS" starttime="20231127 14:18:37.593" endtime="20231127 14:18:37.594"/>
</if>
<status status="PASS" starttime="20231127 14:18:37.579" endtime="20231127 14:18:37.594"/>
</iter>
<iter>
<var name="${elem}">&lt;appium.webdriver.webelement.WebElement (session="8e9eb9a7-8153-42c5-a373-cd357901f88c", element="c7739494-ee45-4766-a8d1-f8e2fe0d763b")&gt;</var>
<kw name="Get Element Attribute" library="AppiumLibrary">
<var>${country}</var>
<arg>${elem}</arg>
<arg>text</arg>
<doc>Get element attribute using given attribute: name, value,...</doc>
<msg timestamp="20231127 14:18:37.609" level="INFO">Element '&lt;appium.webdriver.webelement.WebElement (session="8e9eb9a7-8153-42c5-a373-cd357901f88c", element="c7739494-ee45-4766-a8d1-f8e2fe0d763b")&gt;' attribute 'text' value 'Antigua and Barbuda' </msg>
<msg timestamp="20231127 14:18:37.609" level="INFO">${country} = Antigua and Barbuda</msg>
<status status="PASS" starttime="20231127 14:18:37.594" endtime="20231127 14:18:37.609"/>
</kw>
<if>
<branch type="IF" condition="&quot;${country}&quot; == ${country_name}">
<kw name="Click Element" library="AppiumLibrary">
<arg>${elem}</arg>
<doc>Click element identified by `locator`.</doc>
<status status="NOT RUN" starttime="20231127 14:18:37.609" endtime="20231127 14:18:37.609"/>
</kw>
<kw name="Evaluate" library="BuiltIn">
<var>${i}</var>
<arg>${i}-1</arg>
<doc>Evaluates the given expression in Python and returns the result.</doc>
<status status="NOT RUN" starttime="20231127 14:18:37.609" endtime="20231127 14:18:37.609"/>
</kw>
<break>
<status status="NOT RUN" starttime="20231127 14:18:37.609" endtime="20231127 14:18:37.609"/>
</break>
<status status="NOT RUN" starttime="20231127 14:18:37.609" endtime="20231127 14:18:37.609"/>
</branch>
<status status="PASS" starttime="20231127 14:18:37.609" endtime="20231127 14:18:37.609"/>
</if>
<status status="PASS" starttime="20231127 14:18:37.594" endtime="20231127 14:18:37.609"/>
</iter>
<status status="PASS" starttime="20231127 14:18:37.475" endtime="20231127 14:18:37.609"/>
</for>
<kw name="Swipe" library="AppiumLibrary">
<arg>789</arg>
<arg>2088</arg>
<arg>178</arg>
<arg>595</arg>
<arg>500</arg>
<doc>Swipe from one point to another point, for an optional duration.</doc>
<status status="PASS" starttime="20231127 14:18:37.609" endtime="20231127 14:18:39.911"/>
</kw>
<status status="PASS" starttime="20231127 14:18:37.278" endtime="20231127 14:18:39.911"/>
</iter>
<iter>
<kw name="Get Webelements" library="AppiumLibrary">
<var>${LIST_ELEMENTS}</var>
<arg>${country_items}</arg>
<doc>Returns list of [http://selenium-python.readthedocs.io/api.html#module-selenium.webdriver.remote.webelement|WebElement] objects matching ``locator``.</doc>
<msg timestamp="20231127 14:18:40.893" level="INFO">xpath criteria: //android.widget.TextView</msg>
<msg timestamp="20231127 14:18:40.894" level="INFO">${LIST_ELEMENTS} = [&lt;appium.webdriver.webelement.WebElement (session="8e9eb9a7-8153-42c5-a373-cd357901f88c", element="fede2ba7-81ea-4f5a-8c4d-0bbff5e4a471")&gt;, &lt;appium.webdriver.webelement.WebElement (session="8e9eb9a7-8...</msg>
<status status="PASS" starttime="20231127 14:18:39.911" endtime="20231127 14:18:40.894"/>
</kw>
<kw name="Get Length" library="BuiltIn">
<var>${LIST_LENGTH}</var>
<arg>${LIST_ELEMENTS}</arg>
<doc>Returns and logs the length of the given item as an integer.</doc>
<msg timestamp="20231127 14:18:40.894" level="INFO">Length is 10</msg>
<msg timestamp="20231127 14:18:40.894" level="INFO">${LIST_LENGTH} = 10</msg>
<status status="PASS" starttime="20231127 14:18:40.894" endtime="20231127 14:18:40.894"/>
</kw>
<for flavor="IN">
<var>${elem}</var>
<value>@{LIST_ELEMENTS}</value>
<iter>
<var name="${elem}">&lt;appium.webdriver.webelement.WebElement (session="8e9eb9a7-8153-42c5-a373-cd357901f88c", element="fede2ba7-81ea-4f5a-8c4d-0bbff5e4a471")&gt;</var>
<kw name="Get Element Attribute" library="AppiumLibrary">
<var>${country}</var>
<arg>${elem}</arg>
<arg>text</arg>
<doc>Get element attribute using given attribute: name, value,...</doc>
<msg timestamp="20231127 14:18:40.932" level="INFO">Element '&lt;appium.webdriver.webelement.WebElement (session="8e9eb9a7-8153-42c5-a373-cd357901f88c", element="fede2ba7-81ea-4f5a-8c4d-0bbff5e4a471")&gt;' attribute 'text' value 'Antigua and Barbuda' </msg>
<msg timestamp="20231127 14:18:40.932" level="INFO">${country} = Antigua and Barbuda</msg>
<status status="PASS" starttime="20231127 14:18:40.894" endtime="20231127 14:18:40.932"/>
</kw>
<if>
<branch type="IF" condition="&quot;${country}&quot; == ${country_name}">
<kw name="Click Element" library="AppiumLibrary">
<arg>${elem}</arg>
<doc>Click element identified by `locator`.</doc>
<status status="NOT RUN" starttime="20231127 14:18:40.932" endtime="20231127 14:18:40.932"/>
</kw>
<kw name="Evaluate" library="BuiltIn">
<var>${i}</var>
<arg>${i}-1</arg>
<doc>Evaluates the given expression in Python and returns the result.</doc>
<status status="NOT RUN" starttime="20231127 14:18:40.932" endtime="20231127 14:18:40.932"/>
</kw>
<break>
<status status="NOT RUN" starttime="20231127 14:18:40.932" endtime="20231127 14:18:40.932"/>
</break>
<status status="NOT RUN" starttime="20231127 14:18:40.932" endtime="20231127 14:18:40.932"/>
</branch>
<status status="PASS" starttime="20231127 14:18:40.932" endtime="20231127 14:18:40.932"/>
</if>
<status status="PASS" starttime="20231127 14:18:40.894" endtime="20231127 14:18:40.932"/>
</iter>
<iter>
<var name="${elem}">&lt;appium.webdriver.webelement.WebElement (session="8e9eb9a7-8153-42c5-a373-cd357901f88c", element="723d7eae-f553-4cf0-8cd1-af2d08e20205")&gt;</var>
<kw name="Get Element Attribute" library="AppiumLibrary">
<var>${country}</var>
<arg>${elem}</arg>
<arg>text</arg>
<doc>Get element attribute using given attribute: name, value,...</doc>
<msg timestamp="20231127 14:18:40.951" level="INFO">Element '&lt;appium.webdriver.webelement.WebElement (session="8e9eb9a7-8153-42c5-a373-cd357901f88c", element="723d7eae-f553-4cf0-8cd1-af2d08e20205")&gt;' attribute 'text' value 'Argentina' </msg>
<msg timestamp="20231127 14:18:40.952" level="INFO">${country} = Argentina</msg>
<status status="PASS" starttime="20231127 14:18:40.933" endtime="20231127 14:18:40.952"/>
</kw>
<if>
<branch type="IF" condition="&quot;${country}&quot; == ${country_name}">
<kw name="Click Element" library="AppiumLibrary">
<arg>${elem}</arg>
<doc>Click element identified by `locator`.</doc>
<status status="NOT RUN" starttime="20231127 14:18:40.952" endtime="20231127 14:18:40.952"/>
</kw>
<kw name="Evaluate" library="BuiltIn">
<var>${i}</var>
<arg>${i}-1</arg>
<doc>Evaluates the given expression in Python and returns the result.</doc>
<status status="NOT RUN" starttime="20231127 14:18:40.952" endtime="20231127 14:18:40.952"/>
</kw>
<break>
<status status="NOT RUN" starttime="20231127 14:18:40.952" endtime="20231127 14:18:40.952"/>
</break>
<status status="NOT RUN" starttime="20231127 14:18:40.952" endtime="20231127 14:18:40.952"/>
</branch>
<status status="PASS" starttime="20231127 14:18:40.952" endtime="20231127 14:18:40.952"/>
</if>
<status status="PASS" starttime="20231127 14:18:40.932" endtime="20231127 14:18:40.952"/>
</iter>
<iter>
<var name="${elem}">&lt;appium.webdriver.webelement.WebElement (session="8e9eb9a7-8153-42c5-a373-cd357901f88c", element="115b212f-702a-4b3e-90a8-b1d0c37a533f")&gt;</var>
<kw name="Get Element Attribute" library="AppiumLibrary">
<var>${country}</var>
<arg>${elem}</arg>
<arg>text</arg>
<doc>Get element attribute using given attribute: name, value,...</doc>
<msg timestamp="20231127 14:18:40.973" level="INFO">Element '&lt;appium.webdriver.webelement.WebElement (session="8e9eb9a7-8153-42c5-a373-cd357901f88c", element="115b212f-702a-4b3e-90a8-b1d0c37a533f")&gt;' attribute 'text' value 'Armenia' </msg>
<msg timestamp="20231127 14:18:40.973" level="INFO">${country} = Armenia</msg>
<status status="PASS" starttime="20231127 14:18:40.952" endtime="20231127 14:18:40.973"/>
</kw>
<if>
<branch type="IF" condition="&quot;${country}&quot; == ${country_name}">
<kw name="Click Element" library="AppiumLibrary">
<arg>${elem}</arg>
<doc>Click element identified by `locator`.</doc>
<status status="NOT RUN" starttime="20231127 14:18:40.973" endtime="20231127 14:18:40.973"/>
</kw>
<kw name="Evaluate" library="BuiltIn">
<var>${i}</var>
<arg>${i}-1</arg>
<doc>Evaluates the given expression in Python and returns the result.</doc>
<status status="NOT RUN" starttime="20231127 14:18:40.973" endtime="20231127 14:18:40.973"/>
</kw>
<break>
<status status="NOT RUN" starttime="20231127 14:18:40.974" endtime="20231127 14:18:40.974"/>
</break>
<status status="NOT RUN" starttime="20231127 14:18:40.973" endtime="20231127 14:18:40.974"/>
</branch>
<status status="PASS" starttime="20231127 14:18:40.973" endtime="20231127 14:18:40.974"/>
</if>
<status status="PASS" starttime="20231127 14:18:40.952" endtime="20231127 14:18:40.974"/>
</iter>
<iter>
<var name="${elem}">&lt;appium.webdriver.webelement.WebElement (session="8e9eb9a7-8153-42c5-a373-cd357901f88c", element="658e1c81-4ef2-477e-980d-e3594c5071d3")&gt;</var>
<kw name="Get Element Attribute" library="AppiumLibrary">
<var>${country}</var>
<arg>${elem}</arg>
<arg>text</arg>
<doc>Get element attribute using given attribute: name, value,...</doc>
<msg timestamp="20231127 14:18:40.989" level="INFO">Element '&lt;appium.webdriver.webelement.WebElement (session="8e9eb9a7-8153-42c5-a373-cd357901f88c", element="658e1c81-4ef2-477e-980d-e3594c5071d3")&gt;' attribute 'text' value 'Aruba' </msg>
<msg timestamp="20231127 14:18:40.989" level="INFO">${country} = Aruba</msg>
<status status="PASS" starttime="20231127 14:18:40.974" endtime="20231127 14:18:40.989"/>
</kw>
<if>
<branch type="IF" condition="&quot;${country}&quot; == ${country_name}">
<kw name="Click Element" library="AppiumLibrary">
<arg>${elem}</arg>
<doc>Click element identified by `locator`.</doc>
<status status="NOT RUN" starttime="20231127 14:18:40.990" endtime="20231127 14:18:40.990"/>
</kw>
<kw name="Evaluate" library="BuiltIn">
<var>${i}</var>
<arg>${i}-1</arg>
<doc>Evaluates the given expression in Python and returns the result.</doc>
<status status="NOT RUN" starttime="20231127 14:18:40.990" endtime="20231127 14:18:40.990"/>
</kw>
<break>
<status status="NOT RUN" starttime="20231127 14:18:40.990" endtime="20231127 14:18:40.990"/>
</break>
<status status="NOT RUN" starttime="20231127 14:18:40.990" endtime="20231127 14:18:40.990"/>
</branch>
<status status="PASS" starttime="20231127 14:18:40.990" endtime="20231127 14:18:40.990"/>
</if>
<status status="PASS" starttime="20231127 14:18:40.974" endtime="20231127 14:18:40.990"/>
</iter>
<iter>
<var name="${elem}">&lt;appium.webdriver.webelement.WebElement (session="8e9eb9a7-8153-42c5-a373-cd357901f88c", element="5027c1b3-f9c7-4d8c-a441-c6a7ce9ade93")&gt;</var>
<kw name="Get Element Attribute" library="AppiumLibrary">
<var>${country}</var>
<arg>${elem}</arg>
<arg>text</arg>
<doc>Get element attribute using given attribute: name, value,...</doc>
<msg timestamp="20231127 14:18:41.004" level="INFO">Element '&lt;appium.webdriver.webelement.WebElement (session="8e9eb9a7-8153-42c5-a373-cd357901f88c", element="5027c1b3-f9c7-4d8c-a441-c6a7ce9ade93")&gt;' attribute 'text' value 'Australia' </msg>
<msg timestamp="20231127 14:18:41.004" level="INFO">${country} = Australia</msg>
<status status="PASS" starttime="20231127 14:18:40.991" endtime="20231127 14:18:41.004"/>
</kw>
<if>
<branch type="IF" condition="&quot;${country}&quot; == ${country_name}">
<kw name="Click Element" library="AppiumLibrary">
<arg>${elem}</arg>
<doc>Click element identified by `locator`.</doc>
<status status="NOT RUN" starttime="20231127 14:18:41.005" endtime="20231127 14:18:41.005"/>
</kw>
<kw name="Evaluate" library="BuiltIn">
<var>${i}</var>
<arg>${i}-1</arg>
<doc>Evaluates the given expression in Python and returns the result.</doc>
<status status="NOT RUN" starttime="20231127 14:18:41.005" endtime="20231127 14:18:41.005"/>
</kw>
<break>
<status status="NOT RUN" starttime="20231127 14:18:41.005" endtime="20231127 14:18:41.005"/>
</break>
<status status="NOT RUN" starttime="20231127 14:18:41.005" endtime="20231127 14:18:41.005"/>
</branch>
<status status="PASS" starttime="20231127 14:18:41.004" endtime="20231127 14:18:41.005"/>
</if>
<status status="PASS" starttime="20231127 14:18:40.990" endtime="20231127 14:18:41.005"/>
</iter>
<iter>
<var name="${elem}">&lt;appium.webdriver.webelement.WebElement (session="8e9eb9a7-8153-42c5-a373-cd357901f88c", element="5ad8d574-b3ef-4344-9d05-8c988b549d63")&gt;</var>
<kw name="Get Element Attribute" library="AppiumLibrary">
<var>${country}</var>
<arg>${elem}</arg>
<arg>text</arg>
<doc>Get element attribute using given attribute: name, value,...</doc>
<msg timestamp="20231127 14:18:41.019" level="INFO">Element '&lt;appium.webdriver.webelement.WebElement (session="8e9eb9a7-8153-42c5-a373-cd357901f88c", element="5ad8d574-b3ef-4344-9d05-8c988b549d63")&gt;' attribute 'text' value 'Austria' </msg>
<msg timestamp="20231127 14:18:41.021" level="INFO">${country} = Austria</msg>
<status status="PASS" starttime="20231127 14:18:41.005" endtime="20231127 14:18:41.021"/>
</kw>
<if>
<branch type="IF" condition="&quot;${country}&quot; == ${country_name}">
<kw name="Click Element" library="AppiumLibrary">
<arg>${elem}</arg>
<doc>Click element identified by `locator`.</doc>
<status status="NOT RUN" starttime="20231127 14:18:41.021" endtime="20231127 14:18:41.021"/>
</kw>
<kw name="Evaluate" library="BuiltIn">
<var>${i}</var>
<arg>${i}-1</arg>
<doc>Evaluates the given expression in Python and returns the result.</doc>
<status status="NOT RUN" starttime="20231127 14:18:41.021" endtime="20231127 14:18:41.021"/>
</kw>
<break>
<status status="NOT RUN" starttime="20231127 14:18:41.021" endtime="20231127 14:18:41.021"/>
</break>
<status status="NOT RUN" starttime="20231127 14:18:41.021" endtime="20231127 14:18:41.021"/>
</branch>
<status status="PASS" starttime="20231127 14:18:41.021" endtime="20231127 14:18:41.021"/>
</if>
<status status="PASS" starttime="20231127 14:18:41.005" endtime="20231127 14:18:41.021"/>
</iter>
<iter>
<var name="${elem}">&lt;appium.webdriver.webelement.WebElement (session="8e9eb9a7-8153-42c5-a373-cd357901f88c", element="b41576ec-f7c6-4cc4-a4ad-78839c0082d5")&gt;</var>
<kw name="Get Element Attribute" library="AppiumLibrary">
<var>${country}</var>
<arg>${elem}</arg>
<arg>text</arg>
<doc>Get element attribute using given attribute: name, value,...</doc>
<msg timestamp="20231127 14:18:41.033" level="INFO">Element '&lt;appium.webdriver.webelement.WebElement (session="8e9eb9a7-8153-42c5-a373-cd357901f88c", element="b41576ec-f7c6-4cc4-a4ad-78839c0082d5")&gt;' attribute 'text' value 'Azerbaijan' </msg>
<msg timestamp="20231127 14:18:41.033" level="INFO">${country} = Azerbaijan</msg>
<status status="PASS" starttime="20231127 14:18:41.021" endtime="20231127 14:18:41.033"/>
</kw>
<if>
<branch type="IF" condition="&quot;${country}&quot; == ${country_name}">
<kw name="Click Element" library="AppiumLibrary">
<arg>${elem}</arg>
<doc>Click element identified by `locator`.</doc>
<status status="NOT RUN" starttime="20231127 14:18:41.035" endtime="20231127 14:18:41.035"/>
</kw>
<kw name="Evaluate" library="BuiltIn">
<var>${i}</var>
<arg>${i}-1</arg>
<doc>Evaluates the given expression in Python and returns the result.</doc>
<status status="NOT RUN" starttime="20231127 14:18:41.035" endtime="20231127 14:18:41.035"/>
</kw>
<break>
<status status="NOT RUN" starttime="20231127 14:18:41.035" endtime="20231127 14:18:41.035"/>
</break>
<status status="NOT RUN" starttime="20231127 14:18:41.033" endtime="20231127 14:18:41.035"/>
</branch>
<status status="PASS" starttime="20231127 14:18:41.033" endtime="20231127 14:18:41.035"/>
</if>
<status status="PASS" starttime="20231127 14:18:41.021" endtime="20231127 14:18:41.035"/>
</iter>
<iter>
<var name="${elem}">&lt;appium.webdriver.webelement.WebElement (session="8e9eb9a7-8153-42c5-a373-cd357901f88c", element="19fa92d4-5873-4f35-a8d4-bb82e00a0539")&gt;</var>
<kw name="Get Element Attribute" library="AppiumLibrary">
<var>${country}</var>
<arg>${elem}</arg>
<arg>text</arg>
<doc>Get element attribute using given attribute: name, value,...</doc>
<msg timestamp="20231127 14:18:41.048" level="INFO">Element '&lt;appium.webdriver.webelement.WebElement (session="8e9eb9a7-8153-42c5-a373-cd357901f88c", element="19fa92d4-5873-4f35-a8d4-bb82e00a0539")&gt;' attribute 'text' value 'Bahamas' </msg>
<msg timestamp="20231127 14:18:41.048" level="INFO">${country} = Bahamas</msg>
<status status="PASS" starttime="20231127 14:18:41.035" endtime="20231127 14:18:41.048"/>
</kw>
<if>
<branch type="IF" condition="&quot;${country}&quot; == ${country_name}">
<kw name="Click Element" library="AppiumLibrary">
<arg>${elem}</arg>
<doc>Click element identified by `locator`.</doc>
<status status="NOT RUN" starttime="20231127 14:18:41.049" endtime="20231127 14:18:41.049"/>
</kw>
<kw name="Evaluate" library="BuiltIn">
<var>${i}</var>
<arg>${i}-1</arg>
<doc>Evaluates the given expression in Python and returns the result.</doc>
<status status="NOT RUN" starttime="20231127 14:18:41.049" endtime="20231127 14:18:41.049"/>
</kw>
<break>
<status status="NOT RUN" starttime="20231127 14:18:41.049" endtime="20231127 14:18:41.049"/>
</break>
<status status="NOT RUN" starttime="20231127 14:18:41.048" endtime="20231127 14:18:41.049"/>
</branch>
<status status="PASS" starttime="20231127 14:18:41.048" endtime="20231127 14:18:41.049"/>
</if>
<status status="PASS" starttime="20231127 14:18:41.035" endtime="20231127 14:18:41.049"/>
</iter>
<iter>
<var name="${elem}">&lt;appium.webdriver.webelement.WebElement (session="8e9eb9a7-8153-42c5-a373-cd357901f88c", element="73e3679a-ba15-427a-bcac-9764b3ef90ec")&gt;</var>
<kw name="Get Element Attribute" library="AppiumLibrary">
<var>${country}</var>
<arg>${elem}</arg>
<arg>text</arg>
<doc>Get element attribute using given attribute: name, value,...</doc>
<msg timestamp="20231127 14:18:41.063" level="INFO">Element '&lt;appium.webdriver.webelement.WebElement (session="8e9eb9a7-8153-42c5-a373-cd357901f88c", element="73e3679a-ba15-427a-bcac-9764b3ef90ec")&gt;' attribute 'text' value 'Bahrain' </msg>
<msg timestamp="20231127 14:18:41.063" level="INFO">${country} = Bahrain</msg>
<status status="PASS" starttime="20231127 14:18:41.049" endtime="20231127 14:18:41.063"/>
</kw>
<if>
<branch type="IF" condition="&quot;${country}&quot; == ${country_name}">
<kw name="Click Element" library="AppiumLibrary">
<arg>${elem}</arg>
<doc>Click element identified by `locator`.</doc>
<status status="NOT RUN" starttime="20231127 14:18:41.063" endtime="20231127 14:18:41.063"/>
</kw>
<kw name="Evaluate" library="BuiltIn">
<var>${i}</var>
<arg>${i}-1</arg>
<doc>Evaluates the given expression in Python and returns the result.</doc>
<status status="NOT RUN" starttime="20231127 14:18:41.063" endtime="20231127 14:18:41.063"/>
</kw>
<break>
<status status="NOT RUN" starttime="20231127 14:18:41.063" endtime="20231127 14:18:41.063"/>
</break>
<status status="NOT RUN" starttime="20231127 14:18:41.063" endtime="20231127 14:18:41.063"/>
</branch>
<status status="PASS" starttime="20231127 14:18:41.063" endtime="20231127 14:18:41.063"/>
</if>
<status status="PASS" starttime="20231127 14:18:41.049" endtime="20231127 14:18:41.063"/>
</iter>
<iter>
<var name="${elem}">&lt;appium.webdriver.webelement.WebElement (session="8e9eb9a7-8153-42c5-a373-cd357901f88c", element="93d29391-bacc-48e2-9cf1-b294749f5c21")&gt;</var>
<kw name="Get Element Attribute" library="AppiumLibrary">
<var>${country}</var>
<arg>${elem}</arg>
<arg>text</arg>
<doc>Get element attribute using given attribute: name, value,...</doc>
<msg timestamp="20231127 14:18:41.075" level="INFO">Element '&lt;appium.webdriver.webelement.WebElement (session="8e9eb9a7-8153-42c5-a373-cd357901f88c", element="93d29391-bacc-48e2-9cf1-b294749f5c21")&gt;' attribute 'text' value 'Bangladesh' </msg>
<msg timestamp="20231127 14:18:41.075" level="INFO">${country} = Bangladesh</msg>
<status status="PASS" starttime="20231127 14:18:41.064" endtime="20231127 14:18:41.075"/>
</kw>
<if>
<branch type="IF" condition="&quot;${country}&quot; == ${country_name}">
<kw name="Click Element" library="AppiumLibrary">
<arg>${elem}</arg>
<doc>Click element identified by `locator`.</doc>
<status status="NOT RUN" starttime="20231127 14:18:41.075" endtime="20231127 14:18:41.075"/>
</kw>
<kw name="Evaluate" library="BuiltIn">
<var>${i}</var>
<arg>${i}-1</arg>
<doc>Evaluates the given expression in Python and returns the result.</doc>
<status status="NOT RUN" starttime="20231127 14:18:41.075" endtime="20231127 14:18:41.075"/>
</kw>
<break>
<status status="NOT RUN" starttime="20231127 14:18:41.075" endtime="20231127 14:18:41.075"/>
</break>
<status status="NOT RUN" starttime="20231127 14:18:41.075" endtime="20231127 14:18:41.075"/>
</branch>
<status status="PASS" starttime="20231127 14:18:41.075" endtime="20231127 14:18:41.075"/>
</if>
<status status="PASS" starttime="20231127 14:18:41.063" endtime="20231127 14:18:41.075"/>
</iter>
<status status="PASS" starttime="20231127 14:18:40.894" endtime="20231127 14:18:41.075"/>
</for>
<kw name="Swipe" library="AppiumLibrary">
<arg>789</arg>
<arg>2088</arg>
<arg>178</arg>
<arg>595</arg>
<arg>500</arg>
<doc>Swipe from one point to another point, for an optional duration.</doc>
<status status="PASS" starttime="20231127 14:18:41.075" endtime="20231127 14:18:43.158"/>
</kw>
<status status="PASS" starttime="20231127 14:18:39.911" endtime="20231127 14:18:43.158"/>
</iter>
<iter>
<kw name="Get Webelements" library="AppiumLibrary">
<var>${LIST_ELEMENTS}</var>
<arg>${country_items}</arg>
<doc>Returns list of [http://selenium-python.readthedocs.io/api.html#module-selenium.webdriver.remote.webelement|WebElement] objects matching ``locator``.</doc>
<msg timestamp="20231127 14:18:44.016" level="INFO">xpath criteria: //android.widget.TextView</msg>
<msg timestamp="20231127 14:18:44.017" level="INFO">${LIST_ELEMENTS} = [&lt;appium.webdriver.webelement.WebElement (session="8e9eb9a7-8153-42c5-a373-cd357901f88c", element="fc74fc12-ccba-4091-9a85-f62dcf0667fb")&gt;, &lt;appium.webdriver.webelement.WebElement (session="8e9eb9a7-8...</msg>
<status status="PASS" starttime="20231127 14:18:43.159" endtime="20231127 14:18:44.017"/>
</kw>
<kw name="Get Length" library="BuiltIn">
<var>${LIST_LENGTH}</var>
<arg>${LIST_ELEMENTS}</arg>
<doc>Returns and logs the length of the given item as an integer.</doc>
<msg timestamp="20231127 14:18:44.017" level="INFO">Length is 10</msg>
<msg timestamp="20231127 14:18:44.018" level="INFO">${LIST_LENGTH} = 10</msg>
<status status="PASS" starttime="20231127 14:18:44.017" endtime="20231127 14:18:44.018"/>
</kw>
<for flavor="IN">
<var>${elem}</var>
<value>@{LIST_ELEMENTS}</value>
<iter>
<var name="${elem}">&lt;appium.webdriver.webelement.WebElement (session="8e9eb9a7-8153-42c5-a373-cd357901f88c", element="fc74fc12-ccba-4091-9a85-f62dcf0667fb")&gt;</var>
<kw name="Get Element Attribute" library="AppiumLibrary">
<var>${country}</var>
<arg>${elem}</arg>
<arg>text</arg>
<doc>Get element attribute using given attribute: name, value,...</doc>
<msg timestamp="20231127 14:18:44.052" level="INFO">Element '&lt;appium.webdriver.webelement.WebElement (session="8e9eb9a7-8153-42c5-a373-cd357901f88c", element="fc74fc12-ccba-4091-9a85-f62dcf0667fb")&gt;' attribute 'text' value 'Bangladesh' </msg>
<msg timestamp="20231127 14:18:44.052" level="INFO">${country} = Bangladesh</msg>
<status status="PASS" starttime="20231127 14:18:44.019" endtime="20231127 14:18:44.052"/>
</kw>
<if>
<branch type="IF" condition="&quot;${country}&quot; == ${country_name}">
<kw name="Click Element" library="AppiumLibrary">
<arg>${elem}</arg>
<doc>Click element identified by `locator`.</doc>
<status status="NOT RUN" starttime="20231127 14:18:44.052" endtime="20231127 14:18:44.052"/>
</kw>
<kw name="Evaluate" library="BuiltIn">
<var>${i}</var>
<arg>${i}-1</arg>
<doc>Evaluates the given expression in Python and returns the result.</doc>
<status status="NOT RUN" starttime="20231127 14:18:44.052" endtime="20231127 14:18:44.052"/>
</kw>
<break>
<status status="NOT RUN" starttime="20231127 14:18:44.052" endtime="20231127 14:18:44.052"/>
</break>
<status status="NOT RUN" starttime="20231127 14:18:44.052" endtime="20231127 14:18:44.052"/>
</branch>
<status status="PASS" starttime="20231127 14:18:44.052" endtime="20231127 14:18:44.052"/>
</if>
<status status="PASS" starttime="20231127 14:18:44.018" endtime="20231127 14:18:44.052"/>
</iter>
<iter>
<var name="${elem}">&lt;appium.webdriver.webelement.WebElement (session="8e9eb9a7-8153-42c5-a373-cd357901f88c", element="604ef9dd-fc96-4cc2-984e-c295d469bd28")&gt;</var>
<kw name="Get Element Attribute" library="AppiumLibrary">
<var>${country}</var>
<arg>${elem}</arg>
<arg>text</arg>
<doc>Get element attribute using given attribute: name, value,...</doc>
<msg timestamp="20231127 14:18:44.089" level="INFO">Element '&lt;appium.webdriver.webelement.WebElement (session="8e9eb9a7-8153-42c5-a373-cd357901f88c", element="604ef9dd-fc96-4cc2-984e-c295d469bd28")&gt;' attribute 'text' value 'Barbados' </msg>
<msg timestamp="20231127 14:18:44.089" level="INFO">${country} = Barbados</msg>
<status status="PASS" starttime="20231127 14:18:44.052" endtime="20231127 14:18:44.089"/>
</kw>
<if>
<branch type="IF" condition="&quot;${country}&quot; == ${country_name}">
<kw name="Click Element" library="AppiumLibrary">
<arg>${elem}</arg>
<doc>Click element identified by `locator`.</doc>
<status status="NOT RUN" starttime="20231127 14:18:44.089" endtime="20231127 14:18:44.089"/>
</kw>
<kw name="Evaluate" library="BuiltIn">
<var>${i}</var>
<arg>${i}-1</arg>
<doc>Evaluates the given expression in Python and returns the result.</doc>
<status status="NOT RUN" starttime="20231127 14:18:44.089" endtime="20231127 14:18:44.089"/>
</kw>
<break>
<status status="NOT RUN" starttime="20231127 14:18:44.090" endtime="20231127 14:18:44.090"/>
</break>
<status status="NOT RUN" starttime="20231127 14:18:44.089" endtime="20231127 14:18:44.090"/>
</branch>
<status status="PASS" starttime="20231127 14:18:44.089" endtime="20231127 14:18:44.090"/>
</if>
<status status="PASS" starttime="20231127 14:18:44.052" endtime="20231127 14:18:44.090"/>
</iter>
<iter>
<var name="${elem}">&lt;appium.webdriver.webelement.WebElement (session="8e9eb9a7-8153-42c5-a373-cd357901f88c", element="048f8ba5-41fd-4176-a23a-d26300ef13e1")&gt;</var>
<kw name="Get Element Attribute" library="AppiumLibrary">
<var>${country}</var>
<arg>${elem}</arg>
<arg>text</arg>
<doc>Get element attribute using given attribute: name, value,...</doc>
<msg timestamp="20231127 14:18:44.102" level="INFO">Element '&lt;appium.webdriver.webelement.WebElement (session="8e9eb9a7-8153-42c5-a373-cd357901f88c", element="048f8ba5-41fd-4176-a23a-d26300ef13e1")&gt;' attribute 'text' value 'Belarus' </msg>
<msg timestamp="20231127 14:18:44.102" level="INFO">${country} = Belarus</msg>
<status status="PASS" starttime="20231127 14:18:44.090" endtime="20231127 14:18:44.102"/>
</kw>
<if>
<branch type="IF" condition="&quot;${country}&quot; == ${country_name}">
<kw name="Click Element" library="AppiumLibrary">
<arg>${elem}</arg>
<doc>Click element identified by `locator`.</doc>
<status status="NOT RUN" starttime="20231127 14:18:44.102" endtime="20231127 14:18:44.102"/>
</kw>
<kw name="Evaluate" library="BuiltIn">
<var>${i}</var>
<arg>${i}-1</arg>
<doc>Evaluates the given expression in Python and returns the result.</doc>
<status status="NOT RUN" starttime="20231127 14:18:44.102" endtime="20231127 14:18:44.102"/>
</kw>
<break>
<status status="NOT RUN" starttime="20231127 14:18:44.102" endtime="20231127 14:18:44.102"/>
</break>
<status status="NOT RUN" starttime="20231127 14:18:44.102" endtime="20231127 14:18:44.102"/>
</branch>
<status status="PASS" starttime="20231127 14:18:44.102" endtime="20231127 14:18:44.102"/>
</if>
<status status="PASS" starttime="20231127 14:18:44.090" endtime="20231127 14:18:44.102"/>
</iter>
<iter>
<var name="${elem}">&lt;appium.webdriver.webelement.WebElement (session="8e9eb9a7-8153-42c5-a373-cd357901f88c", element="6567c5c9-772b-452d-8e81-61ed1909f5c9")&gt;</var>
<kw name="Get Element Attribute" library="AppiumLibrary">
<var>${country}</var>
<arg>${elem}</arg>
<arg>text</arg>
<doc>Get element attribute using given attribute: name, value,...</doc>
<msg timestamp="20231127 14:18:44.120" level="INFO">Element '&lt;appium.webdriver.webelement.WebElement (session="8e9eb9a7-8153-42c5-a373-cd357901f88c", element="6567c5c9-772b-452d-8e81-61ed1909f5c9")&gt;' attribute 'text' value 'Belgium' </msg>
<msg timestamp="20231127 14:18:44.120" level="INFO">${country} = Belgium</msg>
<status status="PASS" starttime="20231127 14:18:44.102" endtime="20231127 14:18:44.121"/>
</kw>
<if>
<branch type="IF" condition="&quot;${country}&quot; == ${country_name}">
<kw name="Click Element" library="AppiumLibrary">
<arg>${elem}</arg>
<doc>Click element identified by `locator`.</doc>
<status status="NOT RUN" starttime="20231127 14:18:44.121" endtime="20231127 14:18:44.121"/>
</kw>
<kw name="Evaluate" library="BuiltIn">
<var>${i}</var>
<arg>${i}-1</arg>
<doc>Evaluates the given expression in Python and returns the result.</doc>
<status status="NOT RUN" starttime="20231127 14:18:44.121" endtime="20231127 14:18:44.121"/>
</kw>
<break>
<status status="NOT RUN" starttime="20231127 14:18:44.121" endtime="20231127 14:18:44.121"/>
</break>
<status status="NOT RUN" starttime="20231127 14:18:44.121" endtime="20231127 14:18:44.121"/>
</branch>
<status status="PASS" starttime="20231127 14:18:44.121" endtime="20231127 14:18:44.121"/>
</if>
<status status="PASS" starttime="20231127 14:18:44.102" endtime="20231127 14:18:44.121"/>
</iter>
<iter>
<var name="${elem}">&lt;appium.webdriver.webelement.WebElement (session="8e9eb9a7-8153-42c5-a373-cd357901f88c", element="3054d2bc-55bf-4020-980d-2e9bd2ee1bc4")&gt;</var>
<kw name="Get Element Attribute" library="AppiumLibrary">
<var>${country}</var>
<arg>${elem}</arg>
<arg>text</arg>
<doc>Get element attribute using given attribute: name, value,...</doc>
<msg timestamp="20231127 14:18:44.135" level="INFO">Element '&lt;appium.webdriver.webelement.WebElement (session="8e9eb9a7-8153-42c5-a373-cd357901f88c", element="3054d2bc-55bf-4020-980d-2e9bd2ee1bc4")&gt;' attribute 'text' value 'Belize' </msg>
<msg timestamp="20231127 14:18:44.135" level="INFO">${country} = Belize</msg>
<status status="PASS" starttime="20231127 14:18:44.122" endtime="20231127 14:18:44.135"/>
</kw>
<if>
<branch type="IF" condition="&quot;${country}&quot; == ${country_name}">
<kw name="Click Element" library="AppiumLibrary">
<arg>${elem}</arg>
<doc>Click element identified by `locator`.</doc>
<status status="NOT RUN" starttime="20231127 14:18:44.135" endtime="20231127 14:18:44.135"/>
</kw>
<kw name="Evaluate" library="BuiltIn">
<var>${i}</var>
<arg>${i}-1</arg>
<doc>Evaluates the given expression in Python and returns the result.</doc>
<status status="NOT RUN" starttime="20231127 14:18:44.135" endtime="20231127 14:18:44.136"/>
</kw>
<break>
<status status="NOT RUN" starttime="20231127 14:18:44.136" endtime="20231127 14:18:44.136"/>
</break>
<status status="NOT RUN" starttime="20231127 14:18:44.135" endtime="20231127 14:18:44.136"/>
</branch>
<status status="PASS" starttime="20231127 14:18:44.135" endtime="20231127 14:18:44.136"/>
</if>
<status status="PASS" starttime="20231127 14:18:44.121" endtime="20231127 14:18:44.136"/>
</iter>
<iter>
<var name="${elem}">&lt;appium.webdriver.webelement.WebElement (session="8e9eb9a7-8153-42c5-a373-cd357901f88c", element="93565bdd-b071-4125-b326-56ff93737eeb")&gt;</var>
<kw name="Get Element Attribute" library="AppiumLibrary">
<var>${country}</var>
<arg>${elem}</arg>
<arg>text</arg>
<doc>Get element attribute using given attribute: name, value,...</doc>
<msg timestamp="20231127 14:18:44.148" level="INFO">Element '&lt;appium.webdriver.webelement.WebElement (session="8e9eb9a7-8153-42c5-a373-cd357901f88c", element="93565bdd-b071-4125-b326-56ff93737eeb")&gt;' attribute 'text' value 'Benin' </msg>
<msg timestamp="20231127 14:18:44.148" level="INFO">${country} = Benin</msg>
<status status="PASS" starttime="20231127 14:18:44.136" endtime="20231127 14:18:44.148"/>
</kw>
<if>
<branch type="IF" condition="&quot;${country}&quot; == ${country_name}">
<kw name="Click Element" library="AppiumLibrary">
<arg>${elem}</arg>
<doc>Click element identified by `locator`.</doc>
<status status="NOT RUN" starttime="20231127 14:18:44.148" endtime="20231127 14:18:44.148"/>
</kw>
<kw name="Evaluate" library="BuiltIn">
<var>${i}</var>
<arg>${i}-1</arg>
<doc>Evaluates the given expression in Python and returns the result.</doc>
<status status="NOT RUN" starttime="20231127 14:18:44.148" endtime="20231127 14:18:44.148"/>
</kw>
<break>
<status status="NOT RUN" starttime="20231127 14:18:44.148" endtime="20231127 14:18:44.148"/>
</break>
<status status="NOT RUN" starttime="20231127 14:18:44.148" endtime="20231127 14:18:44.148"/>
</branch>
<status status="PASS" starttime="20231127 14:18:44.148" endtime="20231127 14:18:44.148"/>
</if>
<status status="PASS" starttime="20231127 14:18:44.136" endtime="20231127 14:18:44.148"/>
</iter>
<iter>
<var name="${elem}">&lt;appium.webdriver.webelement.WebElement (session="8e9eb9a7-8153-42c5-a373-cd357901f88c", element="ddb5dd35-6224-4f84-a4ed-8b73e37f9387")&gt;</var>
<kw name="Get Element Attribute" library="AppiumLibrary">
<var>${country}</var>
<arg>${elem}</arg>
<arg>text</arg>
<doc>Get element attribute using given attribute: name, value,...</doc>
<msg timestamp="20231127 14:18:44.161" level="INFO">Element '&lt;appium.webdriver.webelement.WebElement (session="8e9eb9a7-8153-42c5-a373-cd357901f88c", element="ddb5dd35-6224-4f84-a4ed-8b73e37f9387")&gt;' attribute 'text' value 'Bermuda' </msg>
<msg timestamp="20231127 14:18:44.161" level="INFO">${country} = Bermuda</msg>
<status status="PASS" starttime="20231127 14:18:44.148" endtime="20231127 14:18:44.161"/>
</kw>
<if>
<branch type="IF" condition="&quot;${country}&quot; == ${country_name}">
<kw name="Click Element" library="AppiumLibrary">
<arg>${elem}</arg>
<doc>Click element identified by `locator`.</doc>
<status status="NOT RUN" starttime="20231127 14:18:44.162" endtime="20231127 14:18:44.162"/>
</kw>
<kw name="Evaluate" library="BuiltIn">
<var>${i}</var>
<arg>${i}-1</arg>
<doc>Evaluates the given expression in Python and returns the result.</doc>
<status status="NOT RUN" starttime="20231127 14:18:44.162" endtime="20231127 14:18:44.162"/>
</kw>
<break>
<status status="NOT RUN" starttime="20231127 14:18:44.162" endtime="20231127 14:18:44.162"/>
</break>
<status status="NOT RUN" starttime="20231127 14:18:44.162" endtime="20231127 14:18:44.162"/>
</branch>
<status status="PASS" starttime="20231127 14:18:44.162" endtime="20231127 14:18:44.162"/>
</if>
<status status="PASS" starttime="20231127 14:18:44.148" endtime="20231127 14:18:44.162"/>
</iter>
<iter>
<var name="${elem}">&lt;appium.webdriver.webelement.WebElement (session="8e9eb9a7-8153-42c5-a373-cd357901f88c", element="d62424a5-cda9-4040-b825-b398bafca0df")&gt;</var>
<kw name="Get Element Attribute" library="AppiumLibrary">
<var>${country}</var>
<arg>${elem}</arg>
<arg>text</arg>
<doc>Get element attribute using given attribute: name, value,...</doc>
<msg timestamp="20231127 14:18:44.173" level="INFO">Element '&lt;appium.webdriver.webelement.WebElement (session="8e9eb9a7-8153-42c5-a373-cd357901f88c", element="d62424a5-cda9-4040-b825-b398bafca0df")&gt;' attribute 'text' value 'Bhutan' </msg>
<msg timestamp="20231127 14:18:44.173" level="INFO">${country} = Bhutan</msg>
<status status="PASS" starttime="20231127 14:18:44.162" endtime="20231127 14:18:44.173"/>
</kw>
<if>
<branch type="IF" condition="&quot;${country}&quot; == ${country_name}">
<kw name="Click Element" library="AppiumLibrary">
<arg>${elem}</arg>
<doc>Click element identified by `locator`.</doc>
<status status="NOT RUN" starttime="20231127 14:18:44.174" endtime="20231127 14:18:44.174"/>
</kw>
<kw name="Evaluate" library="BuiltIn">
<var>${i}</var>
<arg>${i}-1</arg>
<doc>Evaluates the given expression in Python and returns the result.</doc>
<status status="NOT RUN" starttime="20231127 14:18:44.174" endtime="20231127 14:18:44.174"/>
</kw>
<break>
<status status="NOT RUN" starttime="20231127 14:18:44.174" endtime="20231127 14:18:44.174"/>
</break>
<status status="NOT RUN" starttime="20231127 14:18:44.173" endtime="20231127 14:18:44.174"/>
</branch>
<status status="PASS" starttime="20231127 14:18:44.173" endtime="20231127 14:18:44.174"/>
</if>
<status status="PASS" starttime="20231127 14:18:44.162" endtime="20231127 14:18:44.174"/>
</iter>
<iter>
<var name="${elem}">&lt;appium.webdriver.webelement.WebElement (session="8e9eb9a7-8153-42c5-a373-cd357901f88c", element="dbdc3651-c8aa-42e3-90d9-1f55548c8da1")&gt;</var>
<kw name="Get Element Attribute" library="AppiumLibrary">
<var>${country}</var>
<arg>${elem}</arg>
<arg>text</arg>
<doc>Get element attribute using given attribute: name, value,...</doc>
<msg timestamp="20231127 14:18:44.186" level="INFO">Element '&lt;appium.webdriver.webelement.WebElement (session="8e9eb9a7-8153-42c5-a373-cd357901f88c", element="dbdc3651-c8aa-42e3-90d9-1f55548c8da1")&gt;' attribute 'text' value 'Bolivia' </msg>
<msg timestamp="20231127 14:18:44.186" level="INFO">${country} = Bolivia</msg>
<status status="PASS" starttime="20231127 14:18:44.174" endtime="20231127 14:18:44.186"/>
</kw>
<if>
<branch type="IF" condition="&quot;${country}&quot; == ${country_name}">
<kw name="Click Element" library="AppiumLibrary">
<arg>${elem}</arg>
<doc>Click element identified by `locator`.</doc>
<status status="NOT RUN" starttime="20231127 14:18:44.186" endtime="20231127 14:18:44.186"/>
</kw>
<kw name="Evaluate" library="BuiltIn">
<var>${i}</var>
<arg>${i}-1</arg>
<doc>Evaluates the given expression in Python and returns the result.</doc>
<status status="NOT RUN" starttime="20231127 14:18:44.186" endtime="20231127 14:18:44.186"/>
</kw>
<break>
<status status="NOT RUN" starttime="20231127 14:18:44.186" endtime="20231127 14:18:44.186"/>
</break>
<status status="NOT RUN" starttime="20231127 14:18:44.186" endtime="20231127 14:18:44.186"/>
</branch>
<status status="PASS" starttime="20231127 14:18:44.186" endtime="20231127 14:18:44.186"/>
</if>
<status status="PASS" starttime="20231127 14:18:44.174" endtime="20231127 14:18:44.186"/>
</iter>
<iter>
<var name="${elem}">&lt;appium.webdriver.webelement.WebElement (session="8e9eb9a7-8153-42c5-a373-cd357901f88c", element="57bdbc7c-dab4-4410-a199-5008745bea06")&gt;</var>
<kw name="Get Element Attribute" library="AppiumLibrary">
<var>${country}</var>
<arg>${elem}</arg>
<arg>text</arg>
<doc>Get element attribute using given attribute: name, value,...</doc>
<msg timestamp="20231127 14:18:44.199" level="INFO">Element '&lt;appium.webdriver.webelement.WebElement (session="8e9eb9a7-8153-42c5-a373-cd357901f88c", element="57bdbc7c-dab4-4410-a199-5008745bea06")&gt;' attribute 'text' value 'Bosnia and Herzegowina' </msg>
<msg timestamp="20231127 14:18:44.199" level="INFO">${country} = Bosnia and Herzegowina</msg>
<status status="PASS" starttime="20231127 14:18:44.186" endtime="20231127 14:18:44.199"/>
</kw>
<if>
<branch type="IF" condition="&quot;${country}&quot; == ${country_name}">
<kw name="Click Element" library="AppiumLibrary">
<arg>${elem}</arg>
<doc>Click element identified by `locator`.</doc>
<status status="NOT RUN" starttime="20231127 14:18:44.199" endtime="20231127 14:18:44.199"/>
</kw>
<kw name="Evaluate" library="BuiltIn">
<var>${i}</var>
<arg>${i}-1</arg>
<doc>Evaluates the given expression in Python and returns the result.</doc>
<status status="NOT RUN" starttime="20231127 14:18:44.199" endtime="20231127 14:18:44.199"/>
</kw>
<break>
<status status="NOT RUN" starttime="20231127 14:18:44.199" endtime="20231127 14:18:44.199"/>
</break>
<status status="NOT RUN" starttime="20231127 14:18:44.199" endtime="20231127 14:18:44.199"/>
</branch>
<status status="PASS" starttime="20231127 14:18:44.199" endtime="20231127 14:18:44.199"/>
</if>
<status status="PASS" starttime="20231127 14:18:44.186" endtime="20231127 14:18:44.199"/>
</iter>
<status status="PASS" starttime="20231127 14:18:44.018" endtime="20231127 14:18:44.199"/>
</for>
<kw name="Swipe" library="AppiumLibrary">
<arg>789</arg>
<arg>2088</arg>
<arg>178</arg>
<arg>595</arg>
<arg>500</arg>
<doc>Swipe from one point to another point, for an optional duration.</doc>
<status status="PASS" starttime="20231127 14:18:44.199" endtime="20231127 14:18:46.280"/>
</kw>
<status status="PASS" starttime="20231127 14:18:43.158" endtime="20231127 14:18:46.280"/>
</iter>
<iter>
<kw name="Get Webelements" library="AppiumLibrary">
<var>${LIST_ELEMENTS}</var>
<arg>${country_items}</arg>
<doc>Returns list of [http://selenium-python.readthedocs.io/api.html#module-selenium.webdriver.remote.webelement|WebElement] objects matching ``locator``.</doc>
<msg timestamp="20231127 14:18:47.151" level="INFO">xpath criteria: //android.widget.TextView</msg>
<msg timestamp="20231127 14:18:47.151" level="INFO">${LIST_ELEMENTS} = [&lt;appium.webdriver.webelement.WebElement (session="8e9eb9a7-8153-42c5-a373-cd357901f88c", element="34ec887b-9bbd-4f2f-b5b9-d162d436e262")&gt;, &lt;appium.webdriver.webelement.WebElement (session="8e9eb9a7-8...</msg>
<status status="PASS" starttime="20231127 14:18:46.280" endtime="20231127 14:18:47.151"/>
</kw>
<kw name="Get Length" library="BuiltIn">
<var>${LIST_LENGTH}</var>
<arg>${LIST_ELEMENTS}</arg>
<doc>Returns and logs the length of the given item as an integer.</doc>
<msg timestamp="20231127 14:18:47.152" level="INFO">Length is 9</msg>
<msg timestamp="20231127 14:18:47.152" level="INFO">${LIST_LENGTH} = 9</msg>
<status status="PASS" starttime="20231127 14:18:47.152" endtime="20231127 14:18:47.152"/>
</kw>
<for flavor="IN">
<var>${elem}</var>
<value>@{LIST_ELEMENTS}</value>
<iter>
<var name="${elem}">&lt;appium.webdriver.webelement.WebElement (session="8e9eb9a7-8153-42c5-a373-cd357901f88c", element="34ec887b-9bbd-4f2f-b5b9-d162d436e262")&gt;</var>
<kw name="Get Element Attribute" library="AppiumLibrary">
<var>${country}</var>
<arg>${elem}</arg>
<arg>text</arg>
<doc>Get element attribute using given attribute: name, value,...</doc>
<msg timestamp="20231127 14:18:47.200" level="INFO">Element '&lt;appium.webdriver.webelement.WebElement (session="8e9eb9a7-8153-42c5-a373-cd357901f88c", element="34ec887b-9bbd-4f2f-b5b9-d162d436e262")&gt;' attribute 'text' value 'Bosnia and Herzegowina' </msg>
<msg timestamp="20231127 14:18:47.200" level="INFO">${country} = Bosnia and Herzegowina</msg>
<status status="PASS" starttime="20231127 14:18:47.152" endtime="20231127 14:18:47.200"/>
</kw>
<if>
<branch type="IF" condition="&quot;${country}&quot; == ${country_name}">
<kw name="Click Element" library="AppiumLibrary">
<arg>${elem}</arg>
<doc>Click element identified by `locator`.</doc>
<status status="NOT RUN" starttime="20231127 14:18:47.200" endtime="20231127 14:18:47.200"/>
</kw>
<kw name="Evaluate" library="BuiltIn">
<var>${i}</var>
<arg>${i}-1</arg>
<doc>Evaluates the given expression in Python and returns the result.</doc>
<status status="NOT RUN" starttime="20231127 14:18:47.200" endtime="20231127 14:18:47.200"/>
</kw>
<break>
<status status="NOT RUN" starttime="20231127 14:18:47.200" endtime="20231127 14:18:47.200"/>
</break>
<status status="NOT RUN" starttime="20231127 14:18:47.200" endtime="20231127 14:18:47.200"/>
</branch>
<status status="PASS" starttime="20231127 14:18:47.200" endtime="20231127 14:18:47.200"/>
</if>
<status status="PASS" starttime="20231127 14:18:47.152" endtime="20231127 14:18:47.200"/>
</iter>
<iter>
<var name="${elem}">&lt;appium.webdriver.webelement.WebElement (session="8e9eb9a7-8153-42c5-a373-cd357901f88c", element="f4423467-f563-4a12-90c2-266877c232a1")&gt;</var>
<kw name="Get Element Attribute" library="AppiumLibrary">
<var>${country}</var>
<arg>${elem}</arg>
<arg>text</arg>
<doc>Get element attribute using given attribute: name, value,...</doc>
<msg timestamp="20231127 14:18:47.222" level="INFO">Element '&lt;appium.webdriver.webelement.WebElement (session="8e9eb9a7-8153-42c5-a373-cd357901f88c", element="f4423467-f563-4a12-90c2-266877c232a1")&gt;' attribute 'text' value 'Botswana' </msg>
<msg timestamp="20231127 14:18:47.222" level="INFO">${country} = Botswana</msg>
<status status="PASS" starttime="20231127 14:18:47.201" endtime="20231127 14:18:47.222"/>
</kw>
<if>
<branch type="IF" condition="&quot;${country}&quot; == ${country_name}">
<kw name="Click Element" library="AppiumLibrary">
<arg>${elem}</arg>
<doc>Click element identified by `locator`.</doc>
<status status="NOT RUN" starttime="20231127 14:18:47.222" endtime="20231127 14:18:47.223"/>
</kw>
<kw name="Evaluate" library="BuiltIn">
<var>${i}</var>
<arg>${i}-1</arg>
<doc>Evaluates the given expression in Python and returns the result.</doc>
<status status="NOT RUN" starttime="20231127 14:18:47.223" endtime="20231127 14:18:47.223"/>
</kw>
<break>
<status status="NOT RUN" starttime="20231127 14:18:47.223" endtime="20231127 14:18:47.223"/>
</break>
<status status="NOT RUN" starttime="20231127 14:18:47.222" endtime="20231127 14:18:47.223"/>
</branch>
<status status="PASS" starttime="20231127 14:18:47.222" endtime="20231127 14:18:47.223"/>
</if>
<status status="PASS" starttime="20231127 14:18:47.201" endtime="20231127 14:18:47.223"/>
</iter>
<iter>
<var name="${elem}">&lt;appium.webdriver.webelement.WebElement (session="8e9eb9a7-8153-42c5-a373-cd357901f88c", element="574d6699-b2be-430d-a9da-c5557638569c")&gt;</var>
<kw name="Get Element Attribute" library="AppiumLibrary">
<var>${country}</var>
<arg>${elem}</arg>
<arg>text</arg>
<doc>Get element attribute using given attribute: name, value,...</doc>
<msg timestamp="20231127 14:18:47.242" level="INFO">Element '&lt;appium.webdriver.webelement.WebElement (session="8e9eb9a7-8153-42c5-a373-cd357901f88c", element="574d6699-b2be-430d-a9da-c5557638569c")&gt;' attribute 'text' value 'Bouvet Island' </msg>
<msg timestamp="20231127 14:18:47.242" level="INFO">${country} = Bouvet Island</msg>
<status status="PASS" starttime="20231127 14:18:47.223" endtime="20231127 14:18:47.244"/>
</kw>
<if>
<branch type="IF" condition="&quot;${country}&quot; == ${country_name}">
<kw name="Click Element" library="AppiumLibrary">
<arg>${elem}</arg>
<doc>Click element identified by `locator`.</doc>
<status status="NOT RUN" starttime="20231127 14:18:47.244" endtime="20231127 14:18:47.244"/>
</kw>
<kw name="Evaluate" library="BuiltIn">
<var>${i}</var>
<arg>${i}-1</arg>
<doc>Evaluates the given expression in Python and returns the result.</doc>
<status status="NOT RUN" starttime="20231127 14:18:47.244" endtime="20231127 14:18:47.244"/>
</kw>
<break>
<status status="NOT RUN" starttime="20231127 14:18:47.244" endtime="20231127 14:18:47.244"/>
</break>
<status status="NOT RUN" starttime="20231127 14:18:47.244" endtime="20231127 14:18:47.244"/>
</branch>
<status status="PASS" starttime="20231127 14:18:47.244" endtime="20231127 14:18:47.244"/>
</if>
<status status="PASS" starttime="20231127 14:18:47.223" endtime="20231127 14:18:47.244"/>
</iter>
<iter>
<var name="${elem}">&lt;appium.webdriver.webelement.WebElement (session="8e9eb9a7-8153-42c5-a373-cd357901f88c", element="49310e7e-55d2-49a7-ba5e-8fcfe3120e97")&gt;</var>
<kw name="Get Element Attribute" library="AppiumLibrary">
<var>${country}</var>
<arg>${elem}</arg>
<arg>text</arg>
<doc>Get element attribute using given attribute: name, value,...</doc>
<msg timestamp="20231127 14:18:47.258" level="INFO">Element '&lt;appium.webdriver.webelement.WebElement (session="8e9eb9a7-8153-42c5-a373-cd357901f88c", element="49310e7e-55d2-49a7-ba5e-8fcfe3120e97")&gt;' attribute 'text' value 'Brazil' </msg>
<msg timestamp="20231127 14:18:47.258" level="INFO">${country} = Brazil</msg>
<status status="PASS" starttime="20231127 14:18:47.244" endtime="20231127 14:18:47.258"/>
</kw>
<if>
<branch type="IF" condition="&quot;${country}&quot; == ${country_name}">
<kw name="Click Element" library="AppiumLibrary">
<arg>${elem}</arg>
<doc>Click element identified by `locator`.</doc>
<status status="NOT RUN" starttime="20231127 14:18:47.259" endtime="20231127 14:18:47.259"/>
</kw>
<kw name="Evaluate" library="BuiltIn">
<var>${i}</var>
<arg>${i}-1</arg>
<doc>Evaluates the given expression in Python and returns the result.</doc>
<status status="NOT RUN" starttime="20231127 14:18:47.259" endtime="20231127 14:18:47.259"/>
</kw>
<break>
<status status="NOT RUN" starttime="20231127 14:18:47.259" endtime="20231127 14:18:47.259"/>
</break>
<status status="NOT RUN" starttime="20231127 14:18:47.258" endtime="20231127 14:18:47.259"/>
</branch>
<status status="PASS" starttime="20231127 14:18:47.258" endtime="20231127 14:18:47.259"/>
</if>
<status status="PASS" starttime="20231127 14:18:47.244" endtime="20231127 14:18:47.259"/>
</iter>
<iter>
<var name="${elem}">&lt;appium.webdriver.webelement.WebElement (session="8e9eb9a7-8153-42c5-a373-cd357901f88c", element="f6ab0604-e318-4c99-91b6-56a89365f9b7")&gt;</var>
<kw name="Get Element Attribute" library="AppiumLibrary">
<var>${country}</var>
<arg>${elem}</arg>
<arg>text</arg>
<doc>Get element attribute using given attribute: name, value,...</doc>
<msg timestamp="20231127 14:18:47.275" level="INFO">Element '&lt;appium.webdriver.webelement.WebElement (session="8e9eb9a7-8153-42c5-a373-cd357901f88c", element="f6ab0604-e318-4c99-91b6-56a89365f9b7")&gt;' attribute 'text' value 'British Indian Ocean Territory' </msg>
<msg timestamp="20231127 14:18:47.275" level="INFO">${country} = British Indian Ocean Territory</msg>
<status status="PASS" starttime="20231127 14:18:47.259" endtime="20231127 14:18:47.275"/>
</kw>
<if>
<branch type="IF" condition="&quot;${country}&quot; == ${country_name}">
<kw name="Click Element" library="AppiumLibrary">
<arg>${elem}</arg>
<doc>Click element identified by `locator`.</doc>
<status status="NOT RUN" starttime="20231127 14:18:47.276" endtime="20231127 14:18:47.276"/>
</kw>
<kw name="Evaluate" library="BuiltIn">
<var>${i}</var>
<arg>${i}-1</arg>
<doc>Evaluates the given expression in Python and returns the result.</doc>
<status status="NOT RUN" starttime="20231127 14:18:47.276" endtime="20231127 14:18:47.276"/>
</kw>
<break>
<status status="NOT RUN" starttime="20231127 14:18:47.276" endtime="20231127 14:18:47.276"/>
</break>
<status status="NOT RUN" starttime="20231127 14:18:47.275" endtime="20231127 14:18:47.276"/>
</branch>
<status status="PASS" starttime="20231127 14:18:47.275" endtime="20231127 14:18:47.276"/>
</if>
<status status="PASS" starttime="20231127 14:18:47.259" endtime="20231127 14:18:47.276"/>
</iter>
<iter>
<var name="${elem}">&lt;appium.webdriver.webelement.WebElement (session="8e9eb9a7-8153-42c5-a373-cd357901f88c", element="715180af-4f8e-4e69-a79b-7c1187e6381a")&gt;</var>
<kw name="Get Element Attribute" library="AppiumLibrary">
<var>${country}</var>
<arg>${elem}</arg>
<arg>text</arg>
<doc>Get element attribute using given attribute: name, value,...</doc>
<msg timestamp="20231127 14:18:47.288" level="INFO">Element '&lt;appium.webdriver.webelement.WebElement (session="8e9eb9a7-8153-42c5-a373-cd357901f88c", element="715180af-4f8e-4e69-a79b-7c1187e6381a")&gt;' attribute 'text' value 'Brunei Darussalam' </msg>
<msg timestamp="20231127 14:18:47.288" level="INFO">${country} = Brunei Darussalam</msg>
<status status="PASS" starttime="20231127 14:18:47.276" endtime="20231127 14:18:47.288"/>
</kw>
<if>
<branch type="IF" condition="&quot;${country}&quot; == ${country_name}">
<kw name="Click Element" library="AppiumLibrary">
<arg>${elem}</arg>
<doc>Click element identified by `locator`.</doc>
<status status="NOT RUN" starttime="20231127 14:18:47.290" endtime="20231127 14:18:47.290"/>
</kw>
<kw name="Evaluate" library="BuiltIn">
<var>${i}</var>
<arg>${i}-1</arg>
<doc>Evaluates the given expression in Python and returns the result.</doc>
<status status="NOT RUN" starttime="20231127 14:18:47.290" endtime="20231127 14:18:47.290"/>
</kw>
<break>
<status status="NOT RUN" starttime="20231127 14:18:47.290" endtime="20231127 14:18:47.290"/>
</break>
<status status="NOT RUN" starttime="20231127 14:18:47.288" endtime="20231127 14:18:47.290"/>
</branch>
<status status="PASS" starttime="20231127 14:18:47.288" endtime="20231127 14:18:47.290"/>
</if>
<status status="PASS" starttime="20231127 14:18:47.276" endtime="20231127 14:18:47.290"/>
</iter>
<iter>
<var name="${elem}">&lt;appium.webdriver.webelement.WebElement (session="8e9eb9a7-8153-42c5-a373-cd357901f88c", element="03f52299-189f-4acb-9af4-95d454367744")&gt;</var>
<kw name="Get Element Attribute" library="AppiumLibrary">
<var>${country}</var>
<arg>${elem}</arg>
<arg>text</arg>
<doc>Get element attribute using given attribute: name, value,...</doc>
<msg timestamp="20231127 14:18:47.305" level="INFO">Element '&lt;appium.webdriver.webelement.WebElement (session="8e9eb9a7-8153-42c5-a373-cd357901f88c", element="03f52299-189f-4acb-9af4-95d454367744")&gt;' attribute 'text' value 'Bulgaria' </msg>
<msg timestamp="20231127 14:18:47.305" level="INFO">${country} = Bulgaria</msg>
<status status="PASS" starttime="20231127 14:18:47.290" endtime="20231127 14:18:47.305"/>
</kw>
<if>
<branch type="IF" condition="&quot;${country}&quot; == ${country_name}">
<kw name="Click Element" library="AppiumLibrary">
<arg>${elem}</arg>
<doc>Click element identified by `locator`.</doc>
<status status="NOT RUN" starttime="20231127 14:18:47.306" endtime="20231127 14:18:47.306"/>
</kw>
<kw name="Evaluate" library="BuiltIn">
<var>${i}</var>
<arg>${i}-1</arg>
<doc>Evaluates the given expression in Python and returns the result.</doc>
<status status="NOT RUN" starttime="20231127 14:18:47.306" endtime="20231127 14:18:47.306"/>
</kw>
<break>
<status status="NOT RUN" starttime="20231127 14:18:47.306" endtime="20231127 14:18:47.306"/>
</break>
<status status="NOT RUN" starttime="20231127 14:18:47.305" endtime="20231127 14:18:47.306"/>
</branch>
<status status="PASS" starttime="20231127 14:18:47.305" endtime="20231127 14:18:47.306"/>
</if>
<status status="PASS" starttime="20231127 14:18:47.290" endtime="20231127 14:18:47.306"/>
</iter>
<iter>
<var name="${elem}">&lt;appium.webdriver.webelement.WebElement (session="8e9eb9a7-8153-42c5-a373-cd357901f88c", element="c5edff84-7af8-4fda-8fcf-001eeedbead5")&gt;</var>
<kw name="Get Element Attribute" library="AppiumLibrary">
<var>${country}</var>
<arg>${elem}</arg>
<arg>text</arg>
<doc>Get element attribute using given attribute: name, value,...</doc>
<msg timestamp="20231127 14:18:47.317" level="INFO">Element '&lt;appium.webdriver.webelement.WebElement (session="8e9eb9a7-8153-42c5-a373-cd357901f88c", element="c5edff84-7af8-4fda-8fcf-001eeedbead5")&gt;' attribute 'text' value 'Burkina Faso' </msg>
<msg timestamp="20231127 14:18:47.317" level="INFO">${country} = Burkina Faso</msg>
<status status="PASS" starttime="20231127 14:18:47.306" endtime="20231127 14:18:47.317"/>
</kw>
<if>
<branch type="IF" condition="&quot;${country}&quot; == ${country_name}">
<kw name="Click Element" library="AppiumLibrary">
<arg>${elem}</arg>
<doc>Click element identified by `locator`.</doc>
<status status="NOT RUN" starttime="20231127 14:18:47.318" endtime="20231127 14:18:47.318"/>
</kw>
<kw name="Evaluate" library="BuiltIn">
<var>${i}</var>
<arg>${i}-1</arg>
<doc>Evaluates the given expression in Python and returns the result.</doc>
<status status="NOT RUN" starttime="20231127 14:18:47.318" endtime="20231127 14:18:47.318"/>
</kw>
<break>
<status status="NOT RUN" starttime="20231127 14:18:47.318" endtime="20231127 14:18:47.318"/>
</break>
<status status="NOT RUN" starttime="20231127 14:18:47.317" endtime="20231127 14:18:47.318"/>
</branch>
<status status="PASS" starttime="20231127 14:18:47.317" endtime="20231127 14:18:47.318"/>
</if>
<status status="PASS" starttime="20231127 14:18:47.306" endtime="20231127 14:18:47.318"/>
</iter>
<iter>
<var name="${elem}">&lt;appium.webdriver.webelement.WebElement (session="8e9eb9a7-8153-42c5-a373-cd357901f88c", element="5c7457b4-7443-428a-afe1-72ca177ce848")&gt;</var>
<kw name="Get Element Attribute" library="AppiumLibrary">
<var>${country}</var>
<arg>${elem}</arg>
<arg>text</arg>
<doc>Get element attribute using given attribute: name, value,...</doc>
<msg timestamp="20231127 14:18:47.331" level="INFO">Element '&lt;appium.webdriver.webelement.WebElement (session="8e9eb9a7-8153-42c5-a373-cd357901f88c", element="5c7457b4-7443-428a-afe1-72ca177ce848")&gt;' attribute 'text' value 'Burundi' </msg>
<msg timestamp="20231127 14:18:47.331" level="INFO">${country} = Burundi</msg>
<status status="PASS" starttime="20231127 14:18:47.318" endtime="20231127 14:18:47.331"/>
</kw>
<if>
<branch type="IF" condition="&quot;${country}&quot; == ${country_name}">
<kw name="Click Element" library="AppiumLibrary">
<arg>${elem}</arg>
<doc>Click element identified by `locator`.</doc>
<status status="NOT RUN" starttime="20231127 14:18:47.331" endtime="20231127 14:18:47.331"/>
</kw>
<kw name="Evaluate" library="BuiltIn">
<var>${i}</var>
<arg>${i}-1</arg>
<doc>Evaluates the given expression in Python and returns the result.</doc>
<status status="NOT RUN" starttime="20231127 14:18:47.331" endtime="20231127 14:18:47.331"/>
</kw>
<break>
<status status="NOT RUN" starttime="20231127 14:18:47.331" endtime="20231127 14:18:47.331"/>
</break>
<status status="NOT RUN" starttime="20231127 14:18:47.331" endtime="20231127 14:18:47.331"/>
</branch>
<status status="PASS" starttime="20231127 14:18:47.331" endtime="20231127 14:18:47.331"/>
</if>
<status status="PASS" starttime="20231127 14:18:47.318" endtime="20231127 14:18:47.331"/>
</iter>
<status status="PASS" starttime="20231127 14:18:47.152" endtime="20231127 14:18:47.331"/>
</for>
<kw name="Swipe" library="AppiumLibrary">
<arg>789</arg>
<arg>2088</arg>
<arg>178</arg>
<arg>595</arg>
<arg>500</arg>
<doc>Swipe from one point to another point, for an optional duration.</doc>
<status status="PASS" starttime="20231127 14:18:47.331" endtime="20231127 14:18:49.406"/>
</kw>
<status status="PASS" starttime="20231127 14:18:46.280" endtime="20231127 14:18:49.406"/>
</iter>
<iter>
<kw name="Get Webelements" library="AppiumLibrary">
<var>${LIST_ELEMENTS}</var>
<arg>${country_items}</arg>
<doc>Returns list of [http://selenium-python.readthedocs.io/api.html#module-selenium.webdriver.remote.webelement|WebElement] objects matching ``locator``.</doc>
<msg timestamp="20231127 14:18:50.293" level="INFO">xpath criteria: //android.widget.TextView</msg>
<msg timestamp="20231127 14:18:50.294" level="INFO">${LIST_ELEMENTS} = [&lt;appium.webdriver.webelement.WebElement (session="8e9eb9a7-8153-42c5-a373-cd357901f88c", element="69a52db6-2717-4a13-97bc-42ef884e2057")&gt;, &lt;appium.webdriver.webelement.WebElement (session="8e9eb9a7-8...</msg>
<status status="PASS" starttime="20231127 14:18:49.406" endtime="20231127 14:18:50.294"/>
</kw>
<kw name="Get Length" library="BuiltIn">
<var>${LIST_LENGTH}</var>
<arg>${LIST_ELEMENTS}</arg>
<doc>Returns and logs the length of the given item as an integer.</doc>
<msg timestamp="20231127 14:18:50.294" level="INFO">Length is 10</msg>
<msg timestamp="20231127 14:18:50.294" level="INFO">${LIST_LENGTH} = 10</msg>
<status status="PASS" starttime="20231127 14:18:50.294" endtime="20231127 14:18:50.294"/>
</kw>
<for flavor="IN">
<var>${elem}</var>
<value>@{LIST_ELEMENTS}</value>
<iter>
<var name="${elem}">&lt;appium.webdriver.webelement.WebElement (session="8e9eb9a7-8153-42c5-a373-cd357901f88c", element="69a52db6-2717-4a13-97bc-42ef884e2057")&gt;</var>
<kw name="Get Element Attribute" library="AppiumLibrary">
<var>${country}</var>
<arg>${elem}</arg>
<arg>text</arg>
<doc>Get element attribute using given attribute: name, value,...</doc>
<msg timestamp="20231127 14:18:50.339" level="INFO">Element '&lt;appium.webdriver.webelement.WebElement (session="8e9eb9a7-8153-42c5-a373-cd357901f88c", element="69a52db6-2717-4a13-97bc-42ef884e2057")&gt;' attribute 'text' value 'Burundi' </msg>
<msg timestamp="20231127 14:18:50.339" level="INFO">${country} = Burundi</msg>
<status status="PASS" starttime="20231127 14:18:50.294" endtime="20231127 14:18:50.339"/>
</kw>
<if>
<branch type="IF" condition="&quot;${country}&quot; == ${country_name}">
<kw name="Click Element" library="AppiumLibrary">
<arg>${elem}</arg>
<doc>Click element identified by `locator`.</doc>
<status status="NOT RUN" starttime="20231127 14:18:50.340" endtime="20231127 14:18:50.340"/>
</kw>
<kw name="Evaluate" library="BuiltIn">
<var>${i}</var>
<arg>${i}-1</arg>
<doc>Evaluates the given expression in Python and returns the result.</doc>
<status status="NOT RUN" starttime="20231127 14:18:50.340" endtime="20231127 14:18:50.340"/>
</kw>
<break>
<status status="NOT RUN" starttime="20231127 14:18:50.340" endtime="20231127 14:18:50.340"/>
</break>
<status status="NOT RUN" starttime="20231127 14:18:50.339" endtime="20231127 14:18:50.340"/>
</branch>
<status status="PASS" starttime="20231127 14:18:50.339" endtime="20231127 14:18:50.340"/>
</if>
<status status="PASS" starttime="20231127 14:18:50.294" endtime="20231127 14:18:50.340"/>
</iter>
<iter>
<var name="${elem}">&lt;appium.webdriver.webelement.WebElement (session="8e9eb9a7-8153-42c5-a373-cd357901f88c", element="a3a06d81-9297-4287-9994-d808dc50ad73")&gt;</var>
<kw name="Get Element Attribute" library="AppiumLibrary">
<var>${country}</var>
<arg>${elem}</arg>
<arg>text</arg>
<doc>Get element attribute using given attribute: name, value,...</doc>
<msg timestamp="20231127 14:18:50.357" level="INFO">Element '&lt;appium.webdriver.webelement.WebElement (session="8e9eb9a7-8153-42c5-a373-cd357901f88c", element="a3a06d81-9297-4287-9994-d808dc50ad73")&gt;' attribute 'text' value 'Cambodia' </msg>
[...]
<msg timestamp="20231127 14:21:03.261" level="INFO">${shoe} = $110.0</msg>
<status status="PASS" starttime="20231127 14:21:03.250" endtime="20231127 14:21:03.261"/>
</kw>
<if>
<branch type="IF" condition="&quot;${shoe}&quot; == ${Shoe_name}">
<kw name="Sleep" library="BuiltIn">
<arg>4s</arg>
<doc>Pauses the test executed for the given time.</doc>
<status status="NOT RUN" starttime="20231127 14:21:03.261" endtime="20231127 14:21:03.261"/>
</kw>
<kw name="Click Element" library="AppiumLibrary">
<arg>${add_to_cart_shoe}</arg>
<doc>Click element identified by `locator`.</doc>
<status status="NOT RUN" starttime="20231127 14:21:03.261" endtime="20231127 14:21:03.261"/>
</kw>
<kw name="Evaluate" library="BuiltIn">
<var>${i}</var>
<arg>${i}-1</arg>
<doc>Evaluates the given expression in Python and returns the result.</doc>
<status status="NOT RUN" starttime="20231127 14:21:03.261" endtime="20231127 14:21:03.261"/>
</kw>
<break>
<status status="NOT RUN" starttime="20231127 14:21:03.261" endtime="20231127 14:21:03.261"/>
</break>
<status status="NOT RUN" starttime="20231127 14:21:03.261" endtime="20231127 14:21:03.261"/>
</branch>
<status status="PASS" starttime="20231127 14:21:03.261" endtime="20231127 14:21:03.261"/>
</if>
<status status="PASS" starttime="20231127 14:21:03.250" endtime="20231127 14:21:03.261"/>
</iter>
<iter>
<var name="${elem}">&lt;appium.webdriver.webelement.WebElement (session="c8e1aa69-6726-4a87-a235-5e31dd64b8e5", element="2b95394d-c8c1-45bf-8d74-55ae00622c72")&gt;</var>
<kw name="Get Element Attribute" library="AppiumLibrary">
<var>${shoe}</var>
<arg>${elem}</arg>
<arg>text</arg>
<doc>Get element attribute using given attribute: name, value,...</doc>
<msg timestamp="20231127 14:21:03.273" level="INFO">Element '&lt;appium.webdriver.webelement.WebElement (session="c8e1aa69-6726-4a87-a235-5e31dd64b8e5", element="2b95394d-c8c1-45bf-8d74-55ae00622c72")&gt;' attribute 'text' value 'ADD TO CART' </msg>
<msg timestamp="20231127 14:21:03.273" level="INFO">${shoe} = ADD TO CART</msg>
<status status="PASS" starttime="20231127 14:21:03.262" endtime="20231127 14:21:03.273"/>
</kw>
<if>
<branch type="IF" condition="&quot;${shoe}&quot; == ${Shoe_name}">
<kw name="Sleep" library="BuiltIn">
<arg>4s</arg>
<doc>Pauses the test executed for the given time.</doc>
<status status="NOT RUN" starttime="20231127 14:21:03.273" endtime="20231127 14:21:03.273"/>
</kw>
<kw name="Click Element" library="AppiumLibrary">
<arg>${add_to_cart_shoe}</arg>
<doc>Click element identified by `locator`.</doc>
<status status="NOT RUN" starttime="20231127 14:21:03.273" endtime="20231127 14:21:03.274"/>
</kw>
<kw name="Evaluate" library="BuiltIn">
<var>${i}</var>
<arg>${i}-1</arg>
<doc>Evaluates the given expression in Python and returns the result.</doc>
<status status="NOT RUN" starttime="20231127 14:21:03.274" endtime="20231127 14:21:03.274"/>
</kw>
<break>
<status status="NOT RUN" starttime="20231127 14:21:03.274" endtime="20231127 14:21:03.274"/>
</break>
<status status="NOT RUN" starttime="20231127 14:21:03.273" endtime="20231127 14:21:03.274"/>
</branch>
<status status="PASS" starttime="20231127 14:21:03.273" endtime="20231127 14:21:03.274"/>
</if>
<status status="PASS" starttime="20231127 14:21:03.261" endtime="20231127 14:21:03.274"/>
</iter>
<status status="PASS" starttime="20231127 14:21:03.192" endtime="20231127 14:21:03.274"/>
</for>
<kw name="Swipe" library="AppiumLibrary">
<arg>1052</arg>
<arg>1063</arg>
<arg>28</arg>
<arg>256</arg>
<arg>500</arg>
<doc>Swipe from one point to another point, for an optional duration.</doc>
<status status="PASS" starttime="20231127 14:21:03.274" endtime="20231127 14:21:05.319"/>
</kw>
<status status="PASS" starttime="20231127 14:20:59.058" endtime="20231127 14:21:05.319"/>
</iter>
<iter>
<kw name="Sleep" library="BuiltIn">
<arg>4s</arg>
<doc>Pauses the test executed for the given time.</doc>
<msg timestamp="20231127 14:21:09.320" level="INFO">Slept 4 seconds</msg>
<status status="PASS" starttime="20231127 14:21:05.319" endtime="20231127 14:21:09.320"/>
</kw>
<kw name="Get Webelements" library="AppiumLibrary">
<var>${LIST_ELEMENTS}</var>
<arg>${shoe_items_list}</arg>
<doc>Returns list of [http://selenium-python.readthedocs.io/api.html#module-selenium.webdriver.remote.webelement|WebElement] objects matching ``locator``.</doc>
<msg timestamp="20231127 14:21:09.422" level="INFO">xpath criteria: //android.widget.TextView</msg>
<msg timestamp="20231127 14:21:09.423" level="INFO">${LIST_ELEMENTS} = [&lt;appium.webdriver.webelement.WebElement (session="c8e1aa69-6726-4a87-a235-5e31dd64b8e5", element="a8933eed-97f9-4e40-9510-c87e6a2de51b")&gt;, &lt;appium.webdriver.webelement.WebElement (session="c8e1aa69-6...</msg>
<status status="PASS" starttime="20231127 14:21:09.320" endtime="20231127 14:21:09.423"/>
</kw>
<for flavor="IN">
<var>${elem}</var>
<value>@{LIST_ELEMENTS}</value>
<iter>
<var name="${elem}">&lt;appium.webdriver.webelement.WebElement (session="c8e1aa69-6726-4a87-a235-5e31dd64b8e5", element="a8933eed-97f9-4e40-9510-c87e6a2de51b")&gt;</var>
<kw name="Get Element Attribute" library="AppiumLibrary">
<var>${shoe}</var>
<arg>${elem}</arg>
<arg>text</arg>
<doc>Get element attribute using given attribute: name, value,...</doc>
<msg timestamp="20231127 14:21:09.435" level="INFO">Element '&lt;appium.webdriver.webelement.WebElement (session="c8e1aa69-6726-4a87-a235-5e31dd64b8e5", element="a8933eed-97f9-4e40-9510-c87e6a2de51b")&gt;' attribute 'text' value 'Products' </msg>
<msg timestamp="20231127 14:21:09.435" level="INFO">${shoe} = Products</msg>
<status status="PASS" starttime="20231127 14:21:09.423" endtime="20231127 14:21:09.435"/>
</kw>
<if>
<branch type="IF" condition="&quot;${shoe}&quot; == ${Shoe_name}">
<kw name="Sleep" library="BuiltIn">
<arg>4s</arg>
<doc>Pauses the test executed for the given time.</doc>
<status status="NOT RUN" starttime="20231127 14:21:09.435" endtime="20231127 14:21:09.435"/>
</kw>
<kw name="Click Element" library="AppiumLibrary">
<arg>${add_to_cart_shoe}</arg>
<doc>Click element identified by `locator`.</doc>
<status status="NOT RUN" starttime="20231127 14:21:09.435" endtime="20231127 14:21:09.435"/>
</kw>
<kw name="Evaluate" library="BuiltIn">
<var>${i}</var>
<arg>${i}-1</arg>
<doc>Evaluates the given expression in Python and returns the result.</doc>
<status status="NOT RUN" starttime="20231127 14:21:09.435" endtime="20231127 14:21:09.435"/>
</kw>
<break>
<status status="NOT RUN" starttime="20231127 14:21:09.435" endtime="20231127 14:21:09.435"/>
</break>
<status status="NOT RUN" starttime="20231127 14:21:09.435" endtime="20231127 14:21:09.435"/>
</branch>
<status status="PASS" starttime="20231127 14:21:09.435" endtime="20231127 14:21:09.435"/>
</if>
<status status="PASS" starttime="20231127 14:21:09.423" endtime="20231127 14:21:09.435"/>
</iter>
<iter>
<var name="${elem}">&lt;appium.webdriver.webelement.WebElement (session="c8e1aa69-6726-4a87-a235-5e31dd64b8e5", element="36cd18db-7d75-4907-8e04-80f1a981d375")&gt;</var>
<kw name="Get Element Attribute" library="AppiumLibrary">
<var>${shoe}</var>
<arg>${elem}</arg>
<arg>text</arg>
<doc>Get element attribute using given attribute: name, value,...</doc>
<msg timestamp="20231127 14:21:09.446" level="INFO">Element '&lt;appium.webdriver.webelement.WebElement (session="c8e1aa69-6726-4a87-a235-5e31dd64b8e5", element="36cd18db-7d75-4907-8e04-80f1a981d375")&gt;' attribute 'text' value 'Nike Blazer Mid '77' </msg>
<msg timestamp="20231127 14:21:09.446" level="INFO">${shoe} = Nike Blazer Mid '77</msg>
<status status="PASS" starttime="20231127 14:21:09.435" endtime="20231127 14:21:09.446"/>
</kw>
<if>
<branch type="IF" condition="&quot;${shoe}&quot; == ${Shoe_name}">
<kw name="Sleep" library="BuiltIn">
<arg>4s</arg>
<doc>Pauses the test executed for the given time.</doc>
<status status="NOT RUN" starttime="20231127 14:21:09.446" endtime="20231127 14:21:09.446"/>
</kw>
<kw name="Click Element" library="AppiumLibrary">
<arg>${add_to_cart_shoe}</arg>
<doc>Click element identified by `locator`.</doc>
<status status="NOT RUN" starttime="20231127 14:21:09.446" endtime="20231127 14:21:09.446"/>
</kw>
<kw name="Evaluate" library="BuiltIn">
<var>${i}</var>
<arg>${i}-1</arg>
<doc>Evaluates the given expression in Python and returns the result.</doc>
<status status="NOT RUN" starttime="20231127 14:21:09.446" endtime="20231127 14:21:09.446"/>
</kw>
<break>
<status status="NOT RUN" starttime="20231127 14:21:09.446" endtime="20231127 14:21:09.446"/>
</break>
<status status="NOT RUN" starttime="20231127 14:21:09.446" endtime="20231127 14:21:09.446"/>
</branch>
<status status="PASS" starttime="20231127 14:21:09.446" endtime="20231127 14:21:09.446"/>
</if>
<status status="PASS" starttime="20231127 14:21:09.435" endtime="20231127 14:21:09.446"/>
</iter>
<iter>
<var name="${elem}">&lt;appium.webdriver.webelement.WebElement (session="c8e1aa69-6726-4a87-a235-5e31dd64b8e5", element="279f804b-71fa-4693-857b-d3b44a318714")&gt;</var>
<kw name="Get Element Attribute" library="AppiumLibrary">
<var>${shoe}</var>
<arg>${elem}</arg>
<arg>text</arg>
<doc>Get element attribute using given attribute: name, value,...</doc>
<msg timestamp="20231127 14:21:09.458" level="INFO">Element '&lt;appium.webdriver.webelement.WebElement (session="c8e1aa69-6726-4a87-a235-5e31dd64b8e5", element="279f804b-71fa-4693-857b-d3b44a318714")&gt;' attribute 'text' value '$110.0' </msg>
<msg timestamp="20231127 14:21:09.458" level="INFO">${shoe} = $110.0</msg>
<status status="PASS" starttime="20231127 14:21:09.448" endtime="20231127 14:21:09.458"/>
</kw>
<if>
<branch type="IF" condition="&quot;${shoe}&quot; == ${Shoe_name}">
<kw name="Sleep" library="BuiltIn">
<arg>4s</arg>
<doc>Pauses the test executed for the given time.</doc>
<status status="NOT RUN" starttime="20231127 14:21:09.459" endtime="20231127 14:21:09.459"/>
</kw>
<kw name="Click Element" library="AppiumLibrary">
<arg>${add_to_cart_shoe}</arg>
<doc>Click element identified by `locator`.</doc>
<status status="NOT RUN" starttime="20231127 14:21:09.459" endtime="20231127 14:21:09.459"/>
</kw>
<kw name="Evaluate" library="BuiltIn">
<var>${i}</var>
<arg>${i}-1</arg>
<doc>Evaluates the given expression in Python and returns the result.</doc>
<status status="NOT RUN" starttime="20231127 14:21:09.459" endtime="20231127 14:21:09.459"/>
</kw>
<break>
<status status="NOT RUN" starttime="20231127 14:21:09.459" endtime="20231127 14:21:09.459"/>
</break>
<status status="NOT RUN" starttime="20231127 14:21:09.458" endtime="20231127 14:21:09.459"/>
</branch>
<status status="PASS" starttime="20231127 14:21:09.458" endtime="20231127 14:21:09.459"/>
</if>
<status status="PASS" starttime="20231127 14:21:09.446" endtime="20231127 14:21:09.459"/>
</iter>
<iter>
<var name="${elem}">&lt;appium.webdriver.webelement.WebElement (session="c8e1aa69-6726-4a87-a235-5e31dd64b8e5", element="c6b1c177-f86b-4c87-aae3-211f6115d2db")&gt;</var>
<kw name="Get Element Attribute" library="AppiumLibrary">
<var>${shoe}</var>
<arg>${elem}</arg>
<arg>text</arg>
<doc>Get element attribute using given attribute: name, value,...</doc>
<msg timestamp="20231127 14:21:09.470" level="INFO">Element '&lt;appium.webdriver.webelement.WebElement (session="c8e1aa69-6726-4a87-a235-5e31dd64b8e5", element="c6b1c177-f86b-4c87-aae3-211f6115d2db")&gt;' attribute 'text' value 'ADD TO CART' </msg>
<msg timestamp="20231127 14:21:09.470" level="INFO">${shoe} = ADD TO CART</msg>
<status status="PASS" starttime="20231127 14:21:09.459" endtime="20231127 14:21:09.470"/>
</kw>
<if>
<branch type="IF" condition="&quot;${shoe}&quot; == ${Shoe_name}">
<kw name="Sleep" library="BuiltIn">
<arg>4s</arg>
<doc>Pauses the test executed for the given time.</doc>
<status status="NOT RUN" starttime="20231127 14:21:09.470" endtime="20231127 14:21:09.470"/>
</kw>
<kw name="Click Element" library="AppiumLibrary">
<arg>${add_to_cart_shoe}</arg>
<doc>Click element identified by `locator`.</doc>
<status status="NOT RUN" starttime="20231127 14:21:09.470" endtime="20231127 14:21:09.470"/>
</kw>
<kw name="Evaluate" library="BuiltIn">
<var>${i}</var>
<arg>${i}-1</arg>
<doc>Evaluates the given expression in Python and returns the result.</doc>
<status status="NOT RUN" starttime="20231127 14:21:09.470" endtime="20231127 14:21:09.470"/>
</kw>
<break>
<status status="NOT RUN" starttime="20231127 14:21:09.470" endtime="20231127 14:21:09.470"/>
</break>
<status status="NOT RUN" starttime="20231127 14:21:09.470" endtime="20231127 14:21:09.470"/>
</branch>
<status status="PASS" starttime="20231127 14:21:09.470" endtime="20231127 14:21:09.470"/>
</if>
<status status="PASS" starttime="20231127 14:21:09.459" endtime="20231127 14:21:09.470"/>
</iter>
<iter>
<var name="${elem}">&lt;appium.webdriver.webelement.WebElement (session="c8e1aa69-6726-4a87-a235-5e31dd64b8e5", element="d9e49422-48d9-47e4-a4e7-aff996855119")&gt;</var>
<kw name="Get Element Attribute" library="AppiumLibrary">
<var>${shoe}</var>
<arg>${elem}</arg>
<arg>text</arg>
<doc>Get element attribute using given attribute: name, value,...</doc>
<msg timestamp="20231127 14:21:09.481" level="INFO">Element '&lt;appium.webdriver.webelement.WebElement (session="c8e1aa69-6726-4a87-a235-5e31dd64b8e5", element="d9e49422-48d9-47e4-a4e7-aff996855119")&gt;' attribute 'text' value 'Converse All Star' </msg>
<msg timestamp="20231127 14:21:09.481" level="INFO">${shoe} = Converse All Star</msg>
<status status="PASS" starttime="20231127 14:21:09.470" endtime="20231127 14:21:09.481"/>
</kw>
<if>
<branch type="IF" condition="&quot;${shoe}&quot; == ${Shoe_name}">
<kw name="Sleep" library="BuiltIn">
<arg>4s</arg>
<doc>Pauses the test executed for the given time.</doc>
<msg timestamp="20231127 14:21:13.483" level="INFO">Slept 4 seconds</msg>
<status status="PASS" starttime="20231127 14:21:09.482" endtime="20231127 14:21:13.483"/>
</kw>
<kw name="Click Element" library="AppiumLibrary">
<arg>${add_to_cart_shoe}</arg>
<doc>Click element identified by `locator`.</doc>
<msg timestamp="20231127 14:21:13.484" level="INFO">Clicking element 'xpath=//android.widget.TextView[@text='Converse All Star']/..//android.widget.TextView[@text='ADD TO CART']'.</msg>
<msg timestamp="20231127 14:21:13.614" level="INFO">xpath criteria: //android.widget.TextView[@text='Converse All Star']/..//android.widget.TextView[@text='ADD TO CART']</msg>
<status status="PASS" starttime="20231127 14:21:13.483" endtime="20231127 14:21:13.614"/>
</kw>
<kw name="Evaluate" library="BuiltIn">
<var>${i}</var>
<arg>${i}-1</arg>
<doc>Evaluates the given expression in Python and returns the result.</doc>
<msg timestamp="20231127 14:21:13.614" level="INFO">${i} = 0</msg>
<status status="PASS" starttime="20231127 14:21:13.614" endtime="20231127 14:21:13.614"/>
</kw>
<break>
<status status="PASS" starttime="20231127 14:21:13.614" endtime="20231127 14:21:13.615"/>
</break>
<status status="PASS" starttime="20231127 14:21:09.481" endtime="20231127 14:21:13.615"/>
</branch>
<status status="PASS" starttime="20231127 14:21:09.481" endtime="20231127 14:21:13.615"/>
</if>
<status status="PASS" starttime="20231127 14:21:09.470" endtime="20231127 14:21:13.615"/>
</iter>
<status status="PASS" starttime="20231127 14:21:09.423" endtime="20231127 14:21:13.615"/>
</for>
<kw name="Swipe" library="AppiumLibrary">
<arg>1052</arg>
<arg>1063</arg>
<arg>28</arg>
<arg>256</arg>
<arg>500</arg>
<doc>Swipe from one point to another point, for an optional duration.</doc>
<status status="PASS" starttime="20231127 14:21:13.615" endtime="20231127 14:21:15.545"/>
</kw>
<status status="PASS" starttime="20231127 14:21:05.319" endtime="20231127 14:21:15.545"/>
</iter>
<status status="PASS" starttime="20231127 14:20:52.806" endtime="20231127 14:21:15.545"/>
</while>
<status status="PASS" starttime="20231127 14:20:52.805" endtime="20231127 14:21:15.545"/>
</kw>
<kw name="Click on cart button" library="Gen_store_app_operations">
<kw name="Click Element" library="AppiumLibrary">
<arg>${cart_button}</arg>
<doc>Click element identified by `locator`.</doc>
<msg timestamp="20231127 14:21:15.547" level="INFO">Clicking element 'id=com.androidsample.generalstore:id/appbar_btn_cart'.</msg>
<msg timestamp="20231127 14:21:16.305" level="INFO">criteria is com.androidsample.generalstore:id/appbar_btn_cart</msg>
<status status="PASS" starttime="20231127 14:21:15.546" endtime="20231127 14:21:16.305"/>
</kw>
<status status="PASS" starttime="20231127 14:21:15.545" endtime="20231127 14:21:16.305"/>
</kw>
<kw name="Click on the email subscribe check box" library="Gen_store_app_operations">
<kw name="Sleep" library="BuiltIn">
<arg>5s</arg>
<doc>Pauses the test executed for the given time.</doc>
<msg timestamp="20231127 14:21:21.306" level="INFO">Slept 5 seconds</msg>
<status status="PASS" starttime="20231127 14:21:16.305" endtime="20231127 14:21:21.306"/>
</kw>
<kw name="Click Element" library="AppiumLibrary">
<arg>${email_subscribe_check_box}</arg>
<doc>Click element identified by `locator`.</doc>
<msg timestamp="20231127 14:21:21.307" level="INFO">Clicking element 'xpath=//android.widget.CheckBox[@text='Send me e-mails on discounts related to selected products in future']'.</msg>
<msg timestamp="20231127 14:21:21.406" level="INFO">xpath criteria: //android.widget.CheckBox[@text='Send me e-mails on discounts related to selected products in future']</msg>
<status status="PASS" starttime="20231127 14:21:21.306" endtime="20231127 14:21:21.406"/>
</kw>
<status status="PASS" starttime="20231127 14:21:16.305" endtime="20231127 14:21:21.406"/>
</kw>
<kw name="Click on terms &amp; conditions field" library="Gen_store_app_operations">
<kw name="Long Press" library="AppiumLibrary">
<arg>${terms_conditions}</arg>
<doc>*DEPRECATED!!* Since selenium v4, use other keywords.</doc>
<msg timestamp="20231127 14:21:21.407" level="WARN">Keyword 'AppiumLibrary.Long Press' is deprecated. Since selenium v4, use other keywords.</msg>
<msg timestamp="20231127 14:21:24.496" level="INFO">criteria is com.androidsample.generalstore:id/termsButton</msg>
<status status="PASS" starttime="20231127 14:21:21.407" endtime="20231127 14:21:24.496"/>
</kw>
<kw name="Sleep" library="BuiltIn">
<arg>3s</arg>
<doc>Pauses the test executed for the given time.</doc>
<msg timestamp="20231127 14:21:27.496" level="INFO">Slept 3 seconds</msg>
<status status="PASS" starttime="20231127 14:21:24.496" endtime="20231127 14:21:27.496"/>
</kw>
<kw name="Click Element" library="AppiumLibrary">
<arg>${close_terms_conditions}</arg>
<doc>Click element identified by `locator`.</doc>
<msg timestamp="20231127 14:21:27.497" level="INFO">Clicking element 'id=android:id/button1'.</msg>
<msg timestamp="20231127 14:21:27.528" level="INFO">criteria is android:id/button1</msg>
<status status="PASS" starttime="20231127 14:21:27.496" endtime="20231127 14:21:27.528"/>
</kw>
<status status="PASS" starttime="20231127 14:21:21.406" endtime="20231127 14:21:27.528"/>
</kw>
<kw name="Closing the general store application" library="common_operations" type="TEARDOWN">
<kw name="Close Application" library="AppiumLibrary">
<doc>Closes the current application and also close webdriver session.</doc>
<status status="PASS" starttime="20231127 14:21:27.528" endtime="20231127 14:21:27.761"/>
</kw>
<status status="PASS" starttime="20231127 14:21:27.528" endtime="20231127 14:21:27.761"/>
</kw>
<status status="PASS" starttime="20231127 14:19:48.414" endtime="20231127 14:21:27.764"/>
</test>
<status status="PASS" starttime="20231127 14:18:13.322" endtime="20231127 14:21:27.767"/>
</suite>
<statistics>
<total>
<stat pass="2" fail="0" skip="0">All Tests</stat>
</total>
<tag>
</tag>
<suite>
<stat pass="2" fail="0" skip="0" id="s1" name="Shoe Validations">Shoe Validations</stat>
</suite>
</statistics>
<errors>
<msg timestamp="20231127 14:21:21.407" level="WARN">Keyword 'AppiumLibrary.Long Press' is deprecated. Since selenium v4, use other keywords.</msg>
</errors>
</robot>
