<?xml version="1.0" encoding="UTF-8"?>
<robot generator="Robot 6.1.1 (Python 3.12.0 on win32)" generated="20231124 13:19:58.222" rpa="false" schemaversion="4">
<errors>
<msg timestamp="20231124 13:19:58.253" level="ERROR">Importing library 'robot.libraries.BuiltIn' failed: SyntaxError: invalid syntax (BuiltIn.py, line 1389)
Traceback (most recent call last):
  None
PYTHONPATH:
  C:\Users\USER\AppData\Local\Programs\Python\Python312\Scripts\robot.exe
  C:\Users\USER\AppData\Local\Programs\Python\Python312\python312.zip
  C:\Users\USER\AppData\Local\Programs\Python\Python312\DLLs
  C:\Users\USER\AppData\Local\Programs\Python\Python312\Lib
  C:\Users\USER\AppData\Local\Programs\Python\Python312
  C:\Users\USER\AppData\Roaming\Python\Python312\site-packages
  C:\Users\USER\AppData\Local\Programs\Python\Python312\Lib\site-packages
  C:\Users\USER\AppData\Local\Programs\Python\Python312\Lib\site-packages\win32
  C:\Users\USER\AppData\Local\Programs\Python\Python312\Lib\site-packages\win32\lib
  C:\Users\USER\AppData\Local\Programs\Python\Python312\Lib\site-packages\Pythonwin

Try --help for usage information.</msg>
</errors>
</robot>
